mode: atomic
github.com/yi-nology/git-sync-service/internal/dao/dao_helper.go:10.79,12.61 2 0
github.com/yi-nology/git-sync-service/internal/dao/dao_helper.go:12.61,14.3 1 0
github.com/yi-nology/git-sync-service/internal/dao/dao_helper.go:15.2,16.19 2 0
github.com/yi-nology/git-sync-service/internal/dao/dao_helper.go:20.56,23.44 3 0
github.com/yi-nology/git-sync-service/internal/dao/dao_helper.go:23.44,25.3 1 0
github.com/yi-nology/git-sync-service/internal/dao/dao_helper.go:26.2,26.16 1 0
github.com/yi-nology/git-sync-service/internal/dao/dao_helper.go:26.16,28.3 1 0
github.com/yi-nology/git-sync-service/internal/dao/dao_helper.go:29.2,29.21 1 0
github.com/yi-nology/git-sync-service/internal/dao/dao_helper.go:33.60,36.44 3 0
github.com/yi-nology/git-sync-service/internal/dao/dao_helper.go:36.44,38.3 1 0
github.com/yi-nology/git-sync-service/internal/dao/dao_helper.go:39.2,39.16 1 0
github.com/yi-nology/git-sync-service/internal/dao/dao_helper.go:39.16,41.3 1 0
github.com/yi-nology/git-sync-service/internal/dao/dao_helper.go:42.2,42.21 1 0
github.com/yi-nology/git-sync-service/internal/dao/repo_dao.go:17.54,18.16 1 5
github.com/yi-nology/git-sync-service/internal/dao/repo_dao.go:18.16,20.3 1 2
github.com/yi-nology/git-sync-service/internal/dao/repo_dao.go:21.2,21.17 1 5
github.com/yi-nology/git-sync-service/internal/dao/repo_dao.go:21.17,23.3 1 1
github.com/yi-nology/git-sync-service/internal/dao/repo_dao.go:24.2,24.16 1 5
github.com/yi-nology/git-sync-service/internal/dao/repo_dao.go:24.16,26.3 1 1
github.com/yi-nology/git-sync-service/internal/dao/repo_dao.go:27.2,27.49 1 5
github.com/yi-nology/git-sync-service/internal/dao/repo_dao.go:35.48,37.16 2 0
github.com/yi-nology/git-sync-service/internal/dao/repo_dao.go:37.16,39.3 1 0
github.com/yi-nology/git-sync-service/internal/dao/repo_dao.go:40.2,40.38 1 0
github.com/yi-nology/git-sync-service/internal/dao/repo_dao.go:43.74,47.2 3 0
github.com/yi-nology/git-sync-service/internal/dao/repo_dao.go:49.62,52.44 3 0
github.com/yi-nology/git-sync-service/internal/dao/repo_dao.go:52.44,54.3 1 0
github.com/yi-nology/git-sync-service/internal/dao/repo_dao.go:55.2,55.16 1 0
github.com/yi-nology/git-sync-service/internal/dao/repo_dao.go:55.16,57.3 1 0
github.com/yi-nology/git-sync-service/internal/dao/repo_dao.go:59.2,59.28 1 0
github.com/yi-nology/git-sync-service/internal/dao/repo_dao.go:59.28,60.67 1 0
github.com/yi-nology/git-sync-service/internal/dao/repo_dao.go:60.67,62.4 1 0
github.com/yi-nology/git-sync-service/internal/dao/repo_dao.go:65.2,65.30 1 0
github.com/yi-nology/git-sync-service/internal/dao/repo_dao.go:65.30,66.69 1 0
github.com/yi-nology/git-sync-service/internal/dao/repo_dao.go:66.69,68.4 1 0
github.com/yi-nology/git-sync-service/internal/dao/repo_dao.go:70.2,70.19 1 0
github.com/yi-nology/git-sync-service/internal/dao/repo_dao.go:73.50,74.28 1 0
github.com/yi-nology/git-sync-service/internal/dao/repo_dao.go:74.28,76.17 2 0
github.com/yi-nology/git-sync-service/internal/dao/repo_dao.go:76.17,78.4 1 0
github.com/yi-nology/git-sync-service/internal/dao/repo_dao.go:79.3,79.31 1 0
github.com/yi-nology/git-sync-service/internal/dao/repo_dao.go:81.2,81.30 1 0
github.com/yi-nology/git-sync-service/internal/dao/repo_dao.go:81.30,83.17 2 0
github.com/yi-nology/git-sync-service/internal/dao/repo_dao.go:83.17,85.4 1 0
github.com/yi-nology/git-sync-service/internal/dao/repo_dao.go:86.3,86.33 1 0
github.com/yi-nology/git-sync-service/internal/dao/repo_dao.go:88.2,88.32 1 0
github.com/yi-nology/git-sync-service/internal/dao/repo_dao.go:91.50,92.28 1 0
github.com/yi-nology/git-sync-service/internal/dao/repo_dao.go:92.28,94.17 2 0
github.com/yi-nology/git-sync-service/internal/dao/repo_dao.go:94.17,96.4 1 0
github.com/yi-nology/git-sync-service/internal/dao/repo_dao.go:97.3,97.31 1 0
github.com/yi-nology/git-sync-service/internal/dao/repo_dao.go:99.2,99.30 1 0
github.com/yi-nology/git-sync-service/internal/dao/repo_dao.go:99.30,101.17 2 0
github.com/yi-nology/git-sync-service/internal/dao/repo_dao.go:101.17,103.4 1 0
github.com/yi-nology/git-sync-service/internal/dao/repo_dao.go:104.3,104.33 1 0
github.com/yi-nology/git-sync-service/internal/dao/repo_dao.go:106.2,106.30 1 0
github.com/yi-nology/git-sync-service/internal/dao/repo_dao.go:109.44,111.2 1 0
github.com/yi-nology/git-sync-service/internal/dao/sync_run_dao.go:14.45,16.2 1 0
github.com/yi-nology/git-sync-service/internal/dao/sync_run_dao.go:18.102,23.2 4 0
github.com/yi-nology/git-sync-service/internal/dao/sync_run_dao.go:25.55,27.2 1 0
github.com/yi-nology/git-sync-service/internal/dao/sync_run_dao.go:29.55,31.2 1 0
github.com/yi-nology/git-sync-service/internal/dao/sync_run_dao.go:33.44,35.2 1 0
github.com/yi-nology/git-sync-service/internal/dao/sync_run_dao.go:37.76,41.2 3 0
github.com/yi-nology/git-sync-service/internal/dao/sync_run_dao.go:43.79,47.2 3 0
github.com/yi-nology/git-sync-service/internal/dao/sync_run_dao.go:49.68,53.2 3 0
github.com/yi-nology/git-sync-service/internal/dao/sync_run_step_dao.go:14.53,16.2 1 0
github.com/yi-nology/git-sync-service/internal/dao/sync_run_step_dao.go:18.64,20.2 1 0
github.com/yi-nology/git-sync-service/internal/dao/sync_run_step_dao.go:22.64,24.2 1 0
github.com/yi-nology/git-sync-service/internal/dao/sync_run_step_dao.go:26.80,30.2 3 0
github.com/yi-nology/git-sync-service/internal/dao/sync_run_step_dao.go:32.83,36.2 3 0
github.com/yi-nology/git-sync-service/internal/dao/sync_task_dao.go:12.47,14.2 1 0
github.com/yi-nology/git-sync-service/internal/dao/sync_task_dao.go:16.104,21.2 4 0
github.com/yi-nology/git-sync-service/internal/dao/sync_task_dao.go:23.70,25.2 1 0
github.com/yi-nology/git-sync-service/internal/dao/sync_task_dao.go:27.67,31.2 3 0
github.com/yi-nology/git-sync-service/internal/dao/sync_task_dao.go:33.58,35.2 1 0
github.com/yi-nology/git-sync-service/internal/dao/sync_task_dao.go:37.58,39.2 1 0
github.com/yi-nology/git-sync-service/internal/dao/sync_task_dao.go:41.48,43.2 1 0
github.com/yi-nology/git-sync-service/internal/dao/sync_task_dao.go:45.82,49.2 3 0
github.com/yi-nology/git-sync-service/internal/dao/webhook_event_dao.go:15.55,17.2 1 0
github.com/yi-nology/git-sync-service/internal/dao/webhook_event_dao.go:19.86,22.44 3 0
github.com/yi-nology/git-sync-service/internal/dao/webhook_event_dao.go:22.44,24.3 1 0
github.com/yi-nology/git-sync-service/internal/dao/webhook_event_dao.go:25.2,25.20 1 0
github.com/yi-nology/git-sync-service/internal/dao/webhook_event_dao.go:28.112,33.2 4 0
github.com/yi-nology/git-sync-service/internal/dao/webhook_event_dao.go:35.67,37.2 1 0
github.com/yi-nology/git-sync-service/internal/dao/webhook_event_dao.go:39.67,41.2 1 0
github.com/yi-nology/git-sync-service/internal/dao/webhook_event_dao.go:43.74,45.2 1 0
github.com/yi-nology/git-sync-service/internal/dao/webhook_event_dao.go:47.102,50.19 3 0
github.com/yi-nology/git-sync-service/internal/dao/webhook_event_dao.go:50.19,52.3 1 0
github.com/yi-nology/git-sync-service/internal/dao/webhook_event_dao.go:53.2,54.20 2 0
github.com/yi-nology/git-sync-service/internal/dao/webhook_event_dao.go:57.84,61.2 3 0
github.com/yi-nology/git-sync-service/internal/dao/webhook_event_dao.go:63.73,67.2 3 0
github.com/yi-nology/git-sync-service/internal/dao/webhook_rule_dao.go:14.53,16.2 1 0
github.com/yi-nology/git-sync-service/internal/dao/webhook_rule_dao.go:18.86,22.2 3 0
github.com/yi-nology/git-sync-service/internal/dao/webhook_rule_dao.go:24.72,27.44 3 0
github.com/yi-nology/git-sync-service/internal/dao/webhook_rule_dao.go:27.44,29.3 1 0
github.com/yi-nology/git-sync-service/internal/dao/webhook_rule_dao.go:30.2,30.19 1 0
github.com/yi-nology/git-sync-service/internal/dao/webhook_rule_dao.go:33.64,35.2 1 0
github.com/yi-nology/git-sync-service/internal/dao/webhook_rule_dao.go:37.64,38.50 1 0
github.com/yi-nology/git-sync-service/internal/dao/webhook_rule_dao.go:38.50,39.81 1 0
github.com/yi-nology/git-sync-service/internal/dao/webhook_rule_dao.go:39.81,41.4 1 0
github.com/yi-nology/git-sync-service/internal/dao/webhook_rule_dao.go:42.3,42.29 1 0
github.com/yi-nology/git-sync-service/internal/dao/webhook_rule_dao.go:46.48,47.50 1 0
github.com/yi-nology/git-sync-service/internal/dao/webhook_rule_dao.go:47.50,48.92 1 0
github.com/yi-nology/git-sync-service/internal/dao/webhook_rule_dao.go:48.92,50.4 1 0
github.com/yi-nology/git-sync-service/internal/dao/webhook_rule_dao.go:51.3,51.51 1 0
github.com/yi-nology/git-sync-service/internal/dao/webhook_rule_dao.go:55.90,59.2 3 0
github.com/yi-nology/git-sync-service/sync/model/config.go:61.47,63.16 2 6
github.com/yi-nology/git-sync-service/sync/model/config.go:63.16,65.3 1 1
github.com/yi-nology/git-sync-service/sync/model/config.go:67.2,68.51 2 5
github.com/yi-nology/git-sync-service/sync/model/config.go:68.51,70.3 1 0
github.com/yi-nology/git-sync-service/sync/model/config.go:72.2,72.39 1 5
github.com/yi-nology/git-sync-service/sync/model/config.go:72.39,74.3 1 3
github.com/yi-nology/git-sync-service/sync/model/config.go:76.2,76.18 1 2
github.com/yi-nology/git-sync-service/sync/model/config.go:79.35,80.25 1 5
github.com/yi-nology/git-sync-service/sync/model/config.go:80.25,82.3 1 0
github.com/yi-nology/git-sync-service/sync/model/config.go:83.2,83.49 1 5
github.com/yi-nology/git-sync-service/sync/model/config.go:83.49,85.3 1 0
github.com/yi-nology/git-sync-service/sync/model/config.go:86.2,86.29 1 5
github.com/yi-nology/git-sync-service/sync/model/config.go:86.29,88.3 1 1
github.com/yi-nology/git-sync-service/sync/model/config.go:89.2,89.26 1 4
github.com/yi-nology/git-sync-service/sync/model/config.go:89.26,91.3 1 1
github.com/yi-nology/git-sync-service/sync/model/config.go:92.2,92.75 1 3
github.com/yi-nology/git-sync-service/sync/model/config.go:92.75,94.3 1 1
github.com/yi-nology/git-sync-service/sync/model/config.go:95.2,95.34 1 2
github.com/yi-nology/git-sync-service/sync/model/config.go:95.34,97.3 1 2
github.com/yi-nology/git-sync-service/sync/model/config.go:98.2,98.34 1 2
github.com/yi-nology/git-sync-service/sync/model/config.go:98.34,100.3 1 2
github.com/yi-nology/git-sync-service/sync/model/config.go:101.2,101.25 1 2
github.com/yi-nology/git-sync-service/sync/model/config.go:101.25,103.3 1 0
github.com/yi-nology/git-sync-service/sync/model/config.go:104.2,104.31 1 2
github.com/yi-nology/git-sync-service/sync/model/config.go:104.31,106.3 1 1
github.com/yi-nology/git-sync-service/sync/model/config.go:107.2,107.32 1 2
github.com/yi-nology/git-sync-service/sync/model/config.go:107.32,109.3 1 1
github.com/yi-nology/git-sync-service/sync/model/config.go:110.2,110.28 1 2
github.com/yi-nology/git-sync-service/sync/model/config.go:110.28,112.3 1 1
github.com/yi-nology/git-sync-service/sync/model/config.go:113.2,113.12 1 2
github.com/yi-nology/git-sync-service/sync/model/init.go:11.51,15.16 3 0
github.com/yi-nology/git-sync-service/sync/model/init.go:16.19,17.55 1 0
github.com/yi-nology/git-sync-service/sync/model/init.go:18.20,19.56 1 0
github.com/yi-nology/git-sync-service/sync/model/init.go:20.10,21.59 1 0
github.com/yi-nology/git-sync-service/sync/model/init.go:24.2,24.16 1 0
github.com/yi-nology/git-sync-service/sync/model/init.go:24.16,26.3 1 0
github.com/yi-nology/git-sync-service/sync/model/init.go:28.2,37.16 2 0
github.com/yi-nology/git-sync-service/sync/model/init.go:37.16,39.3 1 0
github.com/yi-nology/git-sync-service/sync/model/init.go:41.2,41.16 1 0
github.com/yi-nology/git-sync-service/sync/model/repo.go:28.32,30.2 1 0
github.com/yi-nology/git-sync-service/sync/model/sync_run.go:23.35,25.2 1 0
github.com/yi-nology/git-sync-service/sync/model/sync_run_step.go:21.39,23.2 1 0
github.com/yi-nology/git-sync-service/sync/model/sync_task.go:33.36,35.2 1 0
github.com/yi-nology/git-sync-service/sync/model/webhook_event.go:21.40,23.2 1 0
github.com/yi-nology/git-sync-service/sync/model/webhook_rule.go:25.39,27.2 1 0
github.com/yi-nology/git-sync-service/sync/model/webhook_rule.go:36.43,38.2 1 0
github.com/yi-nology/git-sync-service/sync/model/webhook_rule.go:65.46,67.28 2 0
github.com/yi-nology/git-sync-service/sync/model/webhook_rule.go:67.28,69.3 1 0
github.com/yi-nology/git-sync-service/sync/model/webhook_rule.go:70.2,70.13 1 0
github.com/yi-nology/git-sync-service/sync/model/webhook_rule.go:74.50,76.27 2 0
github.com/yi-nology/git-sync-service/sync/model/webhook_rule.go:76.27,81.3 1 0
github.com/yi-nology/git-sync-service/sync/model/webhook_rule.go:82.2,82.17 1 0
github.com/yi-nology/git-sync-service/internal/lock/lock.go:59.61,70.2 2 11
github.com/yi-nology/git-sync-service/internal/lock/lock.go:72.33,76.2 3 16
github.com/yi-nology/git-sync-service/internal/lock/lock.go:78.76,80.2 1 9
github.com/yi-nology/git-sync-service/internal/lock/lock.go:82.102,86.16 4 13
github.com/yi-nology/git-sync-service/internal/lock/lock.go:86.16,88.3 1 0
github.com/yi-nology/git-sync-service/internal/lock/lock.go:89.2,89.8 1 13
github.com/yi-nology/git-sync-service/internal/lock/lock.go:89.8,93.3 3 9
github.com/yi-nology/git-sync-service/internal/lock/lock.go:94.2,94.16 1 13
github.com/yi-nology/git-sync-service/internal/lock/lock.go:98.107,102.16 4 3
github.com/yi-nology/git-sync-service/internal/lock/lock.go:102.16,104.3 1 1
github.com/yi-nology/git-sync-service/internal/lock/lock.go:105.2,105.23 1 2
github.com/yi-nology/git-sync-service/internal/lock/lock.go:108.83,111.16 3 9
github.com/yi-nology/git-sync-service/internal/lock/lock.go:111.16,113.3 1 1
github.com/yi-nology/git-sync-service/internal/lock/lock.go:114.2,114.12 1 8
github.com/yi-nology/git-sync-service/internal/lock/lock.go:117.65,118.6 1 1
github.com/yi-nology/git-sync-service/internal/lock/lock.go:118.6,119.10 1 2
github.com/yi-nology/git-sync-service/internal/lock/lock.go:120.21,121.20 1 0
github.com/yi-nology/git-sync-service/internal/lock/lock.go:122.11,122.11 0 2
github.com/yi-nology/git-sync-service/internal/lock/lock.go:125.3,126.17 2 2
github.com/yi-nology/git-sync-service/internal/lock/lock.go:126.17,128.24 1 1
github.com/yi-nology/git-sync-service/internal/lock/lock.go:128.24,130.5 1 1
github.com/yi-nology/git-sync-service/internal/lock/lock.go:131.4,131.14 1 0
github.com/yi-nology/git-sync-service/internal/lock/lock.go:133.3,133.9 1 1
github.com/yi-nology/git-sync-service/internal/lock/lock.go:133.9,135.4 1 0
github.com/yi-nology/git-sync-service/internal/lock/lock.go:137.3,137.10 1 1
github.com/yi-nology/git-sync-service/internal/lock/lock.go:138.21,139.20 1 0
github.com/yi-nology/git-sync-service/internal/lock/lock.go:140.45,140.45 0 1
github.com/yi-nology/git-sync-service/internal/lock/lock.go:145.67,148.12 3 15
github.com/yi-nology/git-sync-service/internal/lock/lock.go:148.12,150.3 1 8
github.com/yi-nology/git-sync-service/internal/lock/lock.go:151.2,153.28 2 15
github.com/yi-nology/git-sync-service/internal/lock/lock.go:153.28,156.17 3 7
github.com/yi-nology/git-sync-service/internal/lock/lock.go:156.17,158.4 1 0
github.com/yi-nology/git-sync-service/internal/lock/lock.go:159.3,159.13 1 7
github.com/yi-nology/git-sync-service/internal/lock/lock.go:161.2,161.43 1 8
github.com/yi-nology/git-sync-service/internal/lock/lock.go:164.90,167.16 3 1
github.com/yi-nology/git-sync-service/internal/lock/lock.go:167.16,169.3 1 0
github.com/yi-nology/git-sync-service/internal/lock/lock.go:170.2,170.12 1 1
github.com/yi-nology/git-sync-service/internal/lock/lock.go:173.53,175.2 1 1
github.com/yi-nology/git-sync-service/internal/lock/lock.go:177.35,179.2 1 10
github.com/yi-nology/git-sync-service/internal/lock/lock.go:181.44,183.2 1 1
github.com/yi-nology/git-sync-service/internal/lock/lock.go:191.73,197.2 1 4
github.com/yi-nology/git-sync-service/internal/lock/lock.go:199.83,202.16 3 18
github.com/yi-nology/git-sync-service/internal/lock/lock.go:202.16,204.3 1 0
github.com/yi-nology/git-sync-service/internal/lock/lock.go:205.2,205.25 1 18
github.com/yi-nology/git-sync-service/internal/lock/lock.go:208.75,211.2 2 1
github.com/yi-nology/git-sync-service/internal/lock/lock.go:213.81,217.2 3 2
github.com/yi-nology/git-sync-service/internal/lock/lock.go:228.32,232.2 1 4
github.com/yi-nology/git-sync-service/internal/lock/lock.go:234.76,236.2 1 6
github.com/yi-nology/git-sync-service/internal/lock/lock.go:238.102,244.43 5 9
github.com/yi-nology/git-sync-service/internal/lock/lock.go:244.43,247.3 2 6
github.com/yi-nology/git-sync-service/internal/lock/lock.go:248.2,248.19 1 3
github.com/yi-nology/git-sync-service/internal/lock/lock.go:251.65,252.6 1 0
github.com/yi-nology/git-sync-service/internal/lock/lock.go:252.6,254.9 2 0
github.com/yi-nology/git-sync-service/internal/lock/lock.go:254.9,256.4 1 0
github.com/yi-nology/git-sync-service/internal/lock/lock.go:257.3,257.10 1 0
github.com/yi-nology/git-sync-service/internal/lock/lock.go:258.21,259.20 1 0
github.com/yi-nology/git-sync-service/internal/lock/lock.go:260.45,260.45 0 0
github.com/yi-nology/git-sync-service/internal/lock/lock.go:265.67,271.2 4 2
github.com/yi-nology/git-sync-service/main.go:22.13,24.16 2 0
github.com/yi-nology/git-sync-service/main.go:24.16,27.3 2 0
github.com/yi-nology/git-sync-service/main.go:30.2,31.23 2 0
github.com/yi-nology/git-sync-service/main.go:32.15,33.29 1 0
github.com/yi-nology/git-sync-service/main.go:34.14,35.28 1 0
github.com/yi-nology/git-sync-service/main.go:36.14,37.28 1 0
github.com/yi-nology/git-sync-service/main.go:38.15,39.29 1 0
github.com/yi-nology/git-sync-service/main.go:40.10,41.28 1 0
github.com/yi-nology/git-sync-service/main.go:44.2,45.30 2 0
github.com/yi-nology/git-sync-service/main.go:45.30,49.3 1 0
github.com/yi-nology/git-sync-service/main.go:49.8,53.3 1 0
github.com/yi-nology/git-sync-service/main.go:54.2,57.16 3 0
github.com/yi-nology/git-sync-service/main.go:57.16,60.3 2 0
github.com/yi-nology/git-sync-service/main.go:62.2,62.40 1 0
github.com/yi-nology/git-sync-service/main.go:62.40,65.3 2 0
github.com/yi-nology/git-sync-service/main.go:66.2,68.53 2 0
github.com/yi-nology/git-sync-service/main.go:68.53,70.3 1 0
github.com/yi-nology/git-sync-service/main.go:72.2,76.12 3 0
github.com/yi-nology/git-sync-service/main.go:76.12,78.3 1 0
github.com/yi-nology/git-sync-service/main.go:80.2,87.40 7 0
github.com/yi-nology/git-sync-service/main.go:87.40,89.3 1 0
github.com/yi-nology/git-sync-service/main.go:90.2,90.29 1 0
github.com/yi-nology/git-sync-service/router.go:12.42,21.2 3 0
github.com/yi-nology/git-sync-service/router_gen.go:11.32,16.2 2 0
github.com/yi-nology/git-sync-service/biz/handler/ping.go:11.55,15.2 1 0
github.com/yi-nology/git-sync-service/biz/model/base/base.go:13.24,15.2 1 0
github.com/yi-nology/git-sync-service/biz/model/base/base.go:17.32,18.2 0 0
github.com/yi-nology/git-sync-service/biz/model/base/base.go:22.58,27.50 3 0
github.com/yi-nology/git-sync-service/biz/model/base/base.go:27.50,28.28 1 0
github.com/yi-nology/git-sync-service/biz/model/base/base.go:31.2,31.6 1 0
github.com/yi-nology/git-sync-service/biz/model/base/base.go:31.6,33.17 2 0
github.com/yi-nology/git-sync-service/biz/model/base/base.go:33.17,34.28 1 0
github.com/yi-nology/git-sync-service/biz/model/base/base.go:36.3,36.33 1 0
github.com/yi-nology/git-sync-service/biz/model/base/base.go:36.33,37.9 1 0
github.com/yi-nology/git-sync-service/biz/model/base/base.go:39.3,39.48 1 0
github.com/yi-nology/git-sync-service/biz/model/base/base.go:39.48,40.27 1 0
github.com/yi-nology/git-sync-service/biz/model/base/base.go:42.3,42.45 1 0
github.com/yi-nology/git-sync-service/biz/model/base/base.go:42.45,43.26 1 0
github.com/yi-nology/git-sync-service/biz/model/base/base.go:46.2,46.45 1 0
github.com/yi-nology/git-sync-service/biz/model/base/base.go:46.45,47.26 1 0
github.com/yi-nology/git-sync-service/biz/model/base/base.go:50.2,51.1 2 0
github.com/yi-nology/git-sync-service/biz/model/base/base.go:52.2,53.1 2 0
github.com/yi-nology/git-sync-service/biz/model/base/base.go:54.2,55.1 2 0
github.com/yi-nology/git-sync-service/biz/model/base/base.go:56.2,58.1 2 0
github.com/yi-nology/git-sync-service/biz/model/base/base.go:59.2,60.1 2 0
github.com/yi-nology/git-sync-service/biz/model/base/base.go:61.2,61.79 1 0
github.com/yi-nology/git-sync-service/biz/model/base/base.go:64.59,65.55 1 0
github.com/yi-nology/git-sync-service/biz/model/base/base.go:65.55,66.29 1 0
github.com/yi-nology/git-sync-service/biz/model/base/base.go:68.2,68.14 1 0
github.com/yi-nology/git-sync-service/biz/model/base/base.go:68.15,69.3 0 0
github.com/yi-nology/git-sync-service/biz/model/base/base.go:70.2,70.46 1 0
github.com/yi-nology/git-sync-service/biz/model/base/base.go:70.46,71.27 1 0
github.com/yi-nology/git-sync-service/biz/model/base/base.go:73.2,73.46 1 0
github.com/yi-nology/git-sync-service/biz/model/base/base.go:73.46,74.27 1 0
github.com/yi-nology/git-sync-service/biz/model/base/base.go:76.2,77.1 2 0
github.com/yi-nology/git-sync-service/biz/model/base/base.go:78.2,79.1 2 0
github.com/yi-nology/git-sync-service/biz/model/base/base.go:80.2,81.1 2 0
github.com/yi-nology/git-sync-service/biz/model/base/base.go:82.2,82.80 1 0
github.com/yi-nology/git-sync-service/biz/model/base/base.go:85.33,86.14 1 0
github.com/yi-nology/git-sync-service/biz/model/base/base.go:86.14,88.3 1 0
github.com/yi-nology/git-sync-service/biz/model/base/base.go:89.2,89.38 1 0
github.com/yi-nology/git-sync-service/biz/model/base/base.go:97.32,99.2 1 0
github.com/yi-nology/git-sync-service/biz/model/base/base.go:101.36,102.2 0 0
github.com/yi-nology/git-sync-service/biz/model/base/base.go:104.45,106.2 1 0
github.com/yi-nology/git-sync-service/biz/model/base/base.go:112.62,117.50 3 0
github.com/yi-nology/git-sync-service/biz/model/base/base.go:117.50,118.28 1 0
github.com/yi-nology/git-sync-service/biz/model/base/base.go:121.2,121.6 1 0
github.com/yi-nology/git-sync-service/biz/model/base/base.go:121.6,123.17 2 0
github.com/yi-nology/git-sync-service/biz/model/base/base.go:123.17,124.28 1 0
github.com/yi-nology/git-sync-service/biz/model/base/base.go:126.3,126.33 1 0
github.com/yi-nology/git-sync-service/biz/model/base/base.go:126.33,127.9 1 0
github.com/yi-nology/git-sync-service/biz/model/base/base.go:130.3,130.18 1 0
github.com/yi-nology/git-sync-service/biz/model/base/base.go:131.10,132.36 1 0
github.com/yi-nology/git-sync-service/biz/model/base/base.go:132.36,133.46 1 0
github.com/yi-nology/git-sync-service/biz/model/base/base.go:133.46,134.25 1 0
github.com/yi-nology/git-sync-service/biz/model/base/base.go:136.10,136.56 1 0
github.com/yi-nology/git-sync-service/biz/model/base/base.go:136.56,137.24 1 0
github.com/yi-nology/git-sync-service/biz/model/base/base.go:139.11,140.49 1 0
github.com/yi-nology/git-sync-service/biz/model/base/base.go:140.49,141.24 1 0
github.com/yi-nology/git-sync-service/biz/model/base/base.go:144.3,144.45 1 0
github.com/yi-nology/git-sync-service/biz/model/base/base.go:144.45,145.26 1 0
github.com/yi-nology/git-sync-service/biz/model/base/base.go:148.2,148.45 1 0
github.com/yi-nology/git-sync-service/biz/model/base/base.go:148.45,149.26 1 0
github.com/yi-nology/git-sync-service/biz/model/base/base.go:152.2,153.1 2 0
github.com/yi-nology/git-sync-service/biz/model/base/base.go:154.2,155.1 2 0
github.com/yi-nology/git-sync-service/biz/model/base/base.go:156.2,157.1 2 0
github.com/yi-nology/git-sync-service/biz/model/base/base.go:158.2,159.1 2 0
github.com/yi-nology/git-sync-service/biz/model/base/base.go:160.2,162.1 2 0
github.com/yi-nology/git-sync-service/biz/model/base/base.go:163.2,164.1 2 0
github.com/yi-nology/git-sync-service/biz/model/base/base.go:165.2,165.79 1 0
github.com/yi-nology/git-sync-service/biz/model/base/base.go:168.62,171.46 2 0
github.com/yi-nology/git-sync-service/biz/model/base/base.go:171.46,173.3 1 0
github.com/yi-nology/git-sync-service/biz/model/base/base.go:173.8,175.3 1 0
github.com/yi-nology/git-sync-service/biz/model/base/base.go:176.2,177.12 2 0
github.com/yi-nology/git-sync-service/biz/model/base/base.go:180.63,182.59 2 0
github.com/yi-nology/git-sync-service/biz/model/base/base.go:182.59,183.29 1 0
github.com/yi-nology/git-sync-service/biz/model/base/base.go:185.2,185.14 1 0
github.com/yi-nology/git-sync-service/biz/model/base/base.go:185.14,186.45 1 0
github.com/yi-nology/git-sync-service/biz/model/base/base.go:186.45,188.24 2 0
github.com/yi-nology/git-sync-service/biz/model/base/base.go:191.2,191.46 1 0
github.com/yi-nology/git-sync-service/biz/model/base/base.go:191.46,192.27 1 0
github.com/yi-nology/git-sync-service/biz/model/base/base.go:194.2,194.46 1 0
github.com/yi-nology/git-sync-service/biz/model/base/base.go:194.46,195.27 1 0
github.com/yi-nology/git-sync-service/biz/model/base/base.go:197.2,198.1 2 0
github.com/yi-nology/git-sync-service/biz/model/base/base.go:199.2,200.1 2 0
github.com/yi-nology/git-sync-service/biz/model/base/base.go:201.2,202.1 2 0
github.com/yi-nology/git-sync-service/biz/model/base/base.go:203.2,204.1 2 0
github.com/yi-nology/git-sync-service/biz/model/base/base.go:205.2,205.80 1 0
github.com/yi-nology/git-sync-service/biz/model/base/base.go:208.69,209.74 1 0
github.com/yi-nology/git-sync-service/biz/model/base/base.go:209.74,210.28 1 0
github.com/yi-nology/git-sync-service/biz/model/base/base.go:212.2,212.53 1 0
github.com/yi-nology/git-sync-service/biz/model/base/base.go:212.53,214.3 1 0
github.com/yi-nology/git-sync-service/biz/model/base/base.go:215.2,215.45 1 0
github.com/yi-nology/git-sync-service/biz/model/base/base.go:215.45,216.26 1 0
github.com/yi-nology/git-sync-service/biz/model/base/base.go:218.2,219.1 2 0
github.com/yi-nology/git-sync-service/biz/model/base/base.go:220.2,221.1 2 0
github.com/yi-nology/git-sync-service/biz/model/base/base.go:222.2,222.81 1 0
github.com/yi-nology/git-sync-service/biz/model/base/base.go:225.37,226.14 1 0
github.com/yi-nology/git-sync-service/biz/model/base/base.go:226.14,228.3 1 0
github.com/yi-nology/git-sync-service/biz/model/base/base.go:229.2,229.42 1 0
github.com/yi-nology/git-sync-service/biz/model/base/base.go:237.32,239.2 1 0
github.com/yi-nology/git-sync-service/biz/model/base/base.go:241.36,242.2 0 0
github.com/yi-nology/git-sync-service/biz/model/base/base.go:244.41,246.2 1 0
github.com/yi-nology/git-sync-service/biz/model/base/base.go:252.62,257.50 3 0
github.com/yi-nology/git-sync-service/biz/model/base/base.go:257.50,258.28 1 0
github.com/yi-nology/git-sync-service/biz/model/base/base.go:261.2,261.6 1 0
github.com/yi-nology/git-sync-service/biz/model/base/base.go:261.6,263.17 2 0
github.com/yi-nology/git-sync-service/biz/model/base/base.go:263.17,264.28 1 0
github.com/yi-nology/git-sync-service/biz/model/base/base.go:266.3,266.33 1 0
github.com/yi-nology/git-sync-service/biz/model/base/base.go:266.33,267.9 1 0
github.com/yi-nology/git-sync-service/biz/model/base/base.go:270.3,270.18 1 0
github.com/yi-nology/git-sync-service/biz/model/base/base.go:271.10,272.36 1 0
github.com/yi-nology/git-sync-service/biz/model/base/base.go:272.36,273.46 1 0
github.com/yi-nology/git-sync-service/biz/model/base/base.go:273.46,274.25 1 0
github.com/yi-nology/git-sync-service/biz/model/base/base.go:276.10,276.56 1 0
github.com/yi-nology/git-sync-service/biz/model/base/base.go:276.56,277.24 1 0
github.com/yi-nology/git-sync-service/biz/model/base/base.go:279.11,280.49 1 0
github.com/yi-nology/git-sync-service/biz/model/base/base.go:280.49,281.24 1 0
github.com/yi-nology/git-sync-service/biz/model/base/base.go:284.3,284.45 1 0
github.com/yi-nology/git-sync-service/biz/model/base/base.go:284.45,285.26 1 0
github.com/yi-nology/git-sync-service/biz/model/base/base.go:288.2,288.45 1 0
github.com/yi-nology/git-sync-service/biz/model/base/base.go:288.45,289.26 1 0
github.com/yi-nology/git-sync-service/biz/model/base/base.go:292.2,293.1 2 0
github.com/yi-nology/git-sync-service/biz/model/base/base.go:294.2,295.1 2 0
github.com/yi-nology/git-sync-service/biz/model/base/base.go:296.2,297.1 2 0
github.com/yi-nology/git-sync-service/biz/model/base/base.go:298.2,299.1 2 0
github.com/yi-nology/git-sync-service/biz/model/base/base.go:300.2,302.1 2 0
github.com/yi-nology/git-sync-service/biz/model/base/base.go:303.2,304.1 2 0
github.com/yi-nology/git-sync-service/biz/model/base/base.go:305.2,305.79 1 0
github.com/yi-nology/git-sync-service/biz/model/base/base.go:308.62,311.46 2 0
github.com/yi-nology/git-sync-service/biz/model/base/base.go:311.46,313.3 1 0
github.com/yi-nology/git-sync-service/biz/model/base/base.go:313.8,315.3 1 0
github.com/yi-nology/git-sync-service/biz/model/base/base.go:316.2,317.12 2 0
github.com/yi-nology/git-sync-service/biz/model/base/base.go:320.63,322.59 2 0
github.com/yi-nology/git-sync-service/biz/model/base/base.go:322.59,323.29 1 0
github.com/yi-nology/git-sync-service/biz/model/base/base.go:325.2,325.14 1 0
github.com/yi-nology/git-sync-service/biz/model/base/base.go:325.14,326.45 1 0
github.com/yi-nology/git-sync-service/biz/model/base/base.go:326.45,328.24 2 0
github.com/yi-nology/git-sync-service/biz/model/base/base.go:331.2,331.46 1 0
github.com/yi-nology/git-sync-service/biz/model/base/base.go:331.46,332.27 1 0
github.com/yi-nology/git-sync-service/biz/model/base/base.go:334.2,334.46 1 0
github.com/yi-nology/git-sync-service/biz/model/base/base.go:334.46,335.27 1 0
github.com/yi-nology/git-sync-service/biz/model/base/base.go:337.2,338.1 2 0
github.com/yi-nology/git-sync-service/biz/model/base/base.go:339.2,340.1 2 0
github.com/yi-nology/git-sync-service/biz/model/base/base.go:341.2,342.1 2 0
github.com/yi-nology/git-sync-service/biz/model/base/base.go:343.2,344.1 2 0
github.com/yi-nology/git-sync-service/biz/model/base/base.go:345.2,345.80 1 0
github.com/yi-nology/git-sync-service/biz/model/base/base.go:348.69,349.70 1 0
github.com/yi-nology/git-sync-service/biz/model/base/base.go:349.70,350.28 1 0
github.com/yi-nology/git-sync-service/biz/model/base/base.go:352.2,352.49 1 0
github.com/yi-nology/git-sync-service/biz/model/base/base.go:352.49,354.3 1 0
github.com/yi-nology/git-sync-service/biz/model/base/base.go:355.2,355.45 1 0
github.com/yi-nology/git-sync-service/biz/model/base/base.go:355.45,356.26 1 0
github.com/yi-nology/git-sync-service/biz/model/base/base.go:358.2,359.1 2 0
github.com/yi-nology/git-sync-service/biz/model/base/base.go:360.2,361.1 2 0
github.com/yi-nology/git-sync-service/biz/model/base/base.go:362.2,362.81 1 0
github.com/yi-nology/git-sync-service/biz/model/base/base.go:365.37,366.14 1 0
github.com/yi-nology/git-sync-service/biz/model/base/base.go:366.14,368.3 1 0
github.com/yi-nology/git-sync-service/biz/model/base/base.go:369.2,369.42 1 0
github.com/yi-nology/git-sync-service/biz/model/base/base.go:378.34,380.2 1 0
github.com/yi-nology/git-sync-service/biz/model/base/base.go:382.37,383.2 0 0
github.com/yi-nology/git-sync-service/biz/model/base/base.go:385.44,387.2 1 0
github.com/yi-nology/git-sync-service/biz/model/base/base.go:389.46,391.2 1 0
github.com/yi-nology/git-sync-service/biz/model/base/base.go:398.63,403.50 3 0
github.com/yi-nology/git-sync-service/biz/model/base/base.go:403.50,404.28 1 0
github.com/yi-nology/git-sync-service/biz/model/base/base.go:407.2,407.6 1 0
github.com/yi-nology/git-sync-service/biz/model/base/base.go:407.6,409.17 2 0
github.com/yi-nology/git-sync-service/biz/model/base/base.go:409.17,410.28 1 0
github.com/yi-nology/git-sync-service/biz/model/base/base.go:412.3,412.33 1 0
github.com/yi-nology/git-sync-service/biz/model/base/base.go:412.33,413.9 1 0
github.com/yi-nology/git-sync-service/biz/model/base/base.go:416.3,416.18 1 0
github.com/yi-nology/git-sync-service/biz/model/base/base.go:417.10,418.34 1 0
github.com/yi-nology/git-sync-service/biz/model/base/base.go:418.34,419.46 1 0
github.com/yi-nology/git-sync-service/biz/model/base/base.go:419.46,420.25 1 0
github.com/yi-nology/git-sync-service/biz/model/base/base.go:422.10,422.56 1 0
github.com/yi-nology/git-sync-service/biz/model/base/base.go:422.56,423.24 1 0
github.com/yi-nology/git-sync-service/biz/model/base/base.go:425.10,426.36 1 0
github.com/yi-nology/git-sync-service/biz/model/base/base.go:426.36,427.46 1 0
github.com/yi-nology/git-sync-service/biz/model/base/base.go:427.46,428.25 1 0
github.com/yi-nology/git-sync-service/biz/model/base/base.go:430.10,430.56 1 0
github.com/yi-nology/git-sync-service/biz/model/base/base.go:430.56,431.24 1 0
github.com/yi-nology/git-sync-service/biz/model/base/base.go:433.11,434.49 1 0
github.com/yi-nology/git-sync-service/biz/model/base/base.go:434.49,435.24 1 0
github.com/yi-nology/git-sync-service/biz/model/base/base.go:438.3,438.45 1 0
github.com/yi-nology/git-sync-service/biz/model/base/base.go:438.45,439.26 1 0
github.com/yi-nology/git-sync-service/biz/model/base/base.go:442.2,442.45 1 0
github.com/yi-nology/git-sync-service/biz/model/base/base.go:442.45,443.26 1 0
github.com/yi-nology/git-sync-service/biz/model/base/base.go:446.2,447.1 2 0
github.com/yi-nology/git-sync-service/biz/model/base/base.go:448.2,449.1 2 0
github.com/yi-nology/git-sync-service/biz/model/base/base.go:450.2,451.1 2 0
github.com/yi-nology/git-sync-service/biz/model/base/base.go:452.2,453.1 2 0
github.com/yi-nology/git-sync-service/biz/model/base/base.go:454.2,456.1 2 0
github.com/yi-nology/git-sync-service/biz/model/base/base.go:457.2,458.1 2 0
github.com/yi-nology/git-sync-service/biz/model/base/base.go:459.2,459.79 1 0
github.com/yi-nology/git-sync-service/biz/model/base/base.go:462.63,465.44 2 0
github.com/yi-nology/git-sync-service/biz/model/base/base.go:465.44,467.3 1 0
github.com/yi-nology/git-sync-service/biz/model/base/base.go:467.8,469.3 1 0
github.com/yi-nology/git-sync-service/biz/model/base/base.go:470.2,471.12 2 0
github.com/yi-nology/git-sync-service/biz/model/base/base.go:473.63,476.46 2 0
github.com/yi-nology/git-sync-service/biz/model/base/base.go:476.46,478.3 1 0
github.com/yi-nology/git-sync-service/biz/model/base/base.go:478.8,480.3 1 0
github.com/yi-nology/git-sync-service/biz/model/base/base.go:481.2,482.12 2 0
github.com/yi-nology/git-sync-service/biz/model/base/base.go:485.64,487.60 2 0
github.com/yi-nology/git-sync-service/biz/model/base/base.go:487.60,488.29 1 0
github.com/yi-nology/git-sync-service/biz/model/base/base.go:490.2,490.14 1 0
github.com/yi-nology/git-sync-service/biz/model/base/base.go:490.14,491.45 1 0
github.com/yi-nology/git-sync-service/biz/model/base/base.go:491.45,493.24 2 0
github.com/yi-nology/git-sync-service/biz/model/base/base.go:495.3,495.45 1 0
github.com/yi-nology/git-sync-service/biz/model/base/base.go:495.45,497.24 2 0
github.com/yi-nology/git-sync-service/biz/model/base/base.go:500.2,500.46 1 0
github.com/yi-nology/git-sync-service/biz/model/base/base.go:500.46,501.27 1 0
github.com/yi-nology/git-sync-service/biz/model/base/base.go:503.2,503.46 1 0
github.com/yi-nology/git-sync-service/biz/model/base/base.go:503.46,504.27 1 0
github.com/yi-nology/git-sync-service/biz/model/base/base.go:506.2,507.1 2 0
github.com/yi-nology/git-sync-service/biz/model/base/base.go:508.2,509.1 2 0
github.com/yi-nology/git-sync-service/biz/model/base/base.go:510.2,511.1 2 0
github.com/yi-nology/git-sync-service/biz/model/base/base.go:512.2,513.1 2 0
github.com/yi-nology/git-sync-service/biz/model/base/base.go:514.2,514.80 1 0
github.com/yi-nology/git-sync-service/biz/model/base/base.go:517.70,518.72 1 0
github.com/yi-nology/git-sync-service/biz/model/base/base.go:518.72,519.28 1 0
github.com/yi-nology/git-sync-service/biz/model/base/base.go:521.2,521.51 1 0
github.com/yi-nology/git-sync-service/biz/model/base/base.go:521.51,523.3 1 0
github.com/yi-nology/git-sync-service/biz/model/base/base.go:524.2,524.45 1 0
github.com/yi-nology/git-sync-service/biz/model/base/base.go:524.45,525.26 1 0
github.com/yi-nology/git-sync-service/biz/model/base/base.go:527.2,528.1 2 0
github.com/yi-nology/git-sync-service/biz/model/base/base.go:529.2,530.1 2 0
github.com/yi-nology/git-sync-service/biz/model/base/base.go:531.2,531.81 1 0
github.com/yi-nology/git-sync-service/biz/model/base/base.go:534.70,535.74 1 0
github.com/yi-nology/git-sync-service/biz/model/base/base.go:535.74,536.28 1 0
github.com/yi-nology/git-sync-service/biz/model/base/base.go:538.2,538.53 1 0
github.com/yi-nology/git-sync-service/biz/model/base/base.go:538.53,540.3 1 0
github.com/yi-nology/git-sync-service/biz/model/base/base.go:541.2,541.45 1 0
github.com/yi-nology/git-sync-service/biz/model/base/base.go:541.45,542.26 1 0
github.com/yi-nology/git-sync-service/biz/model/base/base.go:544.2,545.1 2 0
github.com/yi-nology/git-sync-service/biz/model/base/base.go:546.2,547.1 2 0
github.com/yi-nology/git-sync-service/biz/model/base/base.go:548.2,548.81 1 0
github.com/yi-nology/git-sync-service/biz/model/base/base.go:551.38,552.14 1 0
github.com/yi-nology/git-sync-service/biz/model/base/base.go:552.14,554.3 1 0
github.com/yi-nology/git-sync-service/biz/model/base/base.go:555.2,555.43 1 0
github.com/yi-nology/git-sync-service/biz/model/base/base.go:564.40,566.2 1 0
github.com/yi-nology/git-sync-service/biz/model/base/base.go:568.40,569.2 0 0
github.com/yi-nology/git-sync-service/biz/model/base/base.go:571.45,573.2 1 0
github.com/yi-nology/git-sync-service/biz/model/base/base.go:575.49,577.2 1 0
github.com/yi-nology/git-sync-service/biz/model/base/base.go:584.66,589.50 3 0
github.com/yi-nology/git-sync-service/biz/model/base/base.go:589.50,590.28 1 0
github.com/yi-nology/git-sync-service/biz/model/base/base.go:593.2,593.6 1 0
github.com/yi-nology/git-sync-service/biz/model/base/base.go:593.6,595.17 2 0
github.com/yi-nology/git-sync-service/biz/model/base/base.go:595.17,596.28 1 0
github.com/yi-nology/git-sync-service/biz/model/base/base.go:598.3,598.33 1 0
github.com/yi-nology/git-sync-service/biz/model/base/base.go:598.33,599.9 1 0
github.com/yi-nology/git-sync-service/biz/model/base/base.go:602.3,602.18 1 0
github.com/yi-nology/git-sync-service/biz/model/base/base.go:603.10,604.33 1 0
github.com/yi-nology/git-sync-service/biz/model/base/base.go:604.33,605.46 1 0
github.com/yi-nology/git-sync-service/biz/model/base/base.go:605.46,606.25 1 0
github.com/yi-nology/git-sync-service/biz/model/base/base.go:608.10,608.56 1 0
github.com/yi-nology/git-sync-service/biz/model/base/base.go:608.56,609.24 1 0
github.com/yi-nology/git-sync-service/biz/model/base/base.go:611.10,612.33 1 0
github.com/yi-nology/git-sync-service/biz/model/base/base.go:612.33,613.46 1 0
github.com/yi-nology/git-sync-service/biz/model/base/base.go:613.46,614.25 1 0
github.com/yi-nology/git-sync-service/biz/model/base/base.go:616.10,616.56 1 0
github.com/yi-nology/git-sync-service/biz/model/base/base.go:616.56,617.24 1 0
github.com/yi-nology/git-sync-service/biz/model/base/base.go:619.11,620.49 1 0
github.com/yi-nology/git-sync-service/biz/model/base/base.go:620.49,621.24 1 0
github.com/yi-nology/git-sync-service/biz/model/base/base.go:624.3,624.45 1 0
github.com/yi-nology/git-sync-service/biz/model/base/base.go:624.45,625.26 1 0
github.com/yi-nology/git-sync-service/biz/model/base/base.go:628.2,628.45 1 0
github.com/yi-nology/git-sync-service/biz/model/base/base.go:628.45,629.26 1 0
github.com/yi-nology/git-sync-service/biz/model/base/base.go:632.2,633.1 2 0
github.com/yi-nology/git-sync-service/biz/model/base/base.go:634.2,635.1 2 0
github.com/yi-nology/git-sync-service/biz/model/base/base.go:636.2,637.1 2 0
github.com/yi-nology/git-sync-service/biz/model/base/base.go:638.2,639.1 2 0
github.com/yi-nology/git-sync-service/biz/model/base/base.go:640.2,642.1 2 0
github.com/yi-nology/git-sync-service/biz/model/base/base.go:643.2,644.1 2 0
github.com/yi-nology/git-sync-service/biz/model/base/base.go:645.2,645.79 1 0
github.com/yi-nology/git-sync-service/biz/model/base/base.go:648.66,651.43 2 0
github.com/yi-nology/git-sync-service/biz/model/base/base.go:651.43,653.3 1 0
github.com/yi-nology/git-sync-service/biz/model/base/base.go:653.8,655.3 1 0
github.com/yi-nology/git-sync-service/biz/model/base/base.go:656.2,657.12 2 0
github.com/yi-nology/git-sync-service/biz/model/base/base.go:659.66,662.43 2 0
github.com/yi-nology/git-sync-service/biz/model/base/base.go:662.43,664.3 1 0
github.com/yi-nology/git-sync-service/biz/model/base/base.go:664.8,666.3 1 0
github.com/yi-nology/git-sync-service/biz/model/base/base.go:667.2,668.12 2 0
github.com/yi-nology/git-sync-service/biz/model/base/base.go:671.67,673.63 2 0
github.com/yi-nology/git-sync-service/biz/model/base/base.go:673.63,674.29 1 0
github.com/yi-nology/git-sync-service/biz/model/base/base.go:676.2,676.14 1 0
github.com/yi-nology/git-sync-service/biz/model/base/base.go:676.14,677.45 1 0
github.com/yi-nology/git-sync-service/biz/model/base/base.go:677.45,679.24 2 0
github.com/yi-nology/git-sync-service/biz/model/base/base.go:681.3,681.45 1 0
github.com/yi-nology/git-sync-service/biz/model/base/base.go:681.45,683.24 2 0
github.com/yi-nology/git-sync-service/biz/model/base/base.go:686.2,686.46 1 0
github.com/yi-nology/git-sync-service/biz/model/base/base.go:686.46,687.27 1 0
github.com/yi-nology/git-sync-service/biz/model/base/base.go:689.2,689.46 1 0
github.com/yi-nology/git-sync-service/biz/model/base/base.go:689.46,690.27 1 0
github.com/yi-nology/git-sync-service/biz/model/base/base.go:692.2,693.1 2 0
github.com/yi-nology/git-sync-service/biz/model/base/base.go:694.2,695.1 2 0
github.com/yi-nology/git-sync-service/biz/model/base/base.go:696.2,697.1 2 0
github.com/yi-nology/git-sync-service/biz/model/base/base.go:698.2,699.1 2 0
github.com/yi-nology/git-sync-service/biz/model/base/base.go:700.2,700.80 1 0
github.com/yi-nology/git-sync-service/biz/model/base/base.go:703.73,704.68 1 0
github.com/yi-nology/git-sync-service/biz/model/base/base.go:704.68,705.28 1 0
github.com/yi-nology/git-sync-service/biz/model/base/base.go:707.2,707.47 1 0
github.com/yi-nology/git-sync-service/biz/model/base/base.go:707.47,709.3 1 0
github.com/yi-nology/git-sync-service/biz/model/base/base.go:710.2,710.45 1 0
github.com/yi-nology/git-sync-service/biz/model/base/base.go:710.45,711.26 1 0
github.com/yi-nology/git-sync-service/biz/model/base/base.go:713.2,714.1 2 0
github.com/yi-nology/git-sync-service/biz/model/base/base.go:715.2,716.1 2 0
github.com/yi-nology/git-sync-service/biz/model/base/base.go:717.2,717.81 1 0
github.com/yi-nology/git-sync-service/biz/model/base/base.go:720.73,721.73 1 0
github.com/yi-nology/git-sync-service/biz/model/base/base.go:721.73,722.28 1 0
github.com/yi-nology/git-sync-service/biz/model/base/base.go:724.2,724.51 1 0
github.com/yi-nology/git-sync-service/biz/model/base/base.go:724.51,726.3 1 0
github.com/yi-nology/git-sync-service/biz/model/base/base.go:727.2,727.45 1 0
github.com/yi-nology/git-sync-service/biz/model/base/base.go:727.45,728.26 1 0
github.com/yi-nology/git-sync-service/biz/model/base/base.go:730.2,731.1 2 0
github.com/yi-nology/git-sync-service/biz/model/base/base.go:732.2,733.1 2 0
github.com/yi-nology/git-sync-service/biz/model/base/base.go:734.2,734.81 1 0
github.com/yi-nology/git-sync-service/biz/model/base/base.go:737.41,738.14 1 0
github.com/yi-nology/git-sync-service/biz/model/base/base.go:738.14,740.3 1 0
github.com/yi-nology/git-sync-service/biz/model/base/base.go:741.2,741.46 1 0
github.com/yi-nology/git-sync-service/biz/model/base/base.go:751.42,753.2 1 0
github.com/yi-nology/git-sync-service/biz/model/base/base.go:755.41,756.2 0 0
github.com/yi-nology/git-sync-service/biz/model/base/base.go:758.47,760.2 1 0
github.com/yi-nology/git-sync-service/biz/model/base/base.go:762.46,764.2 1 0
github.com/yi-nology/git-sync-service/biz/model/base/base.go:766.50,768.2 1 0
github.com/yi-nology/git-sync-service/biz/model/base/base.go:776.67,781.50 3 0
github.com/yi-nology/git-sync-service/biz/model/base/base.go:781.50,782.28 1 0
github.com/yi-nology/git-sync-service/biz/model/base/base.go:785.2,785.6 1 0
github.com/yi-nology/git-sync-service/biz/model/base/base.go:785.6,787.17 2 0
github.com/yi-nology/git-sync-service/biz/model/base/base.go:787.17,788.28 1 0
github.com/yi-nology/git-sync-service/biz/model/base/base.go:790.3,790.33 1 0
github.com/yi-nology/git-sync-service/biz/model/base/base.go:790.33,791.9 1 0
github.com/yi-nology/git-sync-service/biz/model/base/base.go:794.3,794.18 1 0
github.com/yi-nology/git-sync-service/biz/model/base/base.go:795.10,796.33 1 0
github.com/yi-nology/git-sync-service/biz/model/base/base.go:796.33,797.46 1 0
github.com/yi-nology/git-sync-service/biz/model/base/base.go:797.46,798.25 1 0
github.com/yi-nology/git-sync-service/biz/model/base/base.go:800.10,800.56 1 0
github.com/yi-nology/git-sync-service/biz/model/base/base.go:800.56,801.24 1 0
github.com/yi-nology/git-sync-service/biz/model/base/base.go:803.10,804.33 1 0
github.com/yi-nology/git-sync-service/biz/model/base/base.go:804.33,805.46 1 0
github.com/yi-nology/git-sync-service/biz/model/base/base.go:805.46,806.25 1 0
github.com/yi-nology/git-sync-service/biz/model/base/base.go:808.10,808.56 1 0
github.com/yi-nology/git-sync-service/biz/model/base/base.go:808.56,809.24 1 0
github.com/yi-nology/git-sync-service/biz/model/base/base.go:811.10,812.33 1 0
github.com/yi-nology/git-sync-service/biz/model/base/base.go:812.33,813.46 1 0
github.com/yi-nology/git-sync-service/biz/model/base/base.go:813.46,814.25 1 0
github.com/yi-nology/git-sync-service/biz/model/base/base.go:816.10,816.56 1 0
github.com/yi-nology/git-sync-service/biz/model/base/base.go:816.56,817.24 1 0
github.com/yi-nology/git-sync-service/biz/model/base/base.go:819.11,820.49 1 0
github.com/yi-nology/git-sync-service/biz/model/base/base.go:820.49,821.24 1 0
github.com/yi-nology/git-sync-service/biz/model/base/base.go:824.3,824.45 1 0
github.com/yi-nology/git-sync-service/biz/model/base/base.go:824.45,825.26 1 0
github.com/yi-nology/git-sync-service/biz/model/base/base.go:828.2,828.45 1 0
github.com/yi-nology/git-sync-service/biz/model/base/base.go:828.45,829.26 1 0
github.com/yi-nology/git-sync-service/biz/model/base/base.go:832.2,833.1 2 0
github.com/yi-nology/git-sync-service/biz/model/base/base.go:834.2,835.1 2 0
github.com/yi-nology/git-sync-service/biz/model/base/base.go:836.2,837.1 2 0
github.com/yi-nology/git-sync-service/biz/model/base/base.go:838.2,839.1 2 0
github.com/yi-nology/git-sync-service/biz/model/base/base.go:840.2,842.1 2 0
github.com/yi-nology/git-sync-service/biz/model/base/base.go:843.2,844.1 2 0
github.com/yi-nology/git-sync-service/biz/model/base/base.go:845.2,845.79 1 0
github.com/yi-nology/git-sync-service/biz/model/base/base.go:848.67,851.43 2 0
github.com/yi-nology/git-sync-service/biz/model/base/base.go:851.43,853.3 1 0
github.com/yi-nology/git-sync-service/biz/model/base/base.go:853.8,855.3 1 0
github.com/yi-nology/git-sync-service/biz/model/base/base.go:856.2,857.12 2 0
github.com/yi-nology/git-sync-service/biz/model/base/base.go:859.67,862.43 2 0
github.com/yi-nology/git-sync-service/biz/model/base/base.go:862.43,864.3 1 0
github.com/yi-nology/git-sync-service/biz/model/base/base.go:864.8,866.3 1 0
github.com/yi-nology/git-sync-service/biz/model/base/base.go:867.2,868.12 2 0
github.com/yi-nology/git-sync-service/biz/model/base/base.go:870.67,873.43 2 0
github.com/yi-nology/git-sync-service/biz/model/base/base.go:873.43,875.3 1 0
github.com/yi-nology/git-sync-service/biz/model/base/base.go:875.8,877.3 1 0
github.com/yi-nology/git-sync-service/biz/model/base/base.go:878.2,879.12 2 0
github.com/yi-nology/git-sync-service/biz/model/base/base.go:882.68,884.64 2 0
github.com/yi-nology/git-sync-service/biz/model/base/base.go:884.64,885.29 1 0
github.com/yi-nology/git-sync-service/biz/model/base/base.go:887.2,887.14 1 0
github.com/yi-nology/git-sync-service/biz/model/base/base.go:887.14,888.45 1 0
github.com/yi-nology/git-sync-service/biz/model/base/base.go:888.45,890.24 2 0
github.com/yi-nology/git-sync-service/biz/model/base/base.go:892.3,892.45 1 0
github.com/yi-nology/git-sync-service/biz/model/base/base.go:892.45,894.24 2 0
github.com/yi-nology/git-sync-service/biz/model/base/base.go:896.3,896.45 1 0
github.com/yi-nology/git-sync-service/biz/model/base/base.go:896.45,898.24 2 0
github.com/yi-nology/git-sync-service/biz/model/base/base.go:901.2,901.46 1 0
github.com/yi-nology/git-sync-service/biz/model/base/base.go:901.46,902.27 1 0
github.com/yi-nology/git-sync-service/biz/model/base/base.go:904.2,904.46 1 0
github.com/yi-nology/git-sync-service/biz/model/base/base.go:904.46,905.27 1 0
github.com/yi-nology/git-sync-service/biz/model/base/base.go:907.2,908.1 2 0
github.com/yi-nology/git-sync-service/biz/model/base/base.go:909.2,910.1 2 0
github.com/yi-nology/git-sync-service/biz/model/base/base.go:911.2,912.1 2 0
github.com/yi-nology/git-sync-service/biz/model/base/base.go:913.2,914.1 2 0
github.com/yi-nology/git-sync-service/biz/model/base/base.go:915.2,915.80 1 0
github.com/yi-nology/git-sync-service/biz/model/base/base.go:918.74,919.69 1 0
github.com/yi-nology/git-sync-service/biz/model/base/base.go:919.69,920.28 1 0
github.com/yi-nology/git-sync-service/biz/model/base/base.go:922.2,922.48 1 0
github.com/yi-nology/git-sync-service/biz/model/base/base.go:922.48,924.3 1 0
github.com/yi-nology/git-sync-service/biz/model/base/base.go:925.2,925.45 1 0
github.com/yi-nology/git-sync-service/biz/model/base/base.go:925.45,926.26 1 0
github.com/yi-nology/git-sync-service/biz/model/base/base.go:928.2,929.1 2 0
github.com/yi-nology/git-sync-service/biz/model/base/base.go:930.2,931.1 2 0
github.com/yi-nology/git-sync-service/biz/model/base/base.go:932.2,932.81 1 0
github.com/yi-nology/git-sync-service/biz/model/base/base.go:935.74,936.68 1 0
github.com/yi-nology/git-sync-service/biz/model/base/base.go:936.68,937.28 1 0
github.com/yi-nology/git-sync-service/biz/model/base/base.go:939.2,939.47 1 0
github.com/yi-nology/git-sync-service/biz/model/base/base.go:939.47,941.3 1 0
github.com/yi-nology/git-sync-service/biz/model/base/base.go:942.2,942.45 1 0
github.com/yi-nology/git-sync-service/biz/model/base/base.go:942.45,943.26 1 0
github.com/yi-nology/git-sync-service/biz/model/base/base.go:945.2,946.1 2 0
github.com/yi-nology/git-sync-service/biz/model/base/base.go:947.2,948.1 2 0
github.com/yi-nology/git-sync-service/biz/model/base/base.go:949.2,949.81 1 0
github.com/yi-nology/git-sync-service/biz/model/base/base.go:952.74,953.73 1 0
github.com/yi-nology/git-sync-service/biz/model/base/base.go:953.73,954.28 1 0
github.com/yi-nology/git-sync-service/biz/model/base/base.go:956.2,956.51 1 0
github.com/yi-nology/git-sync-service/biz/model/base/base.go:956.51,958.3 1 0
github.com/yi-nology/git-sync-service/biz/model/base/base.go:959.2,959.45 1 0
github.com/yi-nology/git-sync-service/biz/model/base/base.go:959.45,960.26 1 0
github.com/yi-nology/git-sync-service/biz/model/base/base.go:962.2,963.1 2 0
github.com/yi-nology/git-sync-service/biz/model/base/base.go:964.2,965.1 2 0
github.com/yi-nology/git-sync-service/biz/model/base/base.go:966.2,966.81 1 0
github.com/yi-nology/git-sync-service/biz/model/base/base.go:969.42,970.14 1 0
github.com/yi-nology/git-sync-service/biz/model/base/base.go:970.14,972.3 1 0
github.com/yi-nology/git-sync-service/biz/model/base/base.go:973.2,973.47 1 0
github.com/yi-nology/git-sync-service/biz/router/register.go:11.41,14.2 1 0
github.com/yi-nology/git-sync-service/biz/model/webhook/webhook.go:24.44,26.2 1 0
github.com/yi-nology/git-sync-service/biz/model/webhook/webhook.go:28.42,29.2 0 0
github.com/yi-nology/git-sync-service/biz/model/webhook/webhook.go:31.45,33.2 1 0
github.com/yi-nology/git-sync-service/biz/model/webhook/webhook.go:35.48,37.2 1 0
github.com/yi-nology/git-sync-service/biz/model/webhook/webhook.go:39.51,41.2 1 0
github.com/yi-nology/git-sync-service/biz/model/webhook/webhook.go:43.53,45.2 1 0
github.com/yi-nology/git-sync-service/biz/model/webhook/webhook.go:47.57,49.2 1 0
github.com/yi-nology/git-sync-service/biz/model/webhook/webhook.go:51.50,53.2 1 0
github.com/yi-nology/git-sync-service/biz/model/webhook/webhook.go:55.56,57.2 1 0
github.com/yi-nology/git-sync-service/biz/model/webhook/webhook.go:59.54,61.2 1 0
github.com/yi-nology/git-sync-service/biz/model/webhook/webhook.go:63.49,65.2 1 0
github.com/yi-nology/git-sync-service/biz/model/webhook/webhook.go:67.55,69.2 1 0
github.com/yi-nology/git-sync-service/biz/model/webhook/webhook.go:71.53,73.2 1 0
github.com/yi-nology/git-sync-service/biz/model/webhook/webhook.go:89.68,94.50 3 0
github.com/yi-nology/git-sync-service/biz/model/webhook/webhook.go:94.50,95.28 1 0
github.com/yi-nology/git-sync-service/biz/model/webhook/webhook.go:98.2,98.6 1 0
github.com/yi-nology/git-sync-service/biz/model/webhook/webhook.go:98.6,100.17 2 0
github.com/yi-nology/git-sync-service/biz/model/webhook/webhook.go:100.17,101.28 1 0
github.com/yi-nology/git-sync-service/biz/model/webhook/webhook.go:103.3,103.33 1 0
github.com/yi-nology/git-sync-service/biz/model/webhook/webhook.go:103.33,104.9 1 0
github.com/yi-nology/git-sync-service/biz/model/webhook/webhook.go:107.3,107.18 1 0
github.com/yi-nology/git-sync-service/biz/model/webhook/webhook.go:108.10,109.33 1 0
github.com/yi-nology/git-sync-service/biz/model/webhook/webhook.go:109.33,110.46 1 0
github.com/yi-nology/git-sync-service/biz/model/webhook/webhook.go:110.46,111.25 1 0
github.com/yi-nology/git-sync-service/biz/model/webhook/webhook.go:113.10,113.56 1 0
github.com/yi-nology/git-sync-service/biz/model/webhook/webhook.go:113.56,114.24 1 0
github.com/yi-nology/git-sync-service/biz/model/webhook/webhook.go:116.10,117.36 1 0
github.com/yi-nology/git-sync-service/biz/model/webhook/webhook.go:117.36,118.46 1 0
github.com/yi-nology/git-sync-service/biz/model/webhook/webhook.go:118.46,119.25 1 0
github.com/yi-nology/git-sync-service/biz/model/webhook/webhook.go:121.10,121.56 1 0
github.com/yi-nology/git-sync-service/biz/model/webhook/webhook.go:121.56,122.24 1 0
github.com/yi-nology/git-sync-service/biz/model/webhook/webhook.go:124.10,125.36 1 0
github.com/yi-nology/git-sync-service/biz/model/webhook/webhook.go:125.36,126.46 1 0
github.com/yi-nology/git-sync-service/biz/model/webhook/webhook.go:126.46,127.25 1 0
github.com/yi-nology/git-sync-service/biz/model/webhook/webhook.go:129.10,129.56 1 0
github.com/yi-nology/git-sync-service/biz/model/webhook/webhook.go:129.56,130.24 1 0
github.com/yi-nology/git-sync-service/biz/model/webhook/webhook.go:132.10,133.36 1 0
github.com/yi-nology/git-sync-service/biz/model/webhook/webhook.go:133.36,134.46 1 0
github.com/yi-nology/git-sync-service/biz/model/webhook/webhook.go:134.46,135.25 1 0
github.com/yi-nology/git-sync-service/biz/model/webhook/webhook.go:137.10,137.56 1 0
github.com/yi-nology/git-sync-service/biz/model/webhook/webhook.go:137.56,138.24 1 0
github.com/yi-nology/git-sync-service/biz/model/webhook/webhook.go:140.10,141.36 1 0
github.com/yi-nology/git-sync-service/biz/model/webhook/webhook.go:141.36,142.46 1 0
github.com/yi-nology/git-sync-service/biz/model/webhook/webhook.go:142.46,143.25 1 0
github.com/yi-nology/git-sync-service/biz/model/webhook/webhook.go:145.10,145.56 1 0
github.com/yi-nology/git-sync-service/biz/model/webhook/webhook.go:145.56,146.24 1 0
github.com/yi-nology/git-sync-service/biz/model/webhook/webhook.go:148.10,149.36 1 0
github.com/yi-nology/git-sync-service/biz/model/webhook/webhook.go:149.36,150.46 1 0
github.com/yi-nology/git-sync-service/biz/model/webhook/webhook.go:150.46,151.25 1 0
github.com/yi-nology/git-sync-service/biz/model/webhook/webhook.go:153.10,153.56 1 0
github.com/yi-nology/git-sync-service/biz/model/webhook/webhook.go:153.56,154.24 1 0
github.com/yi-nology/git-sync-service/biz/model/webhook/webhook.go:156.10,157.36 1 0
github.com/yi-nology/git-sync-service/biz/model/webhook/webhook.go:157.36,158.46 1 0
github.com/yi-nology/git-sync-service/biz/model/webhook/webhook.go:158.46,159.25 1 0
github.com/yi-nology/git-sync-service/biz/model/webhook/webhook.go:161.10,161.56 1 0
github.com/yi-nology/git-sync-service/biz/model/webhook/webhook.go:161.56,162.24 1 0
github.com/yi-nology/git-sync-service/biz/model/webhook/webhook.go:164.10,165.33 1 0
github.com/yi-nology/git-sync-service/biz/model/webhook/webhook.go:165.33,166.46 1 0
github.com/yi-nology/git-sync-service/biz/model/webhook/webhook.go:166.46,167.25 1 0
github.com/yi-nology/git-sync-service/biz/model/webhook/webhook.go:169.10,169.56 1 0
github.com/yi-nology/git-sync-service/biz/model/webhook/webhook.go:169.56,170.24 1 0
github.com/yi-nology/git-sync-service/biz/model/webhook/webhook.go:172.10,173.34 1 0
github.com/yi-nology/git-sync-service/biz/model/webhook/webhook.go:173.34,174.46 1 0
github.com/yi-nology/git-sync-service/biz/model/webhook/webhook.go:174.46,175.25 1 0
github.com/yi-nology/git-sync-service/biz/model/webhook/webhook.go:177.10,177.56 1 0
github.com/yi-nology/git-sync-service/biz/model/webhook/webhook.go:177.56,178.24 1 0
github.com/yi-nology/git-sync-service/biz/model/webhook/webhook.go:180.11,181.36 1 0
github.com/yi-nology/git-sync-service/biz/model/webhook/webhook.go:181.36,182.47 1 0
github.com/yi-nology/git-sync-service/biz/model/webhook/webhook.go:182.47,183.25 1 0
github.com/yi-nology/git-sync-service/biz/model/webhook/webhook.go:185.10,185.56 1 0
github.com/yi-nology/git-sync-service/biz/model/webhook/webhook.go:185.56,186.24 1 0
github.com/yi-nology/git-sync-service/biz/model/webhook/webhook.go:188.11,189.36 1 0
github.com/yi-nology/git-sync-service/biz/model/webhook/webhook.go:189.36,190.47 1 0
github.com/yi-nology/git-sync-service/biz/model/webhook/webhook.go:190.47,191.25 1 0
github.com/yi-nology/git-sync-service/biz/model/webhook/webhook.go:193.10,193.56 1 0
github.com/yi-nology/git-sync-service/biz/model/webhook/webhook.go:193.56,194.24 1 0
github.com/yi-nology/git-sync-service/biz/model/webhook/webhook.go:196.11,197.49 1 0
github.com/yi-nology/git-sync-service/biz/model/webhook/webhook.go:197.49,198.24 1 0
github.com/yi-nology/git-sync-service/biz/model/webhook/webhook.go:201.3,201.45 1 0
github.com/yi-nology/git-sync-service/biz/model/webhook/webhook.go:201.45,202.26 1 0
github.com/yi-nology/git-sync-service/biz/model/webhook/webhook.go:205.2,205.45 1 0
github.com/yi-nology/git-sync-service/biz/model/webhook/webhook.go:205.45,206.26 1 0
github.com/yi-nology/git-sync-service/biz/model/webhook/webhook.go:209.2,210.1 2 0
github.com/yi-nology/git-sync-service/biz/model/webhook/webhook.go:211.2,212.1 2 0
github.com/yi-nology/git-sync-service/biz/model/webhook/webhook.go:213.2,214.1 2 0
github.com/yi-nology/git-sync-service/biz/model/webhook/webhook.go:215.2,216.1 2 0
github.com/yi-nology/git-sync-service/biz/model/webhook/webhook.go:217.2,219.1 2 0
github.com/yi-nology/git-sync-service/biz/model/webhook/webhook.go:220.2,221.1 2 0
github.com/yi-nology/git-sync-service/biz/model/webhook/webhook.go:222.2,222.79 1 0
github.com/yi-nology/git-sync-service/biz/model/webhook/webhook.go:225.68,228.43 2 0
github.com/yi-nology/git-sync-service/biz/model/webhook/webhook.go:228.43,230.3 1 0
github.com/yi-nology/git-sync-service/biz/model/webhook/webhook.go:230.8,232.3 1 0
github.com/yi-nology/git-sync-service/biz/model/webhook/webhook.go:233.2,234.12 2 0
github.com/yi-nology/git-sync-service/biz/model/webhook/webhook.go:236.68,239.46 2 0
github.com/yi-nology/git-sync-service/biz/model/webhook/webhook.go:239.46,241.3 1 0
github.com/yi-nology/git-sync-service/biz/model/webhook/webhook.go:241.8,243.3 1 0
github.com/yi-nology/git-sync-service/biz/model/webhook/webhook.go:244.2,245.12 2 0
github.com/yi-nology/git-sync-service/biz/model/webhook/webhook.go:247.68,250.46 2 0
github.com/yi-nology/git-sync-service/biz/model/webhook/webhook.go:250.46,252.3 1 0
github.com/yi-nology/git-sync-service/biz/model/webhook/webhook.go:252.8,254.3 1 0
github.com/yi-nology/git-sync-service/biz/model/webhook/webhook.go:255.2,256.12 2 0
github.com/yi-nology/git-sync-service/biz/model/webhook/webhook.go:258.68,261.46 2 0
github.com/yi-nology/git-sync-service/biz/model/webhook/webhook.go:261.46,263.3 1 0
github.com/yi-nology/git-sync-service/biz/model/webhook/webhook.go:263.8,265.3 1 0
github.com/yi-nology/git-sync-service/biz/model/webhook/webhook.go:266.2,267.12 2 0
github.com/yi-nology/git-sync-service/biz/model/webhook/webhook.go:269.68,272.46 2 0
github.com/yi-nology/git-sync-service/biz/model/webhook/webhook.go:272.46,274.3 1 0
github.com/yi-nology/git-sync-service/biz/model/webhook/webhook.go:274.8,276.3 1 0
github.com/yi-nology/git-sync-service/biz/model/webhook/webhook.go:277.2,278.12 2 0
github.com/yi-nology/git-sync-service/biz/model/webhook/webhook.go:280.68,283.46 2 0
github.com/yi-nology/git-sync-service/biz/model/webhook/webhook.go:283.46,285.3 1 0
github.com/yi-nology/git-sync-service/biz/model/webhook/webhook.go:285.8,287.3 1 0
github.com/yi-nology/git-sync-service/biz/model/webhook/webhook.go:288.2,289.12 2 0
github.com/yi-nology/git-sync-service/biz/model/webhook/webhook.go:291.68,294.46 2 0
github.com/yi-nology/git-sync-service/biz/model/webhook/webhook.go:294.46,296.3 1 0
github.com/yi-nology/git-sync-service/biz/model/webhook/webhook.go:296.8,298.3 1 0
github.com/yi-nology/git-sync-service/biz/model/webhook/webhook.go:299.2,300.12 2 0
github.com/yi-nology/git-sync-service/biz/model/webhook/webhook.go:302.68,305.43 2 0
github.com/yi-nology/git-sync-service/biz/model/webhook/webhook.go:305.43,307.3 1 0
github.com/yi-nology/git-sync-service/biz/model/webhook/webhook.go:307.8,309.3 1 0
github.com/yi-nology/git-sync-service/biz/model/webhook/webhook.go:310.2,311.12 2 0
github.com/yi-nology/git-sync-service/biz/model/webhook/webhook.go:313.68,316.44 2 0
github.com/yi-nology/git-sync-service/biz/model/webhook/webhook.go:316.44,318.3 1 0
github.com/yi-nology/git-sync-service/biz/model/webhook/webhook.go:318.8,320.3 1 0
github.com/yi-nology/git-sync-service/biz/model/webhook/webhook.go:321.2,322.12 2 0
github.com/yi-nology/git-sync-service/biz/model/webhook/webhook.go:324.69,327.46 2 0
github.com/yi-nology/git-sync-service/biz/model/webhook/webhook.go:327.46,329.3 1 0
github.com/yi-nology/git-sync-service/biz/model/webhook/webhook.go:329.8,331.3 1 0
github.com/yi-nology/git-sync-service/biz/model/webhook/webhook.go:332.2,333.12 2 0
github.com/yi-nology/git-sync-service/biz/model/webhook/webhook.go:335.69,338.46 2 0
github.com/yi-nology/git-sync-service/biz/model/webhook/webhook.go:338.46,340.3 1 0
github.com/yi-nology/git-sync-service/biz/model/webhook/webhook.go:340.8,342.3 1 0
github.com/yi-nology/git-sync-service/biz/model/webhook/webhook.go:343.2,344.12 2 0
github.com/yi-nology/git-sync-service/biz/model/webhook/webhook.go:347.69,349.65 2 0
github.com/yi-nology/git-sync-service/biz/model/webhook/webhook.go:349.65,350.29 1 0
github.com/yi-nology/git-sync-service/biz/model/webhook/webhook.go:352.2,352.14 1 0
github.com/yi-nology/git-sync-service/biz/model/webhook/webhook.go:352.14,353.45 1 0
github.com/yi-nology/git-sync-service/biz/model/webhook/webhook.go:353.45,355.24 2 0
github.com/yi-nology/git-sync-service/biz/model/webhook/webhook.go:357.3,357.45 1 0
github.com/yi-nology/git-sync-service/biz/model/webhook/webhook.go:357.45,359.24 2 0
github.com/yi-nology/git-sync-service/biz/model/webhook/webhook.go:361.3,361.45 1 0
github.com/yi-nology/git-sync-service/biz/model/webhook/webhook.go:361.45,363.24 2 0
github.com/yi-nology/git-sync-service/biz/model/webhook/webhook.go:365.3,365.45 1 0
github.com/yi-nology/git-sync-service/biz/model/webhook/webhook.go:365.45,367.24 2 0
github.com/yi-nology/git-sync-service/biz/model/webhook/webhook.go:369.3,369.45 1 0
github.com/yi-nology/git-sync-service/biz/model/webhook/webhook.go:369.45,371.24 2 0
github.com/yi-nology/git-sync-service/biz/model/webhook/webhook.go:373.3,373.45 1 0
github.com/yi-nology/git-sync-service/biz/model/webhook/webhook.go:373.45,375.24 2 0
github.com/yi-nology/git-sync-service/biz/model/webhook/webhook.go:377.3,377.45 1 0
github.com/yi-nology/git-sync-service/biz/model/webhook/webhook.go:377.45,379.24 2 0
github.com/yi-nology/git-sync-service/biz/model/webhook/webhook.go:381.3,381.45 1 0
github.com/yi-nology/git-sync-service/biz/model/webhook/webhook.go:381.45,383.24 2 0
github.com/yi-nology/git-sync-service/biz/model/webhook/webhook.go:385.3,385.45 1 0
github.com/yi-nology/git-sync-service/biz/model/webhook/webhook.go:385.45,387.24 2 0
github.com/yi-nology/git-sync-service/biz/model/webhook/webhook.go:389.3,389.46 1 0
github.com/yi-nology/git-sync-service/biz/model/webhook/webhook.go:389.46,391.24 2 0
github.com/yi-nology/git-sync-service/biz/model/webhook/webhook.go:393.3,393.46 1 0
github.com/yi-nology/git-sync-service/biz/model/webhook/webhook.go:393.46,395.24 2 0
github.com/yi-nology/git-sync-service/biz/model/webhook/webhook.go:398.2,398.46 1 0
github.com/yi-nology/git-sync-service/biz/model/webhook/webhook.go:398.46,399.27 1 0
github.com/yi-nology/git-sync-service/biz/model/webhook/webhook.go:401.2,401.46 1 0
github.com/yi-nology/git-sync-service/biz/model/webhook/webhook.go:401.46,402.27 1 0
github.com/yi-nology/git-sync-service/biz/model/webhook/webhook.go:404.2,405.1 2 0
github.com/yi-nology/git-sync-service/biz/model/webhook/webhook.go:406.2,407.1 2 0
github.com/yi-nology/git-sync-service/biz/model/webhook/webhook.go:408.2,409.1 2 0
github.com/yi-nology/git-sync-service/biz/model/webhook/webhook.go:410.2,411.1 2 0
github.com/yi-nology/git-sync-service/biz/model/webhook/webhook.go:412.2,412.80 1 0
github.com/yi-nology/git-sync-service/biz/model/webhook/webhook.go:415.75,416.66 1 0
github.com/yi-nology/git-sync-service/biz/model/webhook/webhook.go:416.66,417.28 1 0
github.com/yi-nology/git-sync-service/biz/model/webhook/webhook.go:419.2,419.45 1 0
github.com/yi-nology/git-sync-service/biz/model/webhook/webhook.go:419.45,421.3 1 0
github.com/yi-nology/git-sync-service/biz/model/webhook/webhook.go:422.2,422.45 1 0
github.com/yi-nology/git-sync-service/biz/model/webhook/webhook.go:422.45,423.26 1 0
github.com/yi-nology/git-sync-service/biz/model/webhook/webhook.go:425.2,426.1 2 0
github.com/yi-nology/git-sync-service/biz/model/webhook/webhook.go:427.2,428.1 2 0
github.com/yi-nology/git-sync-service/biz/model/webhook/webhook.go:429.2,429.81 1 0
github.com/yi-nology/git-sync-service/biz/model/webhook/webhook.go:432.75,433.71 1 0
github.com/yi-nology/git-sync-service/biz/model/webhook/webhook.go:433.71,434.28 1 0
github.com/yi-nology/git-sync-service/biz/model/webhook/webhook.go:436.2,436.50 1 0
github.com/yi-nology/git-sync-service/biz/model/webhook/webhook.go:436.50,438.3 1 0
github.com/yi-nology/git-sync-service/biz/model/webhook/webhook.go:439.2,439.45 1 0
github.com/yi-nology/git-sync-service/biz/model/webhook/webhook.go:439.45,440.26 1 0
github.com/yi-nology/git-sync-service/biz/model/webhook/webhook.go:442.2,443.1 2 0
github.com/yi-nology/git-sync-service/biz/model/webhook/webhook.go:444.2,445.1 2 0
github.com/yi-nology/git-sync-service/biz/model/webhook/webhook.go:446.2,446.81 1 0
github.com/yi-nology/git-sync-service/biz/model/webhook/webhook.go:449.75,450.75 1 0
github.com/yi-nology/git-sync-service/biz/model/webhook/webhook.go:450.75,451.28 1 0
github.com/yi-nology/git-sync-service/biz/model/webhook/webhook.go:453.2,453.53 1 0
github.com/yi-nology/git-sync-service/biz/model/webhook/webhook.go:453.53,455.3 1 0
github.com/yi-nology/git-sync-service/biz/model/webhook/webhook.go:456.2,456.45 1 0
github.com/yi-nology/git-sync-service/biz/model/webhook/webhook.go:456.45,457.26 1 0
github.com/yi-nology/git-sync-service/biz/model/webhook/webhook.go:459.2,460.1 2 0
github.com/yi-nology/git-sync-service/biz/model/webhook/webhook.go:461.2,462.1 2 0
github.com/yi-nology/git-sync-service/biz/model/webhook/webhook.go:463.2,463.81 1 0
github.com/yi-nology/git-sync-service/biz/model/webhook/webhook.go:466.75,467.77 1 0
github.com/yi-nology/git-sync-service/biz/model/webhook/webhook.go:467.77,468.28 1 0
github.com/yi-nology/git-sync-service/biz/model/webhook/webhook.go:470.2,470.55 1 0
github.com/yi-nology/git-sync-service/biz/model/webhook/webhook.go:470.55,472.3 1 0
github.com/yi-nology/git-sync-service/biz/model/webhook/webhook.go:473.2,473.45 1 0
github.com/yi-nology/git-sync-service/biz/model/webhook/webhook.go:473.45,474.26 1 0
github.com/yi-nology/git-sync-service/biz/model/webhook/webhook.go:476.2,477.1 2 0
github.com/yi-nology/git-sync-service/biz/model/webhook/webhook.go:478.2,479.1 2 0
github.com/yi-nology/git-sync-service/biz/model/webhook/webhook.go:480.2,480.81 1 0
github.com/yi-nology/git-sync-service/biz/model/webhook/webhook.go:483.75,484.81 1 0
github.com/yi-nology/git-sync-service/biz/model/webhook/webhook.go:484.81,485.28 1 0
github.com/yi-nology/git-sync-service/biz/model/webhook/webhook.go:487.2,487.59 1 0
github.com/yi-nology/git-sync-service/biz/model/webhook/webhook.go:487.59,489.3 1 0
github.com/yi-nology/git-sync-service/biz/model/webhook/webhook.go:490.2,490.45 1 0
github.com/yi-nology/git-sync-service/biz/model/webhook/webhook.go:490.45,491.26 1 0
github.com/yi-nology/git-sync-service/biz/model/webhook/webhook.go:493.2,494.1 2 0
github.com/yi-nology/git-sync-service/biz/model/webhook/webhook.go:495.2,496.1 2 0
github.com/yi-nology/git-sync-service/biz/model/webhook/webhook.go:497.2,497.81 1 0
github.com/yi-nology/git-sync-service/biz/model/webhook/webhook.go:500.75,501.73 1 0
github.com/yi-nology/git-sync-service/biz/model/webhook/webhook.go:501.73,502.28 1 0
github.com/yi-nology/git-sync-service/biz/model/webhook/webhook.go:504.2,504.52 1 0
github.com/yi-nology/git-sync-service/biz/model/webhook/webhook.go:504.52,506.3 1 0
github.com/yi-nology/git-sync-service/biz/model/webhook/webhook.go:507.2,507.45 1 0
github.com/yi-nology/git-sync-service/biz/model/webhook/webhook.go:507.45,508.26 1 0
github.com/yi-nology/git-sync-service/biz/model/webhook/webhook.go:510.2,511.1 2 0
github.com/yi-nology/git-sync-service/biz/model/webhook/webhook.go:512.2,513.1 2 0
github.com/yi-nology/git-sync-service/biz/model/webhook/webhook.go:514.2,514.81 1 0
github.com/yi-nology/git-sync-service/biz/model/webhook/webhook.go:517.75,518.81 1 0
github.com/yi-nology/git-sync-service/biz/model/webhook/webhook.go:518.81,519.28 1 0
github.com/yi-nology/git-sync-service/biz/model/webhook/webhook.go:521.2,521.58 1 0
github.com/yi-nology/git-sync-service/biz/model/webhook/webhook.go:521.58,523.3 1 0
github.com/yi-nology/git-sync-service/biz/model/webhook/webhook.go:524.2,524.45 1 0
github.com/yi-nology/git-sync-service/biz/model/webhook/webhook.go:524.45,525.26 1 0
github.com/yi-nology/git-sync-service/biz/model/webhook/webhook.go:527.2,528.1 2 0
github.com/yi-nology/git-sync-service/biz/model/webhook/webhook.go:529.2,530.1 2 0
github.com/yi-nology/git-sync-service/biz/model/webhook/webhook.go:531.2,531.81 1 0
github.com/yi-nology/git-sync-service/biz/model/webhook/webhook.go:534.75,535.76 1 0
github.com/yi-nology/git-sync-service/biz/model/webhook/webhook.go:535.76,536.28 1 0
github.com/yi-nology/git-sync-service/biz/model/webhook/webhook.go:538.2,538.54 1 0
github.com/yi-nology/git-sync-service/biz/model/webhook/webhook.go:538.54,540.3 1 0
github.com/yi-nology/git-sync-service/biz/model/webhook/webhook.go:541.2,541.45 1 0
github.com/yi-nology/git-sync-service/biz/model/webhook/webhook.go:541.45,542.26 1 0
github.com/yi-nology/git-sync-service/biz/model/webhook/webhook.go:544.2,545.1 2 0
github.com/yi-nology/git-sync-service/biz/model/webhook/webhook.go:546.2,547.1 2 0
github.com/yi-nology/git-sync-service/biz/model/webhook/webhook.go:548.2,548.81 1 0
github.com/yi-nology/git-sync-service/biz/model/webhook/webhook.go:551.75,552.72 1 0
github.com/yi-nology/git-sync-service/biz/model/webhook/webhook.go:552.72,553.28 1 0
github.com/yi-nology/git-sync-service/biz/model/webhook/webhook.go:555.2,555.51 1 0
github.com/yi-nology/git-sync-service/biz/model/webhook/webhook.go:555.51,557.3 1 0
github.com/yi-nology/git-sync-service/biz/model/webhook/webhook.go:558.2,558.45 1 0
github.com/yi-nology/git-sync-service/biz/model/webhook/webhook.go:558.45,559.26 1 0
github.com/yi-nology/git-sync-service/biz/model/webhook/webhook.go:561.2,562.1 2 0
github.com/yi-nology/git-sync-service/biz/model/webhook/webhook.go:563.2,564.1 2 0
github.com/yi-nology/git-sync-service/biz/model/webhook/webhook.go:565.2,565.81 1 0
github.com/yi-nology/git-sync-service/biz/model/webhook/webhook.go:568.76,569.79 1 0
github.com/yi-nology/git-sync-service/biz/model/webhook/webhook.go:569.79,570.28 1 0
github.com/yi-nology/git-sync-service/biz/model/webhook/webhook.go:572.2,572.57 1 0
github.com/yi-nology/git-sync-service/biz/model/webhook/webhook.go:572.57,574.3 1 0
github.com/yi-nology/git-sync-service/biz/model/webhook/webhook.go:575.2,575.45 1 0
github.com/yi-nology/git-sync-service/biz/model/webhook/webhook.go:575.45,576.26 1 0
github.com/yi-nology/git-sync-service/biz/model/webhook/webhook.go:578.2,579.1 2 0
github.com/yi-nology/git-sync-service/biz/model/webhook/webhook.go:580.2,581.1 2 0
github.com/yi-nology/git-sync-service/biz/model/webhook/webhook.go:582.2,582.82 1 0
github.com/yi-nology/git-sync-service/biz/model/webhook/webhook.go:585.76,586.78 1 0
github.com/yi-nology/git-sync-service/biz/model/webhook/webhook.go:586.78,587.28 1 0
github.com/yi-nology/git-sync-service/biz/model/webhook/webhook.go:589.2,589.55 1 0
github.com/yi-nology/git-sync-service/biz/model/webhook/webhook.go:589.55,591.3 1 0
github.com/yi-nology/git-sync-service/biz/model/webhook/webhook.go:592.2,592.45 1 0
github.com/yi-nology/git-sync-service/biz/model/webhook/webhook.go:592.45,593.26 1 0
github.com/yi-nology/git-sync-service/biz/model/webhook/webhook.go:595.2,596.1 2 0
github.com/yi-nology/git-sync-service/biz/model/webhook/webhook.go:597.2,598.1 2 0
github.com/yi-nology/git-sync-service/biz/model/webhook/webhook.go:599.2,599.82 1 0
github.com/yi-nology/git-sync-service/biz/model/webhook/webhook.go:602.43,603.14 1 0
github.com/yi-nology/git-sync-service/biz/model/webhook/webhook.go:603.14,605.3 1 0
github.com/yi-nology/git-sync-service/biz/model/webhook/webhook.go:606.2,606.48 1 0
github.com/yi-nology/git-sync-service/biz/model/webhook/webhook.go:614.38,616.2 1 0
github.com/yi-nology/git-sync-service/biz/model/webhook/webhook.go:618.39,619.2 0 0
github.com/yi-nology/git-sync-service/biz/model/webhook/webhook.go:621.48,623.2 1 0
github.com/yi-nology/git-sync-service/biz/model/webhook/webhook.go:629.65,634.50 3 0
github.com/yi-nology/git-sync-service/biz/model/webhook/webhook.go:634.50,635.28 1 0
github.com/yi-nology/git-sync-service/biz/model/webhook/webhook.go:638.2,638.6 1 0
github.com/yi-nology/git-sync-service/biz/model/webhook/webhook.go:638.6,640.17 2 0
github.com/yi-nology/git-sync-service/biz/model/webhook/webhook.go:640.17,641.28 1 0
github.com/yi-nology/git-sync-service/biz/model/webhook/webhook.go:643.3,643.33 1 0
github.com/yi-nology/git-sync-service/biz/model/webhook/webhook.go:643.33,644.9 1 0
github.com/yi-nology/git-sync-service/biz/model/webhook/webhook.go:647.3,647.18 1 0
github.com/yi-nology/git-sync-service/biz/model/webhook/webhook.go:648.10,649.36 1 0
github.com/yi-nology/git-sync-service/biz/model/webhook/webhook.go:649.36,650.46 1 0
github.com/yi-nology/git-sync-service/biz/model/webhook/webhook.go:650.46,651.25 1 0
github.com/yi-nology/git-sync-service/biz/model/webhook/webhook.go:653.10,653.56 1 0
github.com/yi-nology/git-sync-service/biz/model/webhook/webhook.go:653.56,654.24 1 0
github.com/yi-nology/git-sync-service/biz/model/webhook/webhook.go:656.11,657.49 1 0
github.com/yi-nology/git-sync-service/biz/model/webhook/webhook.go:657.49,658.24 1 0
github.com/yi-nology/git-sync-service/biz/model/webhook/webhook.go:661.3,661.45 1 0
github.com/yi-nology/git-sync-service/biz/model/webhook/webhook.go:661.45,662.26 1 0
github.com/yi-nology/git-sync-service/biz/model/webhook/webhook.go:665.2,665.45 1 0
github.com/yi-nology/git-sync-service/biz/model/webhook/webhook.go:665.45,666.26 1 0
github.com/yi-nology/git-sync-service/biz/model/webhook/webhook.go:669.2,670.1 2 0
github.com/yi-nology/git-sync-service/biz/model/webhook/webhook.go:671.2,672.1 2 0
github.com/yi-nology/git-sync-service/biz/model/webhook/webhook.go:673.2,674.1 2 0
github.com/yi-nology/git-sync-service/biz/model/webhook/webhook.go:675.2,676.1 2 0
github.com/yi-nology/git-sync-service/biz/model/webhook/webhook.go:677.2,679.1 2 0
github.com/yi-nology/git-sync-service/biz/model/webhook/webhook.go:680.2,681.1 2 0
github.com/yi-nology/git-sync-service/biz/model/webhook/webhook.go:682.2,682.79 1 0
github.com/yi-nology/git-sync-service/biz/model/webhook/webhook.go:685.65,688.46 2 0
github.com/yi-nology/git-sync-service/biz/model/webhook/webhook.go:688.46,690.3 1 0
github.com/yi-nology/git-sync-service/biz/model/webhook/webhook.go:690.8,692.3 1 0
github.com/yi-nology/git-sync-service/biz/model/webhook/webhook.go:693.2,694.12 2 0
github.com/yi-nology/git-sync-service/biz/model/webhook/webhook.go:697.66,699.62 2 0
github.com/yi-nology/git-sync-service/biz/model/webhook/webhook.go:699.62,700.29 1 0
github.com/yi-nology/git-sync-service/biz/model/webhook/webhook.go:702.2,702.14 1 0
github.com/yi-nology/git-sync-service/biz/model/webhook/webhook.go:702.14,703.45 1 0
github.com/yi-nology/git-sync-service/biz/model/webhook/webhook.go:703.45,705.24 2 0
github.com/yi-nology/git-sync-service/biz/model/webhook/webhook.go:708.2,708.46 1 0
github.com/yi-nology/git-sync-service/biz/model/webhook/webhook.go:708.46,709.27 1 0
github.com/yi-nology/git-sync-service/biz/model/webhook/webhook.go:711.2,711.46 1 0
github.com/yi-nology/git-sync-service/biz/model/webhook/webhook.go:711.46,712.27 1 0
github.com/yi-nology/git-sync-service/biz/model/webhook/webhook.go:714.2,715.1 2 0
github.com/yi-nology/git-sync-service/biz/model/webhook/webhook.go:716.2,717.1 2 0
github.com/yi-nology/git-sync-service/biz/model/webhook/webhook.go:718.2,719.1 2 0
github.com/yi-nology/git-sync-service/biz/model/webhook/webhook.go:720.2,721.1 2 0
github.com/yi-nology/git-sync-service/biz/model/webhook/webhook.go:722.2,722.80 1 0
github.com/yi-nology/git-sync-service/biz/model/webhook/webhook.go:725.72,726.75 1 0
github.com/yi-nology/git-sync-service/biz/model/webhook/webhook.go:726.75,727.28 1 0
github.com/yi-nology/git-sync-service/biz/model/webhook/webhook.go:729.2,729.53 1 0
github.com/yi-nology/git-sync-service/biz/model/webhook/webhook.go:729.53,731.3 1 0
github.com/yi-nology/git-sync-service/biz/model/webhook/webhook.go:732.2,732.45 1 0
github.com/yi-nology/git-sync-service/biz/model/webhook/webhook.go:732.45,733.26 1 0
github.com/yi-nology/git-sync-service/biz/model/webhook/webhook.go:735.2,736.1 2 0
github.com/yi-nology/git-sync-service/biz/model/webhook/webhook.go:737.2,738.1 2 0
github.com/yi-nology/git-sync-service/biz/model/webhook/webhook.go:739.2,739.81 1 0
github.com/yi-nology/git-sync-service/biz/model/webhook/webhook.go:742.40,743.14 1 0
github.com/yi-nology/git-sync-service/biz/model/webhook/webhook.go:743.14,745.3 1 0
github.com/yi-nology/git-sync-service/biz/model/webhook/webhook.go:746.2,746.45 1 0
github.com/yi-nology/git-sync-service/biz/model/webhook/webhook.go:754.40,756.2 1 0
github.com/yi-nology/git-sync-service/biz/model/webhook/webhook.go:758.40,759.2 0 0
github.com/yi-nology/git-sync-service/biz/model/webhook/webhook.go:761.59,763.2 1 0
github.com/yi-nology/git-sync-service/biz/model/webhook/webhook.go:769.66,774.50 3 0
github.com/yi-nology/git-sync-service/biz/model/webhook/webhook.go:774.50,775.28 1 0
github.com/yi-nology/git-sync-service/biz/model/webhook/webhook.go:778.2,778.6 1 0
github.com/yi-nology/git-sync-service/biz/model/webhook/webhook.go:778.6,780.17 2 0
github.com/yi-nology/git-sync-service/biz/model/webhook/webhook.go:780.17,781.28 1 0
github.com/yi-nology/git-sync-service/biz/model/webhook/webhook.go:783.3,783.33 1 0
github.com/yi-nology/git-sync-service/biz/model/webhook/webhook.go:783.33,784.9 1 0
github.com/yi-nology/git-sync-service/biz/model/webhook/webhook.go:787.3,787.18 1 0
github.com/yi-nology/git-sync-service/biz/model/webhook/webhook.go:788.10,789.34 1 0
github.com/yi-nology/git-sync-service/biz/model/webhook/webhook.go:789.34,790.46 1 0
github.com/yi-nology/git-sync-service/biz/model/webhook/webhook.go:790.46,791.25 1 0
github.com/yi-nology/git-sync-service/biz/model/webhook/webhook.go:793.10,793.56 1 0
github.com/yi-nology/git-sync-service/biz/model/webhook/webhook.go:793.56,794.24 1 0
github.com/yi-nology/git-sync-service/biz/model/webhook/webhook.go:796.11,797.49 1 0
github.com/yi-nology/git-sync-service/biz/model/webhook/webhook.go:797.49,798.24 1 0
[...]
github.com/yi-nology/git-sync-service/internal/service/task_service.go:84.2,84.28 1 2
github.com/yi-nology/git-sync-service/internal/service/task_service.go:84.28,86.3 1 1
github.com/yi-nology/git-sync-service/internal/service/task_service.go:87.2,87.28 1 2
github.com/yi-nology/git-sync-service/internal/service/task_service.go:87.28,89.3 1 1
github.com/yi-nology/git-sync-service/internal/service/task_service.go:90.2,90.24 1 2
github.com/yi-nology/git-sync-service/internal/service/task_service.go:90.24,92.3 1 0
github.com/yi-nology/git-sync-service/internal/service/task_service.go:93.2,93.20 1 2
github.com/yi-nology/git-sync-service/internal/service/task_service.go:93.20,95.3 1 0
github.com/yi-nology/git-sync-service/internal/service/task_service.go:96.2,103.48 7 2
github.com/yi-nology/git-sync-service/internal/service/task_service.go:103.48,105.3 1 0
github.com/yi-nology/git-sync-service/internal/service/task_service.go:107.2,107.18 1 2
github.com/yi-nology/git-sync-service/internal/service/task_service.go:111.74,113.2 1 1
github.com/yi-nology/git-sync-service/internal/service/task_service.go:116.122,118.16 2 2
github.com/yi-nology/git-sync-service/internal/service/task_service.go:118.16,120.3 1 0
github.com/yi-nology/git-sync-service/internal/service/task_service.go:121.2,122.16 2 2
github.com/yi-nology/git-sync-service/internal/service/task_service.go:122.16,124.3 1 0
github.com/yi-nology/git-sync-service/internal/service/task_service.go:126.2,131.44 2 2
github.com/yi-nology/git-sync-service/internal/service/task_service.go:131.44,135.3 3 1
github.com/yi-nology/git-sync-service/internal/service/task_service.go:137.2,139.20 3 1
github.com/yi-nology/git-sync-service/internal/service/task_service.go:143.125,146.2 2 2
github.com/yi-nology/git-sync-service/internal/service/task_service.go:149.74,151.2 1 1
github.com/yi-nology/git-sync-service/internal/service/task_service.go:154.73,156.2 1 4
github.com/yi-nology/git-sync-service/internal/service/task_service.go:159.75,161.2 1 0
github.com/yi-nology/git-sync-service/internal/service/task_service.go:164.76,166.2 1 0
github.com/yi-nology/git-sync-service/internal/service/task_service.go:169.80,171.2 1 0
github.com/yi-nology/git-sync-service/internal/service/task_service.go:174.118,182.46 2 4
github.com/yi-nology/git-sync-service/internal/service/task_service.go:182.46,184.3 1 0
github.com/yi-nology/git-sync-service/internal/service/task_service.go:185.2,185.17 1 4
github.com/yi-nology/git-sync-service/internal/service/task_service.go:189.69,191.2 1 0
github.com/yi-nology/git-sync-service/internal/service/task_service.go:194.69,196.2 1 0
github.com/yi-nology/git-sync-service/internal/service/task_service.go:199.62,201.2 1 0
github.com/yi-nology/git-sync-service/internal/service/task_service.go:204.90,208.2 3 0
github.com/yi-nology/git-sync-service/internal/service/webhook.go:15.96,17.16 2 0
github.com/yi-nology/git-sync-service/internal/service/webhook.go:17.16,19.3 1 0
github.com/yi-nology/git-sync-service/internal/service/webhook.go:20.2,20.17 1 0
github.com/yi-nology/git-sync-service/internal/service/webhook.go:20.17,22.3 1 0
github.com/yi-nology/git-sync-service/internal/service/webhook.go:24.2,25.16 2 0
github.com/yi-nology/git-sync-service/internal/service/webhook.go:25.16,27.3 1 0
github.com/yi-nology/git-sync-service/internal/service/webhook.go:29.2,29.79 1 0
github.com/yi-nology/git-sync-service/internal/service/webhook.go:29.79,31.3 1 0
github.com/yi-nology/git-sync-service/internal/service/webhook.go:33.2,34.16 2 0
github.com/yi-nology/git-sync-service/internal/service/webhook.go:34.16,36.3 1 0
github.com/yi-nology/git-sync-service/internal/service/webhook.go:38.2,39.59 2 0
github.com/yi-nology/git-sync-service/internal/service/webhook.go:39.59,41.3 1 0
github.com/yi-nology/git-sync-service/internal/service/webhook.go:42.2,42.21 1 0
github.com/yi-nology/git-sync-service/internal/service/webhook.go:42.21,44.3 1 0
github.com/yi-nology/git-sync-service/internal/service/webhook.go:46.2,47.24 2 0
github.com/yi-nology/git-sync-service/internal/service/webhook.go:47.24,49.3 1 0
github.com/yi-nology/git-sync-service/internal/service/webhook.go:51.2,63.63 2 0
github.com/yi-nology/git-sync-service/internal/service/webhook.go:63.63,65.3 1 0
github.com/yi-nology/git-sync-service/internal/service/webhook.go:67.2,68.12 2 0
github.com/yi-nology/git-sync-service/internal/service/webhook.go:68.12,71.3 2 0
github.com/yi-nology/git-sync-service/internal/service/webhook.go:73.2,73.12 1 0
github.com/yi-nology/git-sync-service/internal/service/webhook.go:76.98,77.15 1 1
github.com/yi-nology/git-sync-service/internal/service/webhook.go:77.15,78.31 1 1
github.com/yi-nology/git-sync-service/internal/service/webhook.go:78.31,80.4 1 0
github.com/yi-nology/git-sync-service/internal/service/webhook.go:82.2,82.35 1 1
github.com/yi-nology/git-sync-service/internal/service/webhook.go:85.94,87.144 2 1
github.com/yi-nology/git-sync-service/internal/service/webhook.go:87.144,89.3 1 0
github.com/yi-nology/git-sync-service/internal/service/webhook.go:92.71,93.114 1 2
github.com/yi-nology/git-sync-service/internal/service/webhook.go:93.114,95.3 1 1
github.com/yi-nology/git-sync-service/internal/service/webhook.go:99.96,101.2 1 1
github.com/yi-nology/git-sync-service/internal/service/webhook.go:104.85,106.2 1 2
github.com/yi-nology/git-sync-service/internal/service/webhook.go:109.109,111.2 1 7
github.com/yi-nology/git-sync-service/internal/service/webhook.go:114.109,116.2 1 2
github.com/yi-nology/git-sync-service/internal/service/webhook.go:119.66,121.2 1 1
github.com/yi-nology/git-sync-service/internal/service/webhook.go:124.124,126.2 1 1
github.com/yi-nology/git-sync-service/internal/service/webhook.go:128.50,129.37 1 7
github.com/yi-nology/git-sync-service/internal/service/webhook.go:129.37,131.3 1 2
github.com/yi-nology/git-sync-service/internal/service/webhook.go:134.2,134.42 1 5
github.com/yi-nology/git-sync-service/internal/service/webhook.go:134.42,135.18 1 7
github.com/yi-nology/git-sync-service/internal/service/webhook.go:135.18,137.4 1 3
github.com/yi-nology/git-sync-service/internal/service/webhook.go:139.2,139.14 1 2
github.com/yi-nology/git-sync-service/internal/service/webhook.go:142.38,144.43 2 5
github.com/yi-nology/git-sync-service/internal/service/webhook.go:144.43,146.17 2 8
github.com/yi-nology/git-sync-service/internal/service/webhook.go:146.17,148.4 1 8
github.com/yi-nology/git-sync-service/internal/service/webhook.go:150.2,150.15 1 5
github.com/yi-nology/git-sync-service/internal/service/webhook.go:153.42,154.13 1 5
github.com/yi-nology/git-sync-service/internal/service/webhook.go:154.13,156.3 1 0
github.com/yi-nology/git-sync-service/internal/service/webhook.go:157.2,157.30 1 5
github.com/yi-nology/git-sync-service/internal/service/webhook.go:160.33,162.2 1 8
github.com/yi-nology/git-sync-service/internal/service/webhook_service.go:23.122,29.2 1 9
github.com/yi-nology/git-sync-service/internal/service/webhook_service.go:32.104,34.2 1 1
github.com/yi-nology/git-sync-service/internal/service/webhook_service.go:37.93,39.2 1 2
github.com/yi-nology/git-sync-service/internal/service/webhook_service.go:42.117,55.48 3 7
github.com/yi-nology/git-sync-service/internal/service/webhook_service.go:55.48,57.3 1 0
github.com/yi-nology/git-sync-service/internal/service/webhook_service.go:59.2,59.18 1 7
github.com/yi-nology/git-sync-service/internal/service/webhook_service.go:63.117,65.16 2 2
github.com/yi-nology/git-sync-service/internal/service/webhook_service.go:65.16,67.3 1 0
github.com/yi-nology/git-sync-service/internal/service/webhook_service.go:68.2,68.17 1 2
github.com/yi-nology/git-sync-service/internal/service/webhook_service.go:68.17,70.3 1 1
github.com/yi-nology/git-sync-service/internal/service/webhook_service.go:72.2,72.20 1 1
github.com/yi-nology/git-sync-service/internal/service/webhook_service.go:72.20,74.3 1 1
github.com/yi-nology/git-sync-service/internal/service/webhook_service.go:75.2,75.25 1 1
github.com/yi-nology/git-sync-service/internal/service/webhook_service.go:75.25,77.3 1 1
github.com/yi-nology/git-sync-service/internal/service/webhook_service.go:78.2,79.22 2 1
github.com/yi-nology/git-sync-service/internal/service/webhook_service.go:79.22,81.3 1 1
github.com/yi-nology/git-sync-service/internal/service/webhook_service.go:82.2,82.25 1 1
github.com/yi-nology/git-sync-service/internal/service/webhook_service.go:82.25,84.3 1 0
github.com/yi-nology/git-sync-service/internal/service/webhook_service.go:85.2,85.25 1 1
github.com/yi-nology/git-sync-service/internal/service/webhook_service.go:85.25,87.3 1 1
github.com/yi-nology/git-sync-service/internal/service/webhook_service.go:88.2,91.48 3 1
github.com/yi-nology/git-sync-service/internal/service/webhook_service.go:91.48,93.3 1 0
github.com/yi-nology/git-sync-service/internal/service/webhook_service.go:95.2,95.18 1 1
github.com/yi-nology/git-sync-service/internal/service/webhook_service.go:99.74,101.2 1 1
github.com/yi-nology/git-sync-service/internal/service/webhook_service.go:104.132,107.2 2 1
github.com/yi-nology/git-sync-service/internal/service/webhook_service.go:110.162,112.16 2 2
github.com/yi-nology/git-sync-service/internal/service/webhook_service.go:112.16,114.3 1 0
github.com/yi-nology/git-sync-service/internal/service/webhook_service.go:115.2,115.18 1 2
github.com/yi-nology/git-sync-service/internal/service/webhook_service.go:115.18,117.3 1 1
github.com/yi-nology/git-sync-service/internal/service/webhook_service.go:120.2,121.50 2 1
github.com/yi-nology/git-sync-service/internal/service/webhook_service.go:121.50,123.3 1 0
github.com/yi-nology/git-sync-service/internal/service/webhook_service.go:125.2,125.12 1 1
github.com/yi-nology/git-sync-service/internal/service/webhook_service.go:125.12,131.51 5 1
github.com/yi-nology/git-sync-service/internal/service/webhook_service.go:131.51,133.4 1 0
github.com/yi-nology/git-sync-service/internal/service/webhook_service.go:136.2,136.12 1 1
github.com/yi-nology/git-sync-service/internal/service/webhook_service.go:140.91,142.2 1 0
github.com/yi-nology/git-sync-service/internal/service/webhook_service.go:145.79,147.2 1 2
github.com/yi-nology/git-sync-service/internal/service/webhook_service.go:150.241,152.16 2 1
github.com/yi-nology/git-sync-service/internal/service/webhook_service.go:152.16,155.3 2 0
github.com/yi-nology/git-sync-service/internal/service/webhook_service.go:157.2,157.29 1 1
github.com/yi-nology/git-sync-service/internal/service/webhook_service.go:157.29,158.20 1 0
github.com/yi-nology/git-sync-service/internal/service/webhook_service.go:158.20,159.12 1 0
github.com/yi-nology/git-sync-service/internal/service/webhook_service.go:162.3,162.55 1 0
github.com/yi-nology/git-sync-service/internal/service/webhook_service.go:162.55,163.12 1 0
github.com/yi-nology/git-sync-service/internal/service/webhook_service.go:166.3,166.64 1 0
github.com/yi-nology/git-sync-service/internal/service/webhook_service.go:166.64,167.12 1 0
github.com/yi-nology/git-sync-service/internal/service/webhook_service.go:170.3,170.38 1 0
github.com/yi-nology/git-sync-service/internal/service/webhook_service.go:170.38,172.37 2 0
github.com/yi-nology/git-sync-service/internal/service/webhook_service.go:172.37,173.22 1 0
github.com/yi-nology/git-sync-service/internal/service/webhook_service.go:173.22,174.14 1 0
github.com/yi-nology/git-sync-service/internal/service/webhook_service.go:176.5,176.29 1 0
github.com/yi-nology/git-sync-service/internal/service/webhook_service.go:176.29,178.55 2 0
github.com/yi-nology/git-sync-service/internal/service/webhook_service.go:178.55,179.107 1 0
github.com/yi-nology/git-sync-service/internal/service/webhook_service.go:179.107,181.16 2 0
github.com/yi-nology/git-sync-service/internal/service/webhook_service.go:184.6,184.44 1 0
github.com/yi-nology/git-sync-service/internal/service/webhook_service.go:186.5,186.89 1 0
github.com/yi-nology/git-sync-service/internal/service/webhook_service.go:186.89,188.6 1 0
github.com/yi-nology/git-sync-service/internal/service/webhook_service.go:195.79,197.2 1 4
github.com/yi-nology/git-sync-service/internal/service/webhook_service.go:200.81,202.2 1 0
github.com/yi-nology/git-sync-service/internal/executor/error_classify.go:11.38,12.16 1 2
github.com/yi-nology/git-sync-service/internal/executor/error_classify.go:12.16,14.3 1 0
github.com/yi-nology/git-sync-service/internal/executor/error_classify.go:16.2,20.34 3 2
github.com/yi-nology/git-sync-service/internal/executor/error_classify.go:20.34,21.32 1 14
github.com/yi-nology/git-sync-service/internal/executor/error_classify.go:21.32,23.4 1 0
github.com/yi-nology/git-sync-service/internal/executor/error_classify.go:27.2,28.37 2 2
github.com/yi-nology/git-sync-service/internal/executor/error_classify.go:28.37,29.32 1 14
github.com/yi-nology/git-sync-service/internal/executor/error_classify.go:29.32,31.4 1 0
github.com/yi-nology/git-sync-service/internal/executor/error_classify.go:35.2,36.36 2 2
github.com/yi-nology/git-sync-service/internal/executor/error_classify.go:36.36,37.32 1 8
github.com/yi-nology/git-sync-service/internal/executor/error_classify.go:37.32,39.4 1 0
github.com/yi-nology/git-sync-service/internal/executor/error_classify.go:43.2,44.33 2 2
github.com/yi-nology/git-sync-service/internal/executor/error_classify.go:44.33,45.32 1 10
github.com/yi-nology/git-sync-service/internal/executor/error_classify.go:45.32,47.4 1 0
github.com/yi-nology/git-sync-service/internal/executor/error_classify.go:50.2,50.27 1 2
github.com/yi-nology/git-sync-service/internal/executor/executor.go:44.50,46.16 2 10
github.com/yi-nology/git-sync-service/internal/executor/executor.go:46.16,48.3 1 0
github.com/yi-nology/git-sync-service/internal/executor/executor.go:49.2,52.8 1 10
github.com/yi-nology/git-sync-service/internal/executor/executor.go:55.133,57.16 2 4
github.com/yi-nology/git-sync-service/internal/executor/executor.go:57.16,59.3 1 1
github.com/yi-nology/git-sync-service/internal/executor/executor.go:61.2,69.15 6 3
github.com/yi-nology/git-sync-service/internal/executor/executor.go:69.15,73.52 4 3
github.com/yi-nology/git-sync-service/internal/executor/executor.go:73.52,75.4 1 0
github.com/yi-nology/git-sync-service/internal/executor/executor.go:76.3,76.64 1 3
github.com/yi-nology/git-sync-service/internal/executor/executor.go:76.64,78.4 1 0
github.com/yi-nology/git-sync-service/internal/executor/executor.go:81.2,82.16 2 3
github.com/yi-nology/git-sync-service/internal/executor/executor.go:82.16,87.3 4 0
github.com/yi-nology/git-sync-service/internal/executor/executor.go:88.2,88.23 1 3
github.com/yi-nology/git-sync-service/internal/executor/executor.go:88.23,93.3 4 1
github.com/yi-nology/git-sync-service/internal/executor/executor.go:95.2,96.16 2 2
github.com/yi-nology/git-sync-service/internal/executor/executor.go:96.16,101.3 4 0
github.com/yi-nology/git-sync-service/internal/executor/executor.go:102.2,102.23 1 2
github.com/yi-nology/git-sync-service/internal/executor/executor.go:102.23,107.3 4 1
github.com/yi-nology/git-sync-service/internal/executor/executor.go:109.2,110.52 2 1
github.com/yi-nology/git-sync-service/internal/executor/executor.go:110.52,115.3 4 0
github.com/yi-nology/git-sync-service/internal/executor/executor.go:117.2,117.15 1 1
github.com/yi-nology/git-sync-service/internal/executor/executor.go:117.15,118.47 1 1
github.com/yi-nology/git-sync-service/internal/executor/executor.go:118.47,120.4 1 0
github.com/yi-nology/git-sync-service/internal/executor/executor.go:123.2,126.18 3 1
github.com/yi-nology/git-sync-service/internal/executor/executor.go:126.18,128.3 1 0
github.com/yi-nology/git-sync-service/internal/executor/executor.go:129.2,134.75 4 1
github.com/yi-nology/git-sync-service/internal/executor/executor.go:134.75,136.3 1 1
github.com/yi-nology/git-sync-service/internal/executor/executor.go:136.8,138.3 1 0
github.com/yi-nology/git-sync-service/internal/executor/executor.go:140.2,141.34 2 1
github.com/yi-nology/git-sync-service/internal/executor/executor.go:141.34,143.73 2 1
github.com/yi-nology/git-sync-service/internal/executor/executor.go:143.73,150.4 6 1
github.com/yi-nology/git-sync-service/internal/executor/executor.go:151.8,153.73 2 0
github.com/yi-nology/git-sync-service/internal/executor/executor.go:153.73,160.4 6 0
github.com/yi-nology/git-sync-service/internal/executor/executor.go:162.2,168.69 5 0
github.com/yi-nology/git-sync-service/internal/executor/executor.go:168.69,175.3 6 0
github.com/yi-nology/git-sync-service/internal/executor/executor.go:176.2,183.21 6 0
github.com/yi-nology/git-sync-service/internal/executor/executor.go:183.21,185.3 1 0
github.com/yi-nology/git-sync-service/internal/executor/executor.go:187.2,188.53 2 0
github.com/yi-nology/git-sync-service/internal/executor/executor.go:188.53,189.18 1 0
github.com/yi-nology/git-sync-service/internal/executor/executor.go:189.18,193.4 3 0
github.com/yi-nology/git-sync-service/internal/executor/executor.go:195.3,196.21 2 0
github.com/yi-nology/git-sync-service/internal/executor/executor.go:196.21,197.9 1 0
github.com/yi-nology/git-sync-service/internal/executor/executor.go:200.3,200.27 1 0
github.com/yi-nology/git-sync-service/internal/executor/executor.go:200.27,202.74 2 0
github.com/yi-nology/git-sync-service/internal/executor/executor.go:202.74,204.5 1 0
github.com/yi-nology/git-sync-service/internal/executor/executor.go:208.2,210.20 2 0
github.com/yi-nology/git-sync-service/internal/executor/executor.go:210.20,217.3 6 0
github.com/yi-nology/git-sync-service/internal/executor/executor.go:218.2,223.17 5 0
github.com/yi-nology/git-sync-service/internal/executor/executor.go:226.71,227.28 1 3
github.com/yi-nology/git-sync-service/internal/executor/executor.go:227.28,232.3 1 2
github.com/yi-nology/git-sync-service/internal/executor/executor.go:233.2,233.57 1 1
github.com/yi-nology/git-sync-service/internal/executor/executor.go:237.78,244.54 2 1
github.com/yi-nology/git-sync-service/internal/executor/executor.go:244.54,246.3 1 0
github.com/yi-nology/git-sync-service/internal/executor/executor.go:247.2,247.13 1 1
github.com/yi-nology/git-sync-service/internal/executor/executor.go:251.73,257.54 6 0
github.com/yi-nology/git-sync-service/internal/executor/executor.go:257.54,259.3 1 0
github.com/yi-nology/git-sync-service/internal/executor/executor.go:263.65,270.66 7 1
github.com/yi-nology/git-sync-service/internal/executor/executor.go:270.66,272.3 1 0
github.com/yi-nology/git-sync-service/internal/executor/executor.go:275.109,284.2 1 1
github.com/yi-nology/git-sync-service/internal/executor/executor.go:286.109,295.16 2 0
github.com/yi-nology/git-sync-service/internal/executor/executor.go:295.16,297.3 1 0
github.com/yi-nology/git-sync-service/internal/executor/executor.go:299.2,299.56 1 0
github.com/yi-nology/git-sync-service/internal/executor/executor.go:302.90,304.37 2 0
github.com/yi-nology/git-sync-service/internal/executor/executor.go:304.37,306.3 1 0
github.com/yi-nology/git-sync-service/internal/executor/executor.go:307.2,307.12 1 0
github.com/yi-nology/git-sync-service/internal/executor/executor.go:310.104,321.2 3 0
github.com/yi-nology/git-sync-service/internal/executor/executor.go:323.38,325.2 1 4
github.com/yi-nology/git-sync-service/internal/executor/executor.go:339.93,343.16 3 3
github.com/yi-nology/git-sync-service/internal/executor/executor.go:343.16,346.3 2 0
github.com/yi-nology/git-sync-service/internal/executor/executor.go:347.2,348.27 2 3
github.com/yi-nology/git-sync-service/internal/executor/executor.go:348.27,351.3 2 1
github.com/yi-nology/git-sync-service/internal/executor/executor.go:353.2,354.16 2 2
github.com/yi-nology/git-sync-service/internal/executor/executor.go:354.16,357.3 2 0
github.com/yi-nology/git-sync-service/internal/executor/executor.go:358.2,359.27 2 2
github.com/yi-nology/git-sync-service/internal/executor/executor.go:359.27,362.3 2 1
github.com/yi-nology/git-sync-service/internal/executor/executor.go:364.2,366.21 3 1
