mode: set
github.com/yi-nology/git-sync-service/internal/dao/dao_helper.go:10.79,12.61 2 1
github.com/yi-nology/git-sync-service/internal/dao/dao_helper.go:12.61,14.3 1 0
github.com/yi-nology/git-sync-service/internal/dao/dao_helper.go:15.2,16.19 2 1
github.com/yi-nology/git-sync-service/internal/dao/dao_helper.go:20.56,23.44 3 1
github.com/yi-nology/git-sync-service/internal/dao/dao_helper.go:23.44,25.3 1 1
github.com/yi-nology/git-sync-service/internal/dao/dao_helper.go:26.2,26.16 1 1
github.com/yi-nology/git-sync-service/internal/dao/dao_helper.go:26.16,28.3 1 0
github.com/yi-nology/git-sync-service/internal/dao/dao_helper.go:29.2,29.21 1 1
github.com/yi-nology/git-sync-service/internal/dao/dao_helper.go:33.60,36.44 3 1
github.com/yi-nology/git-sync-service/internal/dao/dao_helper.go:36.44,38.3 1 1
github.com/yi-nology/git-sync-service/internal/dao/dao_helper.go:39.2,39.16 1 1
github.com/yi-nology/git-sync-service/internal/dao/dao_helper.go:39.16,41.3 1 0
github.com/yi-nology/git-sync-service/internal/dao/dao_helper.go:42.2,42.21 1 1
github.com/yi-nology/git-sync-service/internal/dao/operation_log_dao.go:23.55,25.2 1 1
github.com/yi-nology/git-sync-service/internal/dao/operation_log_dao.go:28.65,30.2 1 1
github.com/yi-nology/git-sync-service/internal/dao/operation_log_dao.go:33.115,39.25 4 1
github.com/yi-nology/git-sync-service/internal/dao/operation_log_dao.go:39.25,42.3 2 1
github.com/yi-nology/git-sync-service/internal/dao/operation_log_dao.go:43.2,43.25 1 1
github.com/yi-nology/git-sync-service/internal/dao/operation_log_dao.go:43.25,45.3 1 1
github.com/yi-nology/git-sync-service/internal/dao/operation_log_dao.go:46.2,46.24 1 1
github.com/yi-nology/git-sync-service/internal/dao/operation_log_dao.go:46.24,48.3 1 1
github.com/yi-nology/git-sync-service/internal/dao/operation_log_dao.go:49.2,49.28 1 1
github.com/yi-nology/git-sync-service/internal/dao/operation_log_dao.go:49.28,51.3 1 1
github.com/yi-nology/git-sync-service/internal/dao/operation_log_dao.go:52.2,52.26 1 1
github.com/yi-nology/git-sync-service/internal/dao/operation_log_dao.go:52.26,54.3 1 1
github.com/yi-nology/git-sync-service/internal/dao/operation_log_dao.go:56.2,56.50 1 1
github.com/yi-nology/git-sync-service/internal/dao/operation_log_dao.go:56.50,58.3 1 0
github.com/yi-nology/git-sync-service/internal/dao/operation_log_dao.go:60.2,60.103 1 1
github.com/yi-nology/git-sync-service/internal/dao/operation_log_dao.go:60.103,62.3 1 0
github.com/yi-nology/git-sync-service/internal/dao/operation_log_dao.go:63.2,63.25 1 1
github.com/yi-nology/git-sync-service/internal/dao/operation_log_dao.go:67.66,71.2 3 1
github.com/yi-nology/git-sync-service/internal/dao/operation_log_dao.go:74.53,78.2 3 1
github.com/yi-nology/git-sync-service/internal/dao/platform_dao.go:20.56,22.16 2 1
github.com/yi-nology/git-sync-service/internal/dao/platform_dao.go:22.16,24.3 1 0
github.com/yi-nology/git-sync-service/internal/dao/platform_dao.go:25.2,25.42 1 1
github.com/yi-nology/git-sync-service/internal/dao/platform_dao.go:29.50,30.37 1 1
github.com/yi-nology/git-sync-service/internal/dao/platform_dao.go:30.37,31.64 1 0
github.com/yi-nology/git-sync-service/internal/dao/platform_dao.go:31.64,33.4 1 0
github.com/yi-nology/git-sync-service/internal/dao/platform_dao.go:38.63,39.30 1 1
github.com/yi-nology/git-sync-service/internal/dao/platform_dao.go:39.30,41.3 1 1
github.com/yi-nology/git-sync-service/internal/dao/platform_dao.go:45.56,46.25 1 1
github.com/yi-nology/git-sync-service/internal/dao/platform_dao.go:46.25,48.3 1 1
github.com/yi-nology/git-sync-service/internal/dao/platform_dao.go:49.2,50.16 2 0
github.com/yi-nology/git-sync-service/internal/dao/platform_dao.go:50.16,52.3 1 0
github.com/yi-nology/git-sync-service/internal/dao/platform_dao.go:53.2,54.12 2 0
github.com/yi-nology/git-sync-service/internal/dao/platform_dao.go:58.62,59.44 1 1
github.com/yi-nology/git-sync-service/internal/dao/platform_dao.go:59.44,61.3 1 0
github.com/yi-nology/git-sync-service/internal/dao/platform_dao.go:62.2,62.36 1 1
github.com/yi-nology/git-sync-service/internal/dao/platform_dao.go:66.70,69.16 3 1
github.com/yi-nology/git-sync-service/internal/dao/platform_dao.go:69.16,71.3 1 1
github.com/yi-nology/git-sync-service/internal/dao/platform_dao.go:72.2,73.23 2 1
github.com/yi-nology/git-sync-service/internal/dao/platform_dao.go:77.66,80.16 3 1
github.com/yi-nology/git-sync-service/internal/dao/platform_dao.go:80.16,82.3 1 1
github.com/yi-nology/git-sync-service/internal/dao/platform_dao.go:83.2,84.23 2 1
github.com/yi-nology/git-sync-service/internal/dao/platform_dao.go:88.60,91.16 3 1
github.com/yi-nology/git-sync-service/internal/dao/platform_dao.go:91.16,93.3 1 0
github.com/yi-nology/git-sync-service/internal/dao/platform_dao.go:94.2,95.23 2 1
github.com/yi-nology/git-sync-service/internal/dao/platform_dao.go:99.82,102.16 3 1
github.com/yi-nology/git-sync-service/internal/dao/platform_dao.go:102.16,104.3 1 0
github.com/yi-nology/git-sync-service/internal/dao/platform_dao.go:105.2,106.23 2 1
github.com/yi-nology/git-sync-service/internal/dao/platform_dao.go:110.62,113.16 3 1
github.com/yi-nology/git-sync-service/internal/dao/platform_dao.go:113.16,115.3 1 0
github.com/yi-nology/git-sync-service/internal/dao/platform_dao.go:116.2,117.23 2 1
github.com/yi-nology/git-sync-service/internal/dao/platform_dao.go:121.62,122.44 1 1
github.com/yi-nology/git-sync-service/internal/dao/platform_dao.go:122.44,124.3 1 0
github.com/yi-nology/git-sync-service/internal/dao/platform_dao.go:125.2,125.34 1 1
github.com/yi-nology/git-sync-service/internal/dao/platform_dao.go:130.85,132.2 1 1
github.com/yi-nology/git-sync-service/internal/dao/platform_dao.go:135.48,137.2 1 1
github.com/yi-nology/git-sync-service/internal/dao/platform_dao.go:140.52,143.16 2 1
github.com/yi-nology/git-sync-service/internal/dao/platform_dao.go:143.16,145.3 1 0
github.com/yi-nology/git-sync-service/internal/dao/platform_dao.go:147.2,147.93 1 1
github.com/yi-nology/git-sync-service/internal/dao/platform_dao.go:151.62,154.16 3 1
github.com/yi-nology/git-sync-service/internal/dao/platform_dao.go:154.16,156.3 1 0
github.com/yi-nology/git-sync-service/internal/dao/platform_dao.go:157.2,157.100 1 1
github.com/yi-nology/git-sync-service/internal/dao/platform_dao.go:161.74,167.2 1 1
github.com/yi-nology/git-sync-service/internal/dao/platform_dao.go:170.46,174.2 3 1
github.com/yi-nology/git-sync-service/internal/dao/repo_dao.go:17.54,18.16 1 1
github.com/yi-nology/git-sync-service/internal/dao/repo_dao.go:18.16,20.3 1 1
github.com/yi-nology/git-sync-service/internal/dao/repo_dao.go:21.2,21.17 1 1
github.com/yi-nology/git-sync-service/internal/dao/repo_dao.go:21.17,23.3 1 1
github.com/yi-nology/git-sync-service/internal/dao/repo_dao.go:24.2,24.16 1 1
github.com/yi-nology/git-sync-service/internal/dao/repo_dao.go:24.16,26.3 1 1
github.com/yi-nology/git-sync-service/internal/dao/repo_dao.go:27.2,27.49 1 1
github.com/yi-nology/git-sync-service/internal/dao/repo_dao.go:35.48,37.16 2 1
github.com/yi-nology/git-sync-service/internal/dao/repo_dao.go:37.16,39.3 1 0
github.com/yi-nology/git-sync-service/internal/dao/repo_dao.go:40.2,40.38 1 1
github.com/yi-nology/git-sync-service/internal/dao/repo_dao.go:43.74,47.2 3 1
github.com/yi-nology/git-sync-service/internal/dao/repo_dao.go:49.62,52.44 3 1
github.com/yi-nology/git-sync-service/internal/dao/repo_dao.go:52.44,54.3 1 1
github.com/yi-nology/git-sync-service/internal/dao/repo_dao.go:55.2,55.16 1 1
github.com/yi-nology/git-sync-service/internal/dao/repo_dao.go:55.16,57.3 1 0
github.com/yi-nology/git-sync-service/internal/dao/repo_dao.go:59.2,59.28 1 1
github.com/yi-nology/git-sync-service/internal/dao/repo_dao.go:59.28,60.67 1 0
github.com/yi-nology/git-sync-service/internal/dao/repo_dao.go:60.67,62.4 1 0
github.com/yi-nology/git-sync-service/internal/dao/repo_dao.go:65.2,65.30 1 1
github.com/yi-nology/git-sync-service/internal/dao/repo_dao.go:65.30,66.69 1 0
github.com/yi-nology/git-sync-service/internal/dao/repo_dao.go:66.69,68.4 1 0
github.com/yi-nology/git-sync-service/internal/dao/repo_dao.go:70.2,70.19 1 1
github.com/yi-nology/git-sync-service/internal/dao/repo_dao.go:73.50,74.28 1 1
github.com/yi-nology/git-sync-service/internal/dao/repo_dao.go:74.28,76.17 2 0
github.com/yi-nology/git-sync-service/internal/dao/repo_dao.go:76.17,78.4 1 0
github.com/yi-nology/git-sync-service/internal/dao/repo_dao.go:79.3,79.31 1 0
github.com/yi-nology/git-sync-service/internal/dao/repo_dao.go:81.2,81.30 1 1
github.com/yi-nology/git-sync-service/internal/dao/repo_dao.go:81.30,83.17 2 0
github.com/yi-nology/git-sync-service/internal/dao/repo_dao.go:83.17,85.4 1 0
github.com/yi-nology/git-sync-service/internal/dao/repo_dao.go:86.3,86.33 1 0
github.com/yi-nology/git-sync-service/internal/dao/repo_dao.go:88.2,88.32 1 1
github.com/yi-nology/git-sync-service/internal/dao/repo_dao.go:91.50,92.28 1 1
github.com/yi-nology/git-sync-service/internal/dao/repo_dao.go:92.28,94.17 2 0
github.com/yi-nology/git-sync-service/internal/dao/repo_dao.go:94.17,96.4 1 0
github.com/yi-nology/git-sync-service/internal/dao/repo_dao.go:97.3,97.31 1 0
github.com/yi-nology/git-sync-service/internal/dao/repo_dao.go:99.2,99.30 1 1
github.com/yi-nology/git-sync-service/internal/dao/repo_dao.go:99.30,101.17 2 0
github.com/yi-nology/git-sync-service/internal/dao/repo_dao.go:101.17,103.4 1 0
github.com/yi-nology/git-sync-service/internal/dao/repo_dao.go:104.3,104.33 1 0
github.com/yi-nology/git-sync-service/internal/dao/repo_dao.go:106.2,106.30 1 1
github.com/yi-nology/git-sync-service/internal/dao/repo_dao.go:109.44,111.2 1 1
github.com/yi-nology/git-sync-service/internal/dao/repo_dao.go:114.72,117.44 3 1
github.com/yi-nology/git-sync-service/internal/dao/repo_dao.go:117.44,119.3 1 1
github.com/yi-nology/git-sync-service/internal/dao/repo_dao.go:120.2,120.16 1 1
github.com/yi-nology/git-sync-service/internal/dao/repo_dao.go:120.16,122.3 1 0
github.com/yi-nology/git-sync-service/internal/dao/repo_dao.go:123.2,123.19 1 1
github.com/yi-nology/git-sync-service/internal/dao/repo_dao.go:127.76,130.16 3 1
github.com/yi-nology/git-sync-service/internal/dao/repo_dao.go:130.16,132.3 1 0
github.com/yi-nology/git-sync-service/internal/dao/repo_dao.go:133.2,133.19 1 1
github.com/yi-nology/git-sync-service/internal/dao/repo_dao.go:154.41,156.2 1 1
github.com/yi-nology/git-sync-service/internal/dao/repo_dao.go:159.101,166.25 4 1
github.com/yi-nology/git-sync-service/internal/dao/repo_dao.go:166.25,169.3 2 0
github.com/yi-nology/git-sync-service/internal/dao/repo_dao.go:172.2,172.27 1 1
github.com/yi-nology/git-sync-service/internal/dao/repo_dao.go:172.27,174.3 1 1
github.com/yi-nology/git-sync-service/internal/dao/repo_dao.go:175.2,175.25 1 1
github.com/yi-nology/git-sync-service/internal/dao/repo_dao.go:175.25,177.3 1 1
github.com/yi-nology/git-sync-service/internal/dao/repo_dao.go:180.2,180.50 1 1
github.com/yi-nology/git-sync-service/internal/dao/repo_dao.go:180.50,182.3 1 0
github.com/yi-nology/git-sync-service/internal/dao/repo_dao.go:186.2,187.38 2 1
github.com/yi-nology/git-sync-service/internal/dao/repo_dao.go:187.38,189.3 1 0
github.com/yi-nology/git-sync-service/internal/dao/repo_dao.go:190.2,191.29 2 1
github.com/yi-nology/git-sync-service/internal/dao/repo_dao.go:191.29,193.3 1 0
github.com/yi-nology/git-sync-service/internal/dao/repo_dao.go:196.2,196.115 1 1
github.com/yi-nology/git-sync-service/internal/dao/repo_dao.go:196.115,198.3 1 0
github.com/yi-nology/git-sync-service/internal/dao/repo_dao.go:200.2,200.26 1 1
github.com/yi-nology/git-sync-service/internal/dao/repo_dao.go:204.42,206.70 2 1
github.com/yi-nology/git-sync-service/internal/dao/repo_dao.go:206.70,208.3 1 0
github.com/yi-nology/git-sync-service/internal/dao/repo_dao.go:209.2,209.19 1 1
github.com/yi-nology/git-sync-service/internal/dao/sync_run_dao.go:14.45,16.2 1 1
github.com/yi-nology/git-sync-service/internal/dao/sync_run_dao.go:18.102,23.2 4 1
github.com/yi-nology/git-sync-service/internal/dao/sync_run_dao.go:25.55,27.2 1 1
github.com/yi-nology/git-sync-service/internal/dao/sync_run_dao.go:29.55,31.2 1 1
github.com/yi-nology/git-sync-service/internal/dao/sync_run_dao.go:33.44,35.2 1 1
github.com/yi-nology/git-sync-service/internal/dao/sync_run_dao.go:37.76,41.2 3 1
github.com/yi-nology/git-sync-service/internal/dao/sync_run_dao.go:43.79,47.2 3 1
github.com/yi-nology/git-sync-service/internal/dao/sync_run_dao.go:49.68,53.2 3 1
github.com/yi-nology/git-sync-service/internal/dao/sync_run_step_dao.go:14.53,16.2 1 1
github.com/yi-nology/git-sync-service/internal/dao/sync_run_step_dao.go:18.64,20.2 1 1
github.com/yi-nology/git-sync-service/internal/dao/sync_run_step_dao.go:22.64,24.2 1 1
github.com/yi-nology/git-sync-service/internal/dao/sync_run_step_dao.go:26.80,30.2 3 1
github.com/yi-nology/git-sync-service/internal/dao/sync_run_step_dao.go:32.83,36.2 3 1
github.com/yi-nology/git-sync-service/internal/dao/sync_task_dao.go:12.47,14.2 1 1
github.com/yi-nology/git-sync-service/internal/dao/sync_task_dao.go:16.104,21.2 4 1
github.com/yi-nology/git-sync-service/internal/dao/sync_task_dao.go:23.70,25.2 1 1
github.com/yi-nology/git-sync-service/internal/dao/sync_task_dao.go:27.67,31.2 3 1
github.com/yi-nology/git-sync-service/internal/dao/sync_task_dao.go:33.58,35.2 1 1
github.com/yi-nology/git-sync-service/internal/dao/sync_task_dao.go:37.58,39.2 1 1
github.com/yi-nology/git-sync-service/internal/dao/sync_task_dao.go:41.48,43.2 1 1
github.com/yi-nology/git-sync-service/internal/dao/sync_task_dao.go:45.82,49.2 3 1
github.com/yi-nology/git-sync-service/internal/dao/sync_task_dao.go:53.65,61.33 2 1
github.com/yi-nology/git-sync-service/internal/dao/sync_task_dao.go:61.33,63.3 1 0
github.com/yi-nology/git-sync-service/internal/dao/sync_task_dao.go:64.2,66.25 3 1
github.com/yi-nology/git-sync-service/internal/dao/sync_task_dao.go:66.25,69.3 2 1
github.com/yi-nology/git-sync-service/internal/dao/sync_task_dao.go:70.2,71.17 2 1
github.com/yi-nology/git-sync-service/internal/dao/webhook_event_dao.go:15.55,17.2 1 1
github.com/yi-nology/git-sync-service/internal/dao/webhook_event_dao.go:19.86,22.44 3 1
github.com/yi-nology/git-sync-service/internal/dao/webhook_event_dao.go:22.44,24.3 1 0
github.com/yi-nology/git-sync-service/internal/dao/webhook_event_dao.go:25.2,25.20 1 1
github.com/yi-nology/git-sync-service/internal/dao/webhook_event_dao.go:28.112,33.2 4 1
github.com/yi-nology/git-sync-service/internal/dao/webhook_event_dao.go:35.67,37.2 1 1
github.com/yi-nology/git-sync-service/internal/dao/webhook_event_dao.go:39.67,41.2 1 1
github.com/yi-nology/git-sync-service/internal/dao/webhook_event_dao.go:43.74,45.2 1 1
github.com/yi-nology/git-sync-service/internal/dao/webhook_event_dao.go:47.102,50.19 3 1
github.com/yi-nology/git-sync-service/internal/dao/webhook_event_dao.go:50.19,52.3 1 1
github.com/yi-nology/git-sync-service/internal/dao/webhook_event_dao.go:53.2,54.20 2 1
github.com/yi-nology/git-sync-service/internal/dao/webhook_event_dao.go:57.84,61.2 3 1
github.com/yi-nology/git-sync-service/internal/dao/webhook_event_dao.go:63.73,67.2 3 1
github.com/yi-nology/git-sync-service/internal/dao/webhook_rule_dao.go:14.53,16.2 1 1
github.com/yi-nology/git-sync-service/internal/dao/webhook_rule_dao.go:18.86,22.2 3 1
github.com/yi-nology/git-sync-service/internal/dao/webhook_rule_dao.go:24.72,27.44 3 1
github.com/yi-nology/git-sync-service/internal/dao/webhook_rule_dao.go:27.44,29.3 1 1
github.com/yi-nology/git-sync-service/internal/dao/webhook_rule_dao.go:30.2,30.19 1 1
github.com/yi-nology/git-sync-service/internal/dao/webhook_rule_dao.go:33.64,35.2 1 1
github.com/yi-nology/git-sync-service/internal/dao/webhook_rule_dao.go:37.64,38.50 1 1
github.com/yi-nology/git-sync-service/internal/dao/webhook_rule_dao.go:38.50,39.81 1 1
github.com/yi-nology/git-sync-service/internal/dao/webhook_rule_dao.go:39.81,41.4 1 0
github.com/yi-nology/git-sync-service/internal/dao/webhook_rule_dao.go:42.3,42.29 1 1
github.com/yi-nology/git-sync-service/internal/dao/webhook_rule_dao.go:46.48,47.50 1 1
github.com/yi-nology/git-sync-service/internal/dao/webhook_rule_dao.go:47.50,48.92 1 1
github.com/yi-nology/git-sync-service/internal/dao/webhook_rule_dao.go:48.92,50.4 1 0
github.com/yi-nology/git-sync-service/internal/dao/webhook_rule_dao.go:51.3,51.51 1 1
github.com/yi-nology/git-sync-service/internal/dao/webhook_rule_dao.go:55.90,59.2 3 1
github.com/yi-nology/git-sync-service/internal/converter/operation_log.go:9.74,10.14 1 1
github.com/yi-nology/git-sync-service/internal/converter/operation_log.go:10.14,12.3 1 1
github.com/yi-nology/git-sync-service/internal/converter/operation_log.go:13.2,21.3 1 1
github.com/yi-nology/git-sync-service/internal/converter/operation_log.go:25.81,27.25 2 1
github.com/yi-nology/git-sync-service/internal/converter/operation_log.go:27.25,29.3 1 1
github.com/yi-nology/git-sync-service/internal/converter/operation_log.go:30.2,30.15 1 1
github.com/yi-nology/git-sync-service/internal/converter/platform.go:12.68,13.14 1 1
github.com/yi-nology/git-sync-service/internal/converter/platform.go:13.14,15.3 1 1
github.com/yi-nology/git-sync-service/internal/converter/platform.go:16.2,17.25 2 1
github.com/yi-nology/git-sync-service/internal/converter/platform.go:17.25,19.3 1 1
github.com/yi-nology/git-sync-service/internal/converter/platform.go:20.2,37.3 1 1
github.com/yi-nology/git-sync-service/internal/converter/platform.go:41.80,43.30 2 1
github.com/yi-nology/git-sync-service/internal/converter/platform.go:43.30,45.3 1 1
github.com/yi-nology/git-sync-service/internal/converter/platform.go:46.2,46.15 1 1
github.com/yi-nology/git-sync-service/internal/converter/platform.go:50.83,51.28 1 1
github.com/yi-nology/git-sync-service/internal/converter/platform.go:51.28,53.3 1 1
github.com/yi-nology/git-sync-service/internal/converter/platform.go:54.2,54.20 1 1
github.com/yi-nology/git-sync-service/internal/converter/platform.go:54.20,56.3 1 1
github.com/yi-nology/git-sync-service/internal/converter/platform.go:57.2,57.27 1 1
github.com/yi-nology/git-sync-service/internal/converter/platform.go:57.27,59.3 1 1
github.com/yi-nology/git-sync-service/internal/converter/platform.go:60.2,60.22 1 1
github.com/yi-nology/git-sync-service/internal/converter/platform.go:60.22,62.3 1 1
github.com/yi-nology/git-sync-service/internal/converter/platform.go:63.2,63.27 1 1
github.com/yi-nology/git-sync-service/internal/converter/platform.go:63.27,65.3 1 0
github.com/yi-nology/git-sync-service/internal/converter/platform.go:66.2,66.30 1 1
github.com/yi-nology/git-sync-service/internal/converter/platform.go:66.30,68.3 1 0
github.com/yi-nology/git-sync-service/internal/converter/platform.go:69.2,69.26 1 1
github.com/yi-nology/git-sync-service/internal/converter/platform.go:69.26,71.3 1 0
github.com/yi-nology/git-sync-service/internal/converter/platform.go:72.2,72.24 1 1
github.com/yi-nology/git-sync-service/internal/converter/platform.go:72.24,74.3 1 0
github.com/yi-nology/git-sync-service/internal/converter/platform.go:75.2,75.26 1 1
github.com/yi-nology/git-sync-service/internal/converter/platform.go:75.26,77.3 1 0
github.com/yi-nology/git-sync-service/internal/converter/repo.go:10.52,11.14 1 1
github.com/yi-nology/git-sync-service/internal/converter/repo.go:11.14,13.3 1 1
github.com/yi-nology/git-sync-service/internal/converter/repo.go:14.2,27.3 1 1
github.com/yi-nology/git-sync-service/internal/converter/repo.go:30.64,32.26 2 1
github.com/yi-nology/git-sync-service/internal/converter/repo.go:32.26,34.3 1 1
github.com/yi-nology/git-sync-service/internal/converter/repo.go:35.2,35.15 1 1
github.com/yi-nology/git-sync-service/internal/converter/safe_convert.go:8.36,10.2 1 1
github.com/yi-nology/git-sync-service/internal/converter/safe_convert.go:13.34,14.23 1 1
github.com/yi-nology/git-sync-service/internal/converter/safe_convert.go:14.23,16.3 1 1
github.com/yi-nology/git-sync-service/internal/converter/safe_convert.go:17.2,17.23 1 1
github.com/yi-nology/git-sync-service/internal/converter/safe_convert.go:17.23,19.3 1 1
github.com/yi-nology/git-sync-service/internal/converter/safe_convert.go:20.2,20.17 1 1
github.com/yi-nology/git-sync-service/internal/converter/safe_convert.go:24.38,25.23 1 1
github.com/yi-nology/git-sync-service/internal/converter/safe_convert.go:25.23,27.3 1 1
github.com/yi-nology/git-sync-service/internal/converter/safe_convert.go:28.2,28.23 1 1
github.com/yi-nology/git-sync-service/internal/converter/safe_convert.go:28.23,30.3 1 1
github.com/yi-nology/git-sync-service/internal/converter/safe_convert.go:31.2,31.17 1 1
github.com/yi-nology/git-sync-service/internal/converter/safe_convert.go:35.36,36.23 1 1
github.com/yi-nology/git-sync-service/internal/converter/safe_convert.go:36.23,38.3 1 1
github.com/yi-nology/git-sync-service/internal/converter/safe_convert.go:39.2,39.17 1 1
github.com/yi-nology/git-sync-service/internal/converter/task.go:8.60,9.14 1 1
github.com/yi-nology/git-sync-service/internal/converter/task.go:9.14,11.3 1 1
github.com/yi-nology/git-sync-service/internal/converter/task.go:12.2,13.24 2 1
github.com/yi-nology/git-sync-service/internal/converter/task.go:13.24,15.3 1 1
github.com/yi-nology/git-sync-service/internal/converter/task.go:16.2,25.3 1 1
github.com/yi-nology/git-sync-service/internal/converter/task.go:28.72,30.26 2 1
github.com/yi-nology/git-sync-service/internal/converter/task.go:30.26,32.3 1 1
github.com/yi-nology/git-sync-service/internal/converter/task.go:33.2,33.15 1 1
github.com/yi-nology/git-sync-service/internal/converter/task.go:36.61,37.14 1 1
github.com/yi-nology/git-sync-service/internal/converter/task.go:37.14,39.3 1 1
github.com/yi-nology/git-sync-service/internal/converter/task.go:40.2,41.22 2 1
github.com/yi-nology/git-sync-service/internal/converter/task.go:41.22,43.3 1 1
github.com/yi-nology/git-sync-service/internal/converter/task.go:44.2,51.29 2 1
github.com/yi-nology/git-sync-service/internal/converter/task.go:51.29,54.3 2 0
github.com/yi-nology/git-sync-service/internal/converter/task.go:55.2,55.22 1 1
github.com/yi-nology/git-sync-service/internal/converter/task.go:55.22,57.26 2 0
github.com/yi-nology/git-sync-service/internal/converter/task.go:57.26,59.4 1 0
github.com/yi-nology/git-sync-service/internal/converter/task.go:60.3,60.44 1 0
github.com/yi-nology/git-sync-service/internal/converter/task.go:62.2,62.13 1 1
github.com/yi-nology/git-sync-service/internal/converter/task.go:65.72,67.25 2 1
github.com/yi-nology/git-sync-service/internal/converter/task.go:67.25,69.3 1 1
github.com/yi-nology/git-sync-service/internal/converter/task.go:70.2,70.15 1 1
github.com/yi-nology/git-sync-service/internal/converter/task.go:73.73,74.14 1 1
github.com/yi-nology/git-sync-service/internal/converter/task.go:74.14,76.3 1 1
github.com/yi-nology/git-sync-service/internal/converter/task.go:77.2,87.22 2 1
github.com/yi-nology/git-sync-service/internal/converter/task.go:87.22,89.3 1 1
github.com/yi-nology/git-sync-service/internal/converter/task.go:90.2,90.13 1 1
github.com/yi-nology/git-sync-service/internal/converter/task.go:93.85,95.26 2 1
github.com/yi-nology/git-sync-service/internal/converter/task.go:95.26,97.3 1 1
github.com/yi-nology/git-sync-service/internal/converter/task.go:98.2,98.15 1 1
github.com/yi-nology/git-sync-service/internal/converter/task.go:101.52,102.19 1 1
github.com/yi-nology/git-sync-service/internal/converter/task.go:102.19,104.3 1 1
github.com/yi-nology/git-sync-service/internal/converter/task.go:105.2,105.20 1 1
github.com/yi-nology/git-sync-service/internal/converter/task.go:105.20,107.3 1 1
github.com/yi-nology/git-sync-service/internal/converter/task.go:108.2,108.15 1 1
github.com/yi-nology/git-sync-service/internal/converter/task.go:108.15,110.3 1 1
github.com/yi-nology/git-sync-service/internal/converter/task.go:111.2,111.50 1 1
github.com/yi-nology/git-sync-service/internal/converter/webhook.go:10.69,11.14 1 1
github.com/yi-nology/git-sync-service/internal/converter/webhook.go:11.14,13.3 1 1
github.com/yi-nology/git-sync-service/internal/converter/webhook.go:14.2,20.3 1 1
github.com/yi-nology/git-sync-service/internal/converter/webhook.go:23.81,25.26 2 1
github.com/yi-nology/git-sync-service/internal/converter/webhook.go:25.26,27.3 1 1
github.com/yi-nology/git-sync-service/internal/converter/webhook.go:28.2,28.15 1 1
github.com/yi-nology/git-sync-service/internal/converter/webhook.go:31.72,32.14 1 1
github.com/yi-nology/git-sync-service/internal/converter/webhook.go:32.14,34.3 1 1
github.com/yi-nology/git-sync-service/internal/converter/webhook.go:35.2,36.26 2 1
github.com/yi-nology/git-sync-service/internal/converter/webhook.go:36.26,38.3 1 1
github.com/yi-nology/git-sync-service/internal/converter/webhook.go:39.2,45.3 1 1
github.com/yi-nology/git-sync-service/internal/converter/webhook.go:48.85,50.27 2 1
github.com/yi-nology/git-sync-service/internal/converter/webhook.go:50.27,52.3 1 1
github.com/yi-nology/git-sync-service/internal/converter/webhook.go:53.2,53.15 1 1
github.com/yi-nology/git-sync-service/internal/executor/error_classify.go:13.38,14.16 1 1
github.com/yi-nology/git-sync-service/internal/executor/error_classify.go:14.16,16.3 1 1
github.com/yi-nology/git-sync-service/internal/executor/error_classify.go:19.2,20.27 2 1
github.com/yi-nology/git-sync-service/internal/executor/error_classify.go:20.27,21.10 1 0
github.com/yi-nology/git-sync-service/internal/executor/error_classify.go:22.38,23.26 1 0
github.com/yi-nology/git-sync-service/internal/executor/error_classify.go:24.35,25.29 1 0
github.com/yi-nology/git-sync-service/internal/executor/error_classify.go:26.32,27.28 1 0
github.com/yi-nology/git-sync-service/internal/executor/error_classify.go:28.29,29.29 1 0
github.com/yi-nology/git-sync-service/internal/executor/error_classify.go:30.29,31.28 1 0
github.com/yi-nology/git-sync-service/internal/executor/error_classify.go:36.2,40.34 3 1
github.com/yi-nology/git-sync-service/internal/executor/error_classify.go:40.34,41.32 1 1
github.com/yi-nology/git-sync-service/internal/executor/error_classify.go:41.32,43.4 1 1
github.com/yi-nology/git-sync-service/internal/executor/error_classify.go:47.2,48.37 2 1
github.com/yi-nology/git-sync-service/internal/executor/error_classify.go:48.37,49.32 1 1
github.com/yi-nology/git-sync-service/internal/executor/error_classify.go:49.32,51.4 1 1
github.com/yi-nology/git-sync-service/internal/executor/error_classify.go:55.2,56.36 2 1
github.com/yi-nology/git-sync-service/internal/executor/error_classify.go:56.36,57.32 1 1
github.com/yi-nology/git-sync-service/internal/executor/error_classify.go:57.32,59.4 1 1
github.com/yi-nology/git-sync-service/internal/executor/error_classify.go:63.2,64.33 2 1
github.com/yi-nology/git-sync-service/internal/executor/error_classify.go:64.33,65.32 1 1
github.com/yi-nology/git-sync-service/internal/executor/error_classify.go:65.32,67.4 1 1
github.com/yi-nology/git-sync-service/internal/executor/error_classify.go:70.2,70.27 1 1
github.com/yi-nology/git-sync-service/internal/executor/executor.go:50.50,53.40 2 1
github.com/yi-nology/git-sync-service/internal/executor/executor.go:53.40,55.3 1 1
github.com/yi-nology/git-sync-service/internal/executor/executor.go:56.2,57.16 2 1
github.com/yi-nology/git-sync-service/internal/executor/executor.go:57.16,59.3 1 1
github.com/yi-nology/git-sync-service/internal/executor/executor.go:60.2,63.8 1 1
github.com/yi-nology/git-sync-service/internal/executor/executor.go:66.133,68.16 2 1
github.com/yi-nology/git-sync-service/internal/executor/executor.go:68.16,70.3 1 1
github.com/yi-nology/git-sync-service/internal/executor/executor.go:72.2,80.15 6 1
github.com/yi-nology/git-sync-service/internal/executor/executor.go:80.15,84.52 4 1
github.com/yi-nology/git-sync-service/internal/executor/executor.go:84.52,86.4 1 1
github.com/yi-nology/git-sync-service/internal/executor/executor.go:87.3,87.64 1 1
github.com/yi-nology/git-sync-service/internal/executor/executor.go:87.64,89.4 1 1
github.com/yi-nology/git-sync-service/internal/executor/executor.go:92.2,93.16 2 1
github.com/yi-nology/git-sync-service/internal/executor/executor.go:93.16,95.3 1 1
github.com/yi-nology/git-sync-service/internal/executor/executor.go:96.2,96.23 1 1
github.com/yi-nology/git-sync-service/internal/executor/executor.go:96.23,98.3 1 1
github.com/yi-nology/git-sync-service/internal/executor/executor.go:100.2,101.16 2 1
github.com/yi-nology/git-sync-service/internal/executor/executor.go:101.16,103.3 1 0
github.com/yi-nology/git-sync-service/internal/executor/executor.go:104.2,104.23 1 1
github.com/yi-nology/git-sync-service/internal/executor/executor.go:104.23,106.3 1 1
github.com/yi-nology/git-sync-service/internal/executor/executor.go:108.2,109.52 2 1
github.com/yi-nology/git-sync-service/internal/executor/executor.go:109.52,111.3 1 0
github.com/yi-nology/git-sync-service/internal/executor/executor.go:113.2,113.15 1 1
github.com/yi-nology/git-sync-service/internal/executor/executor.go:113.15,117.40 1 1
github.com/yi-nology/git-sync-service/internal/executor/executor.go:117.40,118.52 1 1
github.com/yi-nology/git-sync-service/internal/executor/executor.go:118.52,120.5 1 0
github.com/yi-nology/git-sync-service/internal/executor/executor.go:124.2,127.18 3 1
github.com/yi-nology/git-sync-service/internal/executor/executor.go:127.18,129.3 1 0
github.com/yi-nology/git-sync-service/internal/executor/executor.go:130.2,135.75 4 1
github.com/yi-nology/git-sync-service/internal/executor/executor.go:135.75,137.3 1 1
github.com/yi-nology/git-sync-service/internal/executor/executor.go:137.8,139.3 1 1
github.com/yi-nology/git-sync-service/internal/executor/executor.go:141.2,142.34 2 1
github.com/yi-nology/git-sync-service/internal/executor/executor.go:142.34,144.73 2 1
github.com/yi-nology/git-sync-service/internal/executor/executor.go:144.73,148.4 3 1
github.com/yi-nology/git-sync-service/internal/executor/executor.go:149.8,151.73 2 1
github.com/yi-nology/git-sync-service/internal/executor/executor.go:151.73,155.4 3 1
github.com/yi-nology/git-sync-service/internal/executor/executor.go:157.2,163.69 5 0
github.com/yi-nology/git-sync-service/internal/executor/executor.go:163.69,167.3 3 0
github.com/yi-nology/git-sync-service/internal/executor/executor.go:168.2,175.21 6 0
github.com/yi-nology/git-sync-service/internal/executor/executor.go:175.21,177.3 1 0
github.com/yi-nology/git-sync-service/internal/executor/executor.go:179.2,180.53 2 0
github.com/yi-nology/git-sync-service/internal/executor/executor.go:180.53,181.18 1 0
github.com/yi-nology/git-sync-service/internal/executor/executor.go:181.18,186.11 4 0
github.com/yi-nology/git-sync-service/internal/executor/executor.go:187.26,189.73 2 0
github.com/yi-nology/git-sync-service/internal/executor/executor.go:190.31,190.31 0 0
github.com/yi-nology/git-sync-service/internal/executor/executor.go:192.4,192.22 1 0
github.com/yi-nology/git-sync-service/internal/executor/executor.go:192.22,193.10 1 0
github.com/yi-nology/git-sync-service/internal/executor/executor.go:197.3,198.21 2 0
github.com/yi-nology/git-sync-service/internal/executor/executor.go:198.21,199.9 1 0
github.com/yi-nology/git-sync-service/internal/executor/executor.go:202.3,202.27 1 0
github.com/yi-nology/git-sync-service/internal/executor/executor.go:202.27,204.74 2 0
github.com/yi-nology/git-sync-service/internal/executor/executor.go:204.74,206.5 1 0
github.com/yi-nology/git-sync-service/internal/executor/executor.go:210.2,212.20 2 0
github.com/yi-nology/git-sync-service/internal/executor/executor.go:212.20,216.3 3 0
github.com/yi-nology/git-sync-service/internal/executor/executor.go:217.2,222.17 5 0
github.com/yi-nology/git-sync-service/internal/executor/executor.go:226.69,231.2 4 1
github.com/yi-nology/git-sync-service/internal/executor/executor.go:233.71,238.25 3 1
github.com/yi-nology/git-sync-service/internal/executor/executor.go:238.25,239.97 1 1
github.com/yi-nology/git-sync-service/internal/executor/executor.go:239.97,242.4 2 1
github.com/yi-nology/git-sync-service/internal/executor/executor.go:244.2,245.17 2 1
github.com/yi-nology/git-sync-service/internal/executor/executor.go:245.17,247.3 1 1
github.com/yi-nology/git-sync-service/internal/executor/executor.go:248.2,248.17 1 1
github.com/yi-nology/git-sync-service/internal/executor/executor.go:248.17,255.3 2 1
github.com/yi-nology/git-sync-service/internal/executor/executor.go:256.2,257.83 2 1
github.com/yi-nology/git-sync-service/internal/executor/executor.go:261.78,268.54 2 1
github.com/yi-nology/git-sync-service/internal/executor/executor.go:268.54,270.3 1 0
github.com/yi-nology/git-sync-service/internal/executor/executor.go:271.2,271.13 1 1
github.com/yi-nology/git-sync-service/internal/executor/executor.go:275.73,281.54 6 1
github.com/yi-nology/git-sync-service/internal/executor/executor.go:281.54,283.3 1 0
github.com/yi-nology/git-sync-service/internal/executor/executor.go:287.65,294.66 7 1
github.com/yi-nology/git-sync-service/internal/executor/executor.go:294.66,296.3 1 0
github.com/yi-nology/git-sync-service/internal/executor/executor.go:299.109,303.19 2 1
github.com/yi-nology/git-sync-service/internal/executor/executor.go:303.19,305.3 1 1
github.com/yi-nology/git-sync-service/internal/executor/executor.go:306.2,313.4 1 1
github.com/yi-nology/git-sync-service/internal/executor/executor.go:316.109,325.16 2 1
github.com/yi-nology/git-sync-service/internal/executor/executor.go:325.16,327.3 1 1
github.com/yi-nology/git-sync-service/internal/executor/executor.go:329.2,329.56 1 0
github.com/yi-nology/git-sync-service/internal/executor/executor.go:332.90,337.16 2 1
github.com/yi-nology/git-sync-service/internal/executor/executor.go:337.16,339.3 1 1
github.com/yi-nology/git-sync-service/internal/executor/executor.go:340.2,340.31 1 0
github.com/yi-nology/git-sync-service/internal/executor/executor.go:340.31,341.27 1 0
github.com/yi-nology/git-sync-service/internal/executor/executor.go:341.27,343.4 1 0
github.com/yi-nology/git-sync-service/internal/executor/executor.go:345.2,345.67 1 0
github.com/yi-nology/git-sync-service/internal/executor/executor.go:348.104,359.2 3 1
github.com/yi-nology/git-sync-service/internal/executor/executor.go:361.38,363.2 1 1
github.com/yi-nology/git-sync-service/internal/lock/lock.go:68.61,79.2 2 1
github.com/yi-nology/git-sync-service/internal/lock/lock.go:81.33,85.2 3 1
github.com/yi-nology/git-sync-service/internal/lock/lock.go:87.76,89.2 1 1
github.com/yi-nology/git-sync-service/internal/lock/lock.go:91.102,95.16 4 1
github.com/yi-nology/git-sync-service/internal/lock/lock.go:95.16,97.3 1 0
github.com/yi-nology/git-sync-service/internal/lock/lock.go:98.2,98.8 1 1
github.com/yi-nology/git-sync-service/internal/lock/lock.go:98.8,102.3 3 1
github.com/yi-nology/git-sync-service/internal/lock/lock.go:103.2,103.16 1 1
github.com/yi-nology/git-sync-service/internal/lock/lock.go:107.107,111.16 4 1
github.com/yi-nology/git-sync-service/internal/lock/lock.go:111.16,113.3 1 0
github.com/yi-nology/git-sync-service/internal/lock/lock.go:114.2,114.23 1 1
github.com/yi-nology/git-sync-service/internal/lock/lock.go:117.83,120.16 3 1
github.com/yi-nology/git-sync-service/internal/lock/lock.go:120.16,122.3 1 1
github.com/yi-nology/git-sync-service/internal/lock/lock.go:123.2,123.12 1 1
github.com/yi-nology/git-sync-service/internal/lock/lock.go:128.114,131.16 3 1
github.com/yi-nology/git-sync-service/internal/lock/lock.go:131.16,133.3 1 0
github.com/yi-nology/git-sync-service/internal/lock/lock.go:134.2,134.22 1 1
github.com/yi-nology/git-sync-service/internal/lock/lock.go:137.65,138.6 1 1
github.com/yi-nology/git-sync-service/internal/lock/lock.go:138.6,139.10 1 1
github.com/yi-nology/git-sync-service/internal/lock/lock.go:140.21,141.20 1 0
github.com/yi-nology/git-sync-service/internal/lock/lock.go:142.11,142.11 0 1
github.com/yi-nology/git-sync-service/internal/lock/lock.go:145.3,146.17 2 1
github.com/yi-nology/git-sync-service/internal/lock/lock.go:146.17,148.24 1 0
github.com/yi-nology/git-sync-service/internal/lock/lock.go:148.24,150.5 1 0
github.com/yi-nology/git-sync-service/internal/lock/lock.go:151.4,151.14 1 0
github.com/yi-nology/git-sync-service/internal/lock/lock.go:153.3,153.9 1 1
github.com/yi-nology/git-sync-service/internal/lock/lock.go:153.9,155.4 1 0
github.com/yi-nology/git-sync-service/internal/lock/lock.go:157.3,157.10 1 1
github.com/yi-nology/git-sync-service/internal/lock/lock.go:158.21,159.20 1 1
github.com/yi-nology/git-sync-service/internal/lock/lock.go:160.45,160.45 0 1
github.com/yi-nology/git-sync-service/internal/lock/lock.go:165.67,168.12 3 1
github.com/yi-nology/git-sync-service/internal/lock/lock.go:168.12,170.3 1 1
github.com/yi-nology/git-sync-service/internal/lock/lock.go:171.2,173.28 2 1
github.com/yi-nology/git-sync-service/internal/lock/lock.go:173.28,176.17 3 1
github.com/yi-nology/git-sync-service/internal/lock/lock.go:176.17,178.4 1 0
github.com/yi-nology/git-sync-service/internal/lock/lock.go:179.3,179.13 1 1
github.com/yi-nology/git-sync-service/internal/lock/lock.go:181.2,181.43 1 1
github.com/yi-nology/git-sync-service/internal/lock/lock.go:184.90,187.16 3 1
github.com/yi-nology/git-sync-service/internal/lock/lock.go:187.16,189.3 1 0
github.com/yi-nology/git-sync-service/internal/lock/lock.go:190.2,190.12 1 1
github.com/yi-nology/git-sync-service/internal/lock/lock.go:193.53,195.2 1 1
github.com/yi-nology/git-sync-service/internal/lock/lock.go:197.35,199.2 1 1
github.com/yi-nology/git-sync-service/internal/lock/lock.go:201.44,203.2 1 1
github.com/yi-nology/git-sync-service/internal/lock/lock.go:214.96,221.2 1 1
github.com/yi-nology/git-sync-service/internal/lock/lock.go:223.83,227.16 4 1
github.com/yi-nology/git-sync-service/internal/lock/lock.go:227.16,229.3 1 0
github.com/yi-nology/git-sync-service/internal/lock/lock.go:230.2,230.25 1 1
github.com/yi-nology/git-sync-service/internal/lock/lock.go:234.73,238.2 3 1
github.com/yi-nology/git-sync-service/internal/lock/lock.go:240.75,243.2 2 1
github.com/yi-nology/git-sync-service/internal/lock/lock.go:245.81,251.2 3 1
github.com/yi-nology/git-sync-service/internal/lock/lock.go:262.32,266.2 1 1
github.com/yi-nology/git-sync-service/internal/lock/lock.go:268.76,270.2 1 1
github.com/yi-nology/git-sync-service/internal/lock/lock.go:272.102,278.43 5 1
github.com/yi-nology/git-sync-service/internal/lock/lock.go:278.43,281.3 2 1
github.com/yi-nology/git-sync-service/internal/lock/lock.go:282.2,282.19 1 1
github.com/yi-nology/git-sync-service/internal/lock/lock.go:285.65,286.6 1 0
github.com/yi-nology/git-sync-service/internal/lock/lock.go:286.6,288.9 2 0
github.com/yi-nology/git-sync-service/internal/lock/lock.go:288.9,290.4 1 0
github.com/yi-nology/git-sync-service/internal/lock/lock.go:291.3,291.10 1 0
github.com/yi-nology/git-sync-service/internal/lock/lock.go:292.21,293.20 1 0
github.com/yi-nology/git-sync-service/internal/lock/lock.go:294.45,294.45 0 0
github.com/yi-nology/git-sync-service/internal/lock/lock.go:299.67,305.2 4 1
github.com/yi-nology/git-sync-service/internal/pkg/response/response.go:12.67,19.2 1 1
github.com/yi-nology/git-sync-service/internal/pkg/response/response.go:22.55,29.2 1 1
github.com/yi-nology/git-sync-service/internal/pkg/response/response.go:32.55,39.2 1 1
github.com/yi-nology/git-sync-service/internal/pkg/response/response.go:42.56,44.2 1 1
github.com/yi-nology/git-sync-service/internal/pkg/response/response.go:47.54,49.2 1 1
github.com/yi-nology/git-sync-service/internal/pkg/response/response.go:53.59,54.19 1 1
github.com/yi-nology/git-sync-service/internal/pkg/response/response.go:54.19,56.3 1 1
github.com/yi-nology/git-sync-service/internal/pkg/response/response.go:57.2,57.69 1 1
github.com/yi-nology/git-sync-service/internal/pkg/response/response.go:61.90,78.2 2 1
github.com/yi-nology/git-sync-service/internal/pkg/response/response.go:81.39,83.2 1 1
github.com/yi-nology/git-sync-service/internal/pkg/response/types.go:38.27,40.2 1 1
github.com/yi-nology/git-sync-service/sync/model/config.go:63.47,65.16 2 1
github.com/yi-nology/git-sync-service/sync/model/config.go:65.16,67.3 1 1
github.com/yi-nology/git-sync-service/sync/model/config.go:69.2,70.51 2 1
github.com/yi-nology/git-sync-service/sync/model/config.go:70.51,72.3 1 0
github.com/yi-nology/git-sync-service/sync/model/config.go:74.2,74.39 1 1
github.com/yi-nology/git-sync-service/sync/model/config.go:74.39,76.3 1 1
github.com/yi-nology/git-sync-service/sync/model/config.go:78.2,78.18 1 1
github.com/yi-nology/git-sync-service/sync/model/config.go:81.35,82.25 1 1
github.com/yi-nology/git-sync-service/sync/model/config.go:82.25,84.3 1 0
github.com/yi-nology/git-sync-service/sync/model/config.go:85.2,85.49 1 1
github.com/yi-nology/git-sync-service/sync/model/config.go:85.49,87.3 1 0
github.com/yi-nology/git-sync-service/sync/model/config.go:88.2,88.29 1 1
github.com/yi-nology/git-sync-service/sync/model/config.go:88.29,90.3 1 1
github.com/yi-nology/git-sync-service/sync/model/config.go:91.2,91.26 1 1
github.com/yi-nology/git-sync-service/sync/model/config.go:91.26,93.3 1 1
github.com/yi-nology/git-sync-service/sync/model/config.go:94.2,94.75 1 1
github.com/yi-nology/git-sync-service/sync/model/config.go:94.75,96.3 1 1
github.com/yi-nology/git-sync-service/sync/model/config.go:97.2,97.34 1 1
github.com/yi-nology/git-sync-service/sync/model/config.go:97.34,99.3 1 1
github.com/yi-nology/git-sync-service/sync/model/config.go:100.2,100.34 1 1
github.com/yi-nology/git-sync-service/sync/model/config.go:100.34,102.3 1 1
github.com/yi-nology/git-sync-service/sync/model/config.go:103.2,103.25 1 1
github.com/yi-nology/git-sync-service/sync/model/config.go:103.25,105.3 1 0
github.com/yi-nology/git-sync-service/sync/model/config.go:106.2,106.31 1 1
github.com/yi-nology/git-sync-service/sync/model/config.go:106.31,108.3 1 1
github.com/yi-nology/git-sync-service/sync/model/config.go:109.2,109.32 1 1
github.com/yi-nology/git-sync-service/sync/model/config.go:109.32,111.3 1 1
github.com/yi-nology/git-sync-service/sync/model/config.go:112.2,112.28 1 1
github.com/yi-nology/git-sync-service/sync/model/config.go:112.28,114.3 1 1
github.com/yi-nology/git-sync-service/sync/model/config.go:115.2,115.12 1 1
github.com/yi-nology/git-sync-service/sync/model/init.go:11.51,15.16 3 1
github.com/yi-nology/git-sync-service/sync/model/init.go:16.19,17.55 1 0
github.com/yi-nology/git-sync-service/sync/model/init.go:18.20,19.56 1 1
github.com/yi-nology/git-sync-service/sync/model/init.go:20.10,21.59 1 1
github.com/yi-nology/git-sync-service/sync/model/init.go:24.2,24.16 1 1
github.com/yi-nology/git-sync-service/sync/model/init.go:24.16,26.3 1 0
github.com/yi-nology/git-sync-service/sync/model/init.go:28.2,39.16 2 1
github.com/yi-nology/git-sync-service/sync/model/init.go:39.16,41.3 1 0
github.com/yi-nology/git-sync-service/sync/model/init.go:43.2,43.16 1 1
github.com/yi-nology/git-sync-service/sync/model/operation_log.go:19.40,21.2 1 1
github.com/yi-nology/git-sync-service/sync/model/platform.go:31.36,33.2 1 1
github.com/yi-nology/git-sync-service/sync/model/platform.go:76.57,77.23 1 1
github.com/yi-nology/git-sync-service/sync/model/platform.go:77.23,79.3 1 1
github.com/yi-nology/git-sync-service/sync/model/platform.go:80.2,81.19 2 1
github.com/yi-nology/git-sync-service/sync/model/platform.go:81.19,83.3 1 1
github.com/yi-nology/git-sync-service/sync/model/platform.go:84.2,84.43 1 1
github.com/yi-nology/git-sync-service/sync/model/repo.go:32.32,34.2 1 1
github.com/yi-nology/git-sync-service/sync/model/sync_run.go:23.35,25.2 1 1
github.com/yi-nology/git-sync-service/sync/model/sync_run_step.go:21.39,23.2 1 1
github.com/yi-nology/git-sync-service/sync/model/sync_task.go:31.36,33.2 1 1
github.com/yi-nology/git-sync-service/sync/model/webhook_event.go:21.40,23.2 1 1
github.com/yi-nology/git-sync-service/sync/model/webhook_rule.go:25.39,27.2 1 1
github.com/yi-nology/git-sync-service/sync/model/webhook_rule.go:36.43,38.2 1 1
github.com/yi-nology/git-sync-service/sync/model/webhook_rule.go:65.46,67.28 2 1
github.com/yi-nology/git-sync-service/sync/model/webhook_rule.go:67.28,69.3 1 1
github.com/yi-nology/git-sync-service/sync/model/webhook_rule.go:70.2,70.13 1 1
github.com/yi-nology/git-sync-service/sync/model/webhook_rule.go:74.50,76.27 2 1
github.com/yi-nology/git-sync-service/sync/model/webhook_rule.go:76.27,81.3 1 1
github.com/yi-nology/git-sync-service/sync/model/webhook_rule.go:82.2,82.17 1 1
github.com/yi-nology/git-sync-service/internal/service/cleanup.go:8.95,10.16 2 0
github.com/yi-nology/git-sync-service/internal/service/cleanup.go:10.16,12.3 1 0
github.com/yi-nology/git-sync-service/internal/service/cleanup.go:13.2,14.16 2 0
github.com/yi-nology/git-sync-service/internal/service/cleanup.go:14.16,16.3 1 0
github.com/yi-nology/git-sync-service/internal/service/cleanup.go:17.2,18.16 2 0
github.com/yi-nology/git-sync-service/internal/service/cleanup.go:18.16,20.3 1 0
github.com/yi-nology/git-sync-service/internal/service/cleanup.go:21.2,22.33 2 0
github.com/yi-nology/git-sync-service/internal/service/cleanup.go:25.41,29.6 3 0
github.com/yi-nology/git-sync-service/internal/service/cleanup.go:29.6,30.10 1 0
github.com/yi-nology/git-sync-service/internal/service/cleanup.go:31.19,33.62 2 0
github.com/yi-nology/git-sync-service/internal/service/cleanup.go:33.62,34.67 1 0
github.com/yi-nology/git-sync-service/internal/service/cleanup.go:34.67,36.6 1 0
github.com/yi-nology/git-sync-service/internal/service/cleanup.go:37.5,37.16 1 0
github.com/yi-nology/git-sync-service/internal/service/cleanup.go:39.24,40.10 1 0
github.com/yi-nology/git-sync-service/internal/service/concurrency.go:41.51,42.24 1 1
github.com/yi-nology/git-sync-service/internal/service/concurrency.go:42.24,44.3 1 1
github.com/yi-nology/git-sync-service/internal/service/concurrency.go:45.2,45.61 1 1
github.com/yi-nology/git-sync-service/internal/service/concurrency.go:48.86,49.9 1 1
github.com/yi-nology/git-sync-service/internal/service/concurrency.go:50.27,50.27 0 1
github.com/yi-nology/git-sync-service/internal/service/concurrency.go:51.10,52.35 1 1
github.com/yi-nology/git-sync-service/internal/service/concurrency.go:55.2,55.74 1 1
github.com/yi-nology/git-sync-service/internal/service/concurrency.go:55.74,58.3 2 1
github.com/yi-nology/git-sync-service/internal/service/concurrency.go:59.2,59.16 1 1
github.com/yi-nology/git-sync-service/internal/service/concurrency.go:59.16,62.3 2 1
github.com/yi-nology/git-sync-service/internal/service/concurrency.go:65.36,65.50 1 1
github.com/yi-nology/git-sync-service/internal/service/concurrency.go:76.87,77.24 1 1
github.com/yi-nology/git-sync-service/internal/service/concurrency.go:77.24,79.3 1 0
github.com/yi-nology/git-sync-service/internal/service/concurrency.go:80.2,81.54 2 1
github.com/yi-nology/git-sync-service/internal/service/concurrency.go:81.54,84.3 2 0
github.com/yi-nology/git-sync-service/internal/service/concurrency.go:85.2,86.46 2 1
github.com/yi-nology/git-sync-service/internal/service/concurrency.go:89.88,93.16 3 1
github.com/yi-nology/git-sync-service/internal/service/concurrency.go:93.16,95.3 1 0
github.com/yi-nology/git-sync-service/internal/service/concurrency.go:96.2,96.9 1 1
github.com/yi-nology/git-sync-service/internal/service/concurrency.go:96.9,98.3 1 1
github.com/yi-nology/git-sync-service/internal/service/concurrency.go:101.2,103.16 3 1
github.com/yi-nology/git-sync-service/internal/service/concurrency.go:103.16,106.3 2 0
github.com/yi-nology/git-sync-service/internal/service/concurrency.go:107.2,107.13 1 1
github.com/yi-nology/git-sync-service/internal/service/concurrency.go:107.13,110.3 2 1
github.com/yi-nology/git-sync-service/internal/service/concurrency.go:113.2,116.16 3 1
github.com/yi-nology/git-sync-service/internal/service/concurrency.go:116.16,123.3 4 1
github.com/yi-nology/git-sync-service/internal/service/concurrency.go:129.83,133.6 4 1
github.com/yi-nology/git-sync-service/internal/service/concurrency.go:133.6,134.10 1 1
github.com/yi-nology/git-sync-service/internal/service/concurrency.go:135.15,136.10 1 1
github.com/yi-nology/git-sync-service/internal/service/concurrency.go:137.14,139.91 1 0
github.com/yi-nology/git-sync-service/internal/service/concurrency.go:139.91,141.5 1 0
github.com/yi-nology/git-sync-service/internal/service/concurrency.go:146.36,148.2 1 1
github.com/yi-nology/git-sync-service/internal/service/concurrency.go:151.102,152.21 1 1
github.com/yi-nology/git-sync-service/internal/service/concurrency.go:152.21,154.17 2 1
github.com/yi-nology/git-sync-service/internal/service/concurrency.go:154.17,157.4 1 0
github.com/yi-nology/git-sync-service/internal/service/concurrency.go:158.3,158.17 1 1
github.com/yi-nology/git-sync-service/internal/service/concurrency.go:160.2,160.42 1 1
github.com/yi-nology/git-sync-service/internal/service/cron.go:10.58,14.49 3 1
github.com/yi-nology/git-sync-service/internal/service/cron.go:14.49,16.3 1 1
github.com/yi-nology/git-sync-service/internal/service/cron.go:18.2,18.51 1 1
github.com/yi-nology/git-sync-service/internal/service/cron.go:18.51,20.86 2 0
github.com/yi-nology/git-sync-service/internal/service/cron.go:20.86,22.4 1 0
github.com/yi-nology/git-sync-service/internal/service/cron.go:24.2,24.16 1 1
github.com/yi-nology/git-sync-service/internal/service/cron.go:24.16,26.3 1 1
github.com/yi-nology/git-sync-service/internal/service/cron.go:28.2,29.12 2 1
github.com/yi-nology/git-sync-service/internal/service/cron.go:32.49,36.48 3 1
github.com/yi-nology/git-sync-service/internal/service/cron.go:36.48,39.3 2 1
github.com/yi-nology/git-sync-service/internal/service/cron.go:42.41,44.16 2 1
github.com/yi-nology/git-sync-service/internal/service/cron.go:44.16,46.3 1 0
github.com/yi-nology/git-sync-service/internal/service/cron.go:48.2,48.29 1 1
github.com/yi-nology/git-sync-service/internal/service/cron.go:48.29,49.22 1 1
github.com/yi-nology/git-sync-service/internal/service/cron.go:49.22,50.45 1 1
github.com/yi-nology/git-sync-service/internal/service/cron.go:50.45,52.5 1 0
github.com/yi-nology/git-sync-service/internal/service/cron.go:56.2,57.12 2 1
github.com/yi-nology/git-sync-service/internal/service/cron.go:60.34,62.2 1 1
github.com/yi-nology/git-sync-service/internal/service/operation_log_service.go:17.81,19.2 1 1
github.com/yi-nology/git-sync-service/internal/service/operation_log_service.go:22.92,23.24 1 1
github.com/yi-nology/git-sync-service/internal/service/operation_log_service.go:23.24,25.3 1 1
github.com/yi-nology/git-sync-service/internal/service/operation_log_service.go:26.2,26.33 1 1
github.com/yi-nology/git-sync-service/internal/service/operation_log_service.go:30.146,33.2 2 1
github.com/yi-nology/git-sync-service/internal/service/operation_log_service.go:36.96,38.16 2 1
github.com/yi-nology/git-sync-service/internal/service/operation_log_service.go:38.16,40.3 1 0
github.com/yi-nology/git-sync-service/internal/service/operation_log_service.go:41.2,44.16 4 1
github.com/yi-nology/git-sync-service/internal/service/operation_log_service.go:44.16,46.3 1 0
github.com/yi-nology/git-sync-service/internal/service/operation_log_service.go:48.2,49.16 2 1
github.com/yi-nology/git-sync-service/internal/service/operation_log_service.go:49.16,51.3 1 0
github.com/yi-nology/git-sync-service/internal/service/operation_log_service.go:52.2,52.32 1 1
github.com/yi-nology/git-sync-service/internal/service/platform_service.go:20.124,26.2 1 1
github.com/yi-nology/git-sync-service/internal/service/platform_service.go:29.95,31.2 1 1
github.com/yi-nology/git-sync-service/internal/service/platform_service.go:34.97,36.2 1 1
github.com/yi-nology/git-sync-service/internal/service/platform_service.go:39.98,41.2 1 1
github.com/yi-nology/git-sync-service/internal/service/platform_service.go:44.89,46.2 1 1
github.com/yi-nology/git-sync-service/internal/service/platform_service.go:49.95,51.2 1 1
github.com/yi-nology/git-sync-service/internal/service/platform_service.go:54.81,56.2 1 1
github.com/yi-nology/git-sync-service/internal/service/platform_service.go:59.85,61.2 1 1
github.com/yi-nology/git-sync-service/internal/service/platform_service.go:64.107,66.2 1 1
github.com/yi-nology/git-sync-service/internal/service/platform_service.go:69.122,71.16 2 0
github.com/yi-nology/git-sync-service/internal/service/platform_service.go:71.16,73.3 1 0
github.com/yi-nology/git-sync-service/internal/service/platform_service.go:75.2,76.16 2 0
github.com/yi-nology/git-sync-service/internal/service/platform_service.go:76.16,78.3 1 0
github.com/yi-nology/git-sync-service/internal/service/platform_service.go:81.2,82.16 2 0
github.com/yi-nology/git-sync-service/internal/service/platform_service.go:82.16,84.3 1 0
github.com/yi-nology/git-sync-service/internal/service/platform_service.go:86.2,86.20 1 0
github.com/yi-nology/git-sync-service/internal/service/platform_service.go:90.126,92.16 2 0
github.com/yi-nology/git-sync-service/internal/service/platform_service.go:92.16,94.3 1 0
github.com/yi-nology/git-sync-service/internal/service/platform_service.go:96.2,97.16 2 0
github.com/yi-nology/git-sync-service/internal/service/platform_service.go:97.16,99.3 1 0
github.com/yi-nology/git-sync-service/internal/service/platform_service.go:102.2,104.16 3 0
github.com/yi-nology/git-sync-service/internal/service/platform_service.go:104.16,106.3 1 0
github.com/yi-nology/git-sync-service/internal/service/platform_service.go:108.2,108.19 1 0
github.com/yi-nology/git-sync-service/internal/service/platform_service.go:112.91,114.16 2 0
github.com/yi-nology/git-sync-service/internal/service/platform_service.go:114.16,116.3 1 0
github.com/yi-nology/git-sync-service/internal/service/platform_service.go:118.2,119.16 2 0
github.com/yi-nology/git-sync-service/internal/service/platform_service.go:119.16,121.3 1 0
github.com/yi-nology/git-sync-service/internal/service/platform_service.go:124.2,125.16 2 0
github.com/yi-nology/git-sync-service/internal/service/platform_service.go:125.16,127.3 1 0
github.com/yi-nology/git-sync-service/internal/service/platform_service.go:130.2,131.29 2 0
github.com/yi-nology/git-sync-service/internal/service/platform_service.go:131.29,134.22 2 0
github.com/yi-nology/git-sync-service/internal/service/platform_service.go:134.22,135.12 1 0
github.com/yi-nology/git-sync-service/internal/service/platform_service.go:139.3,152.51 2 0
github.com/yi-nology/git-sync-service/internal/service/platform_service.go:152.51,153.12 1 0
github.com/yi-nology/git-sync-service/internal/service/platform_service.go:155.3,155.10 1 0
github.com/yi-nology/git-sync-service/internal/service/platform_service.go:159.2,161.19 2 0
github.com/yi-nology/git-sync-service/internal/service/platform_service.go:165.111,167.16 2 0
github.com/yi-nology/git-sync-service/internal/service/platform_service.go:167.16,169.3 1 0
github.com/yi-nology/git-sync-service/internal/service/platform_service.go:170.2,170.48 1 0
github.com/yi-nology/git-sync-service/internal/service/provider_helper.go:12.69,19.2 1 1
github.com/yi-nology/git-sync-service/internal/service/provider_helper.go:23.90,25.16 2 0
github.com/yi-nology/git-sync-service/internal/service/provider_helper.go:25.16,27.3 1 0
github.com/yi-nology/git-sync-service/internal/service/provider_helper.go:28.2,28.18 1 0
github.com/yi-nology/git-sync-service/internal/service/provider_helper.go:32.53,36.2 3 0
github.com/yi-nology/git-sync-service/internal/service/repo.go:11.99,13.2 1 0
github.com/yi-nology/git-sync-service/internal/service/repo.go:16.47,18.2 1 0
github.com/yi-nology/git-sync-service/internal/service/repo.go:21.133,23.2 1 0
github.com/yi-nology/git-sync-service/internal/service/repo.go:26.81,28.2 1 0
github.com/yi-nology/git-sync-service/internal/service/repo.go:31.102,33.2 1 1
github.com/yi-nology/git-sync-service/internal/service/repo.go:36.102,38.2 1 0
github.com/yi-nology/git-sync-service/internal/service/repo.go:41.69,43.2 1 0
github.com/yi-nology/git-sync-service/internal/service/repo.go:46.108,48.2 1 0
github.com/yi-nology/git-sync-service/internal/service/repo.go:51.87,53.2 1 0
github.com/yi-nology/git-sync-service/internal/service/repo_service.go:23.116,29.2 1 1
github.com/yi-nology/git-sync-service/internal/service/repo_service.go:32.104,35.2 2 1
github.com/yi-nology/git-sync-service/internal/service/repo_service.go:38.52,40.2 1 1
github.com/yi-nology/git-sync-service/internal/service/repo_service.go:43.138,46.2 2 1
github.com/yi-nology/git-sync-service/internal/service/repo_service.go:49.86,51.2 1 1
github.com/yi-nology/git-sync-service/internal/service/repo_service.go:54.107,57.39 2 1
github.com/yi-nology/git-sync-service/internal/service/repo_service.go:57.39,59.54 1 1
github.com/yi-nology/git-sync-service/internal/service/repo_service.go:59.54,61.4 1 1
github.com/yi-nology/git-sync-service/internal/service/repo_service.go:62.3,62.56 1 1
github.com/yi-nology/git-sync-service/internal/service/repo_service.go:66.2,68.19 3 1
github.com/yi-nology/git-sync-service/internal/service/repo_service.go:68.19,72.3 3 1
github.com/yi-nology/git-sync-service/internal/service/repo_service.go:74.2,74.49 1 1
github.com/yi-nology/git-sync-service/internal/service/repo_service.go:74.49,76.36 2 0
github.com/yi-nology/git-sync-service/internal/service/repo_service.go:76.36,78.4 1 0
github.com/yi-nology/git-sync-service/internal/service/repo_service.go:82.2,82.47 1 1
github.com/yi-nology/git-sync-service/internal/service/repo_service.go:82.47,88.22 5 0
github.com/yi-nology/git-sync-service/internal/service/repo_service.go:88.22,91.4 2 0
github.com/yi-nology/git-sync-service/internal/service/repo_service.go:94.2,106.48 2 1
github.com/yi-nology/git-sync-service/internal/service/repo_service.go:106.48,108.3 1 0
github.com/yi-nology/git-sync-service/internal/service/repo_service.go:111.2,111.50 1 1
github.com/yi-nology/git-sync-service/internal/service/repo_service.go:111.50,113.3 1 0
github.com/yi-nology/git-sync-service/internal/service/repo_service.go:115.2,115.18 1 1
github.com/yi-nology/git-sync-service/internal/service/repo_service.go:119.107,121.16 2 0
github.com/yi-nology/git-sync-service/internal/service/repo_service.go:121.16,123.3 1 0
github.com/yi-nology/git-sync-service/internal/service/repo_service.go:124.2,124.17 1 0
github.com/yi-nology/git-sync-service/internal/service/repo_service.go:124.17,126.3 1 0
github.com/yi-nology/git-sync-service/internal/service/repo_service.go:128.2,128.20 1 0
github.com/yi-nology/git-sync-service/internal/service/repo_service.go:128.20,130.3 1 0
github.com/yi-nology/git-sync-service/internal/service/repo_service.go:131.2,131.27 1 0
github.com/yi-nology/git-sync-service/internal/service/repo_service.go:131.27,133.3 1 0
github.com/yi-nology/git-sync-service/internal/service/repo_service.go:135.2,135.48 1 0
github.com/yi-nology/git-sync-service/internal/service/repo_service.go:135.48,137.3 1 0
github.com/yi-nology/git-sync-service/internal/service/repo_service.go:139.2,139.18 1 0
github.com/yi-nology/git-sync-service/internal/service/repo_service.go:143.74,146.16 2 1
github.com/yi-nology/git-sync-service/internal/service/repo_service.go:146.16,148.3 1 0
github.com/yi-nology/git-sync-service/internal/service/repo_service.go:149.2,149.17 1 1
github.com/yi-nology/git-sync-service/internal/service/repo_service.go:149.17,151.3 1 0
github.com/yi-nology/git-sync-service/internal/service/repo_service.go:153.2,155.47 2 1
github.com/yi-nology/git-sync-service/internal/service/repo_service.go:155.47,157.3 1 0
github.com/yi-nology/git-sync-service/internal/service/repo_service.go:160.2,160.45 1 1
github.com/yi-nology/git-sync-service/internal/service/repo_service.go:160.45,162.3 1 0
github.com/yi-nology/git-sync-service/internal/service/repo_service.go:164.2,164.12 1 1
github.com/yi-nology/git-sync-service/internal/service/repo_service.go:169.88,172.50 3 1
github.com/yi-nology/git-sync-service/internal/service/repo_service.go:172.50,174.37 2 1
github.com/yi-nology/git-sync-service/internal/service/repo_service.go:174.37,176.4 1 1
github.com/yi-nology/git-sync-service/internal/service/repo_service.go:178.2,178.21 1 1
github.com/yi-nology/git-sync-service/internal/service/repo_service.go:178.21,180.3 1 1
github.com/yi-nology/git-sync-service/internal/service/repo_service.go:181.2,181.54 1 0
github.com/yi-nology/git-sync-service/internal/service/repo_service.go:185.70,187.2 1 1
github.com/yi-nology/git-sync-service/internal/service/repo_service.go:190.71,192.16 2 1
github.com/yi-nology/git-sync-service/internal/service/repo_service.go:192.16,194.3 1 0
github.com/yi-nology/git-sync-service/internal/service/repo_service.go:195.2,195.17 1 1
github.com/yi-nology/git-sync-service/internal/service/repo_service.go:195.17,197.3 1 0
github.com/yi-nology/git-sync-service/internal/service/repo_service.go:198.2,199.32 2 1
github.com/yi-nology/git-sync-service/internal/service/repo_service.go:203.113,205.16 2 0
github.com/yi-nology/git-sync-service/internal/service/repo_service.go:205.16,207.3 1 0
github.com/yi-nology/git-sync-service/internal/service/repo_service.go:208.2,208.17 1 0
github.com/yi-nology/git-sync-service/internal/service/repo_service.go:208.17,210.3 1 0
github.com/yi-nology/git-sync-service/internal/service/repo_service.go:212.2,213.16 2 0
github.com/yi-nology/git-sync-service/internal/service/repo_service.go:213.16,215.3 1 0
github.com/yi-nology/git-sync-service/internal/service/repo_service.go:217.2,218.16 2 0
github.com/yi-nology/git-sync-service/internal/service/repo_service.go:218.16,220.3 1 0
github.com/yi-nology/git-sync-service/internal/service/repo_service.go:222.2,222.93 1 0
github.com/yi-nology/git-sync-service/internal/service/repo_service.go:226.92,228.16 2 0
github.com/yi-nology/git-sync-service/internal/service/repo_service.go:228.16,230.3 1 0
github.com/yi-nology/git-sync-service/internal/service/repo_service.go:231.2,231.17 1 0
github.com/yi-nology/git-sync-service/internal/service/repo_service.go:231.17,233.3 1 0
github.com/yi-nology/git-sync-service/internal/service/repo_service.go:235.2,236.16 2 0
github.com/yi-nology/git-sync-service/internal/service/repo_service.go:236.16,238.3 1 0
github.com/yi-nology/git-sync-service/internal/service/repo_service.go:240.2,241.16 2 0
github.com/yi-nology/git-sync-service/internal/service/repo_service.go:241.16,243.3 1 0
github.com/yi-nology/git-sync-service/internal/service/repo_service.go:245.2,246.29 2 0
github.com/yi-nology/git-sync-service/internal/service/repo_service.go:246.29,248.3 1 0
github.com/yi-nology/git-sync-service/internal/service/repo_service.go:250.2,250.20 1 0
github.com/yi-nology/git-sync-service/internal/service/service.go:46.48,48.16 2 0
github.com/yi-nology/git-sync-service/internal/service/service.go:48.16,50.3 1 0
github.com/yi-nology/git-sync-service/internal/service/service.go:52.2,53.16 2 0
github.com/yi-nology/git-sync-service/internal/service/service.go:53.16,55.3 1 0
github.com/yi-nology/git-sync-service/internal/service/service.go:56.2,59.60 3 0
github.com/yi-nology/git-sync-service/internal/service/service.go:59.60,61.3 1 0
github.com/yi-nology/git-sync-service/internal/service/service.go:63.2,64.16 2 0
github.com/yi-nology/git-sync-service/internal/service/service.go:64.16,66.3 1 0
github.com/yi-nology/git-sync-service/internal/service/service.go:68.2,75.16 8 0
github.com/yi-nology/git-sync-service/internal/service/service.go:75.16,77.3 1 0
github.com/yi-nology/git-sync-service/internal/service/service.go:78.2,105.16 10 0
github.com/yi-nology/git-sync-service/internal/service/service.go:105.16,107.3 1 0
github.com/yi-nology/git-sync-service/internal/service/service.go:108.2,111.16 3 0
github.com/yi-nology/git-sync-service/internal/service/service.go:111.16,113.3 1 0
github.com/yi-nology/git-sync-service/internal/service/service.go:114.2,118.17 3 0
github.com/yi-nology/git-sync-service/internal/service/service.go:121.33,123.2 1 0
github.com/yi-nology/git-sync-service/internal/service/service.go:125.26,133.12 5 0
github.com/yi-nology/git-sync-service/internal/service/service.go:133.12,136.3 2 0
github.com/yi-nology/git-sync-service/internal/service/service.go:137.2,137.9 1 0
github.com/yi-nology/git-sync-service/internal/service/service.go:138.14,139.49 1 0
github.com/yi-nology/git-sync-service/internal/service/service.go:140.38,141.65 1 0
github.com/yi-nology/git-sync-service/internal/service/service.go:145.2,145.20 1 0
github.com/yi-nology/git-sync-service/internal/service/service.go:145.20,146.41 1 0
github.com/yi-nology/git-sync-service/internal/service/service.go:146.41,148.4 1 0
github.com/yi-nology/git-sync-service/internal/service/service.go:152.53,154.2 1 1
github.com/yi-nology/git-sync-service/internal/service/service.go:156.45,158.2 1 1
github.com/yi-nology/git-sync-service/internal/service/service.go:160.38,162.2 1 1
github.com/yi-nology/git-sync-service/internal/service/service.go:165.113,167.2 1 0
github.com/yi-nology/git-sync-service/internal/service/service.go:170.64,172.2 1 0
github.com/yi-nology/git-sync-service/internal/service/service.go:175.64,177.2 1 0
github.com/yi-nology/git-sync-service/internal/service/service.go:180.57,182.2 1 0
github.com/yi-nology/git-sync-service/internal/service/service.go:185.85,187.2 1 0
github.com/yi-nology/git-sync-service/internal/service/service.go:190.65,192.2 1 0
github.com/yi-nology/git-sync-service/internal/service/service.go:195.69,197.2 1 0
github.com/yi-nology/git-sync-service/internal/service/service.go:201.51,210.16 3 0
github.com/yi-nology/git-sync-service/internal/service/service.go:210.16,212.3 1 0
github.com/yi-nology/git-sync-service/internal/service/service.go:212.8,212.44 1 0
github.com/yi-nology/git-sync-service/internal/service/service.go:212.44,214.3 1 0
github.com/yi-nology/git-sync-service/internal/service/service.go:217.2,217.31 1 0
github.com/yi-nology/git-sync-service/internal/service/service.go:217.31,219.3 1 0
github.com/yi-nology/git-sync-service/internal/service/service.go:219.8,221.3 1 0
github.com/yi-nology/git-sync-service/internal/service/service.go:223.2,223.15 1 0
github.com/yi-nology/git-sync-service/internal/service/service.go:229.87,231.2 1 0
github.com/yi-nology/git-sync-service/internal/service/service.go:234.89,236.2 1 0
github.com/yi-nology/git-sync-service/internal/service/service.go:239.81,241.2 1 0
github.com/yi-nology/git-sync-service/internal/service/service.go:244.87,246.2 1 0
github.com/yi-nology/git-sync-service/internal/service/service.go:249.73,251.2 1 0
github.com/yi-nology/git-sync-service/internal/service/service.go:254.77,256.2 1 0
github.com/yi-nology/git-sync-service/internal/service/service.go:259.99,261.2 1 0
github.com/yi-nology/git-sync-service/internal/service/service.go:264.114,266.2 1 0
github.com/yi-nology/git-sync-service/internal/service/service.go:269.118,271.2 1 0
github.com/yi-nology/git-sync-service/internal/service/service.go:274.83,276.2 1 0
github.com/yi-nology/git-sync-service/internal/service/service.go:279.103,281.2 1 0
github.com/yi-nology/git-sync-service/internal/service/service.go:286.89,288.2 1 0
github.com/yi-nology/git-sync-service/internal/service/service.go:291.144,293.2 1 0
github.com/yi-nology/git-sync-service/internal/service/service.go:296.93,298.2 1 0
github.com/yi-nology/git-sync-service/internal/service/task.go:13.119,15.2 1 1
github.com/yi-nology/git-sync-service/internal/service/task.go:18.85,20.2 1 1
github.com/yi-nology/git-sync-service/internal/service/task.go:22.106,24.16 2 1
github.com/yi-nology/git-sync-service/internal/service/task.go:24.16,26.3 1 0
github.com/yi-nology/git-sync-service/internal/service/task.go:28.2,28.21 1 1
github.com/yi-nology/git-sync-service/internal/service/task.go:28.21,29.44 1 1
github.com/yi-nology/git-sync-service/internal/service/task.go:29.44,31.4 1 0
github.com/yi-nology/git-sync-service/internal/service/task.go:34.2,34.18 1 1
github.com/yi-nology/git-sync-service/internal/service/task.go:37.106,39.16 2 1
github.com/yi-nology/git-sync-service/internal/service/task.go:39.16,41.3 1 1
github.com/yi-nology/git-sync-service/internal/service/task.go:43.2,43.37 1 1
github.com/yi-nology/git-sync-service/internal/service/task.go:43.37,44.44 1 0
github.com/yi-nology/git-sync-service/internal/service/task.go:44.44,46.4 1 0
github.com/yi-nology/git-sync-service/internal/service/task.go:47.8,49.3 1 1
github.com/yi-nology/git-sync-service/internal/service/task.go:51.2,51.18 1 1
github.com/yi-nology/git-sync-service/internal/service/task.go:54.69,56.53 2 1
github.com/yi-nology/git-sync-service/internal/service/task.go:56.53,58.3 1 0
github.com/yi-nology/git-sync-service/internal/service/task.go:60.2,60.56 1 1
github.com/yi-nology/git-sync-service/internal/service/task.go:60.56,62.3 1 0
github.com/yi-nology/git-sync-service/internal/service/task.go:63.2,63.12 1 1
github.com/yi-nology/git-sync-service/internal/service/task.go:66.70,68.2 1 0
github.com/yi-nology/git-sync-service/internal/service/task.go:71.66,73.2 1 0
github.com/yi-nology/git-sync-service/internal/service/task.go:75.112,77.16 2 0
github.com/yi-nology/git-sync-service/internal/service/task.go:77.16,79.3 1 0
github.com/yi-nology/git-sync-service/internal/service/task.go:80.2,80.17 1 0
github.com/yi-nology/git-sync-service/internal/service/task.go:80.17,82.3 1 0
github.com/yi-nology/git-sync-service/internal/service/task.go:85.2,85.19 1 0
github.com/yi-nology/git-sync-service/internal/service/task.go:85.19,87.3 1 0
github.com/yi-nology/git-sync-service/internal/service/task.go:91.2,92.16 2 0
github.com/yi-nology/git-sync-service/internal/service/task.go:92.16,94.3 1 0
github.com/yi-nology/git-sync-service/internal/service/task.go:95.2,98.12 3 0
github.com/yi-nology/git-sync-service/internal/service/task.go:102.117,104.2 1 1
github.com/yi-nology/git-sync-service/internal/service/task.go:107.120,109.2 1 1
github.com/yi-nology/git-sync-service/internal/service/task.go:112.69,114.2 1 1
github.com/yi-nology/git-sync-service/internal/service/task_service.go:21.138,28.2 1 1
github.com/yi-nology/git-sync-service/internal/service/task_service.go:31.124,33.19 2 1
github.com/yi-nology/git-sync-service/internal/service/task_service.go:33.19,35.3 1 0
github.com/yi-nology/git-sync-service/internal/service/task_service.go:36.2,36.33 1 1
github.com/yi-nology/git-sync-service/internal/service/task_service.go:40.71,42.2 1 1
github.com/yi-nology/git-sync-service/internal/service/task_service.go:45.90,47.2 1 1
github.com/yi-nology/git-sync-service/internal/service/task_service.go:50.111,67.48 2 1
github.com/yi-nology/git-sync-service/internal/service/task_service.go:67.48,69.3 1 0
github.com/yi-nology/git-sync-service/internal/service/task_service.go:71.2,71.18 1 1
github.com/yi-nology/git-sync-service/internal/service/task_service.go:75.111,77.16 2 1
github.com/yi-nology/git-sync-service/internal/service/task_service.go:77.16,79.3 1 0
github.com/yi-nology/git-sync-service/internal/service/task_service.go:80.2,80.17 1 1
github.com/yi-nology/git-sync-service/internal/service/task_service.go:80.17,82.3 1 1
github.com/yi-nology/git-sync-service/internal/service/task_service.go:84.2,84.20 1 1
github.com/yi-nology/git-sync-service/internal/service/task_service.go:84.20,86.3 1 1
github.com/yi-nology/git-sync-service/internal/service/task_service.go:87.2,87.28 1 1
github.com/yi-nology/git-sync-service/internal/service/task_service.go:87.28,89.3 1 1
github.com/yi-nology/git-sync-service/internal/service/task_service.go:90.2,90.28 1 1
github.com/yi-nology/git-sync-service/internal/service/task_service.go:90.28,92.3 1 1
github.com/yi-nology/git-sync-service/internal/service/task_service.go:93.2,93.24 1 1
github.com/yi-nology/git-sync-service/internal/service/task_service.go:93.24,95.3 1 0
github.com/yi-nology/git-sync-service/internal/service/task_service.go:96.2,96.20 1 1
github.com/yi-nology/git-sync-service/internal/service/task_service.go:96.20,98.3 1 0
github.com/yi-nology/git-sync-service/internal/service/task_service.go:99.2,104.48 5 1
github.com/yi-nology/git-sync-service/internal/service/task_service.go:104.48,106.3 1 0
github.com/yi-nology/git-sync-service/internal/service/task_service.go:108.2,108.18 1 1
github.com/yi-nology/git-sync-service/internal/service/task_service.go:112.74,114.2 1 1
github.com/yi-nology/git-sync-service/internal/service/task_service.go:117.122,119.16 2 1
github.com/yi-nology/git-sync-service/internal/service/task_service.go:119.16,121.3 1 0
github.com/yi-nology/git-sync-service/internal/service/task_service.go:122.2,123.16 2 1
github.com/yi-nology/git-sync-service/internal/service/task_service.go:123.16,125.3 1 0
github.com/yi-nology/git-sync-service/internal/service/task_service.go:127.2,132.44 2 1
github.com/yi-nology/git-sync-service/internal/service/task_service.go:132.44,136.3 3 1
github.com/yi-nology/git-sync-service/internal/service/task_service.go:138.2,140.20 3 1
github.com/yi-nology/git-sync-service/internal/service/task_service.go:144.125,147.2 2 1
github.com/yi-nology/git-sync-service/internal/service/task_service.go:150.74,152.2 1 1
github.com/yi-nology/git-sync-service/internal/service/task_service.go:155.73,157.2 1 1
github.com/yi-nology/git-sync-service/internal/service/task_service.go:160.75,162.2 1 1
github.com/yi-nology/git-sync-service/internal/service/task_service.go:165.76,167.2 1 1
github.com/yi-nology/git-sync-service/internal/service/task_service.go:170.80,172.2 1 1
github.com/yi-nology/git-sync-service/internal/service/task_service.go:175.118,183.46 2 1
github.com/yi-nology/git-sync-service/internal/service/task_service.go:183.46,185.3 1 0
github.com/yi-nology/git-sync-service/internal/service/task_service.go:186.2,186.17 1 1
github.com/yi-nology/git-sync-service/internal/service/task_service.go:190.69,192.2 1 1
github.com/yi-nology/git-sync-service/internal/service/task_service.go:195.69,197.2 1 1
github.com/yi-nology/git-sync-service/internal/service/task_service.go:200.62,202.2 1 1
github.com/yi-nology/git-sync-service/internal/service/task_service.go:205.90,209.2 3 1
github.com/yi-nology/git-sync-service/internal/service/webhook.go:15.96,17.16 2 0
github.com/yi-nology/git-sync-service/internal/service/webhook.go:17.16,19.3 1 0
github.com/yi-nology/git-sync-service/internal/service/webhook.go:20.2,20.17 1 0
github.com/yi-nology/git-sync-service/internal/service/webhook.go:20.17,22.3 1 0
github.com/yi-nology/git-sync-service/internal/service/webhook.go:25.2,26.16 2 0
github.com/yi-nology/git-sync-service/internal/service/webhook.go:26.16,28.3 1 0
github.com/yi-nology/git-sync-service/internal/service/webhook.go:30.2,30.79 1 0
github.com/yi-nology/git-sync-service/internal/service/webhook.go:30.79,32.3 1 0
github.com/yi-nology/git-sync-service/internal/service/webhook.go:34.2,35.16 2 0
github.com/yi-nology/git-sync-service/internal/service/webhook.go:35.16,37.3 1 0
github.com/yi-nology/git-sync-service/internal/service/webhook.go:39.2,40.59 2 0
github.com/yi-nology/git-sync-service/internal/service/webhook.go:40.59,42.3 1 0
github.com/yi-nology/git-sync-service/internal/service/webhook.go:43.2,43.21 1 0
github.com/yi-nology/git-sync-service/internal/service/webhook.go:43.21,45.3 1 0
github.com/yi-nology/git-sync-service/internal/service/webhook.go:47.2,48.24 2 0
github.com/yi-nology/git-sync-service/internal/service/webhook.go:48.24,50.3 1 0
github.com/yi-nology/git-sync-service/internal/service/webhook.go:52.2,64.63 2 0
github.com/yi-nology/git-sync-service/internal/service/webhook.go:64.63,66.68 1 0
github.com/yi-nology/git-sync-service/internal/service/webhook.go:66.68,68.4 1 0
github.com/yi-nology/git-sync-service/internal/service/webhook.go:69.3,69.13 1 0
github.com/yi-nology/git-sync-service/internal/service/webhook.go:72.2,73.12 2 0
github.com/yi-nology/git-sync-service/internal/service/webhook.go:73.12,76.3 2 0
github.com/yi-nology/git-sync-service/internal/service/webhook.go:78.2,78.12 1 0
github.com/yi-nology/git-sync-service/internal/service/webhook.go:81.98,82.15 1 1
github.com/yi-nology/git-sync-service/internal/service/webhook.go:82.15,83.31 1 1
github.com/yi-nology/git-sync-service/internal/service/webhook.go:83.31,85.4 1 0
github.com/yi-nology/git-sync-service/internal/service/webhook.go:87.2,87.35 1 1
github.com/yi-nology/git-sync-service/internal/service/webhook.go:90.94,92.144 2 1
github.com/yi-nology/git-sync-service/internal/service/webhook.go:92.144,94.3 1 0
github.com/yi-nology/git-sync-service/internal/service/webhook.go:97.71,99.16 2 1
github.com/yi-nology/git-sync-service/internal/service/webhook.go:99.16,101.3 1 1
github.com/yi-nology/git-sync-service/internal/service/webhook.go:103.2,104.12 2 1
github.com/yi-nology/git-sync-service/internal/service/webhook.go:104.12,107.62 3 1
github.com/yi-nology/git-sync-service/internal/service/webhook.go:107.62,109.4 1 0
github.com/yi-nology/git-sync-service/internal/service/webhook.go:111.2,111.12 1 1
github.com/yi-nology/git-sync-service/internal/service/webhook.go:115.96,117.2 1 1
github.com/yi-nology/git-sync-service/internal/service/webhook.go:120.85,122.2 1 1
github.com/yi-nology/git-sync-service/internal/service/webhook.go:125.109,127.2 1 1
github.com/yi-nology/git-sync-service/internal/service/webhook.go:130.109,132.2 1 1
github.com/yi-nology/git-sync-service/internal/service/webhook.go:135.66,137.2 1 1
github.com/yi-nology/git-sync-service/internal/service/webhook.go:140.124,142.2 1 1
github.com/yi-nology/git-sync-service/internal/service/webhook.go:146.50,148.2 1 1
github.com/yi-nology/git-sync-service/internal/service/webhook_register.go:14.152,16.16 2 1
github.com/yi-nology/git-sync-service/internal/service/webhook_register.go:16.16,18.3 1 0
github.com/yi-nology/git-sync-service/internal/service/webhook_register.go:19.2,19.17 1 1
github.com/yi-nology/git-sync-service/internal/service/webhook_register.go:19.17,21.3 1 1
github.com/yi-nology/git-sync-service/internal/service/webhook_register.go:23.2,24.16 2 1
github.com/yi-nology/git-sync-service/internal/service/webhook_register.go:24.16,26.3 1 0
github.com/yi-nology/git-sync-service/internal/service/webhook_register.go:28.2,28.22 1 1
github.com/yi-nology/git-sync-service/internal/service/webhook_register.go:28.22,30.3 1 1
github.com/yi-nology/git-sync-service/internal/service/webhook_register.go:32.2,39.16 2 1
github.com/yi-nology/git-sync-service/internal/service/webhook_register.go:39.16,41.3 1 0
github.com/yi-nology/git-sync-service/internal/service/webhook_register.go:43.2,43.18 1 1
github.com/yi-nology/git-sync-service/internal/service/webhook_register.go:43.18,44.67 1 1
github.com/yi-nology/git-sync-service/internal/service/webhook_register.go:44.67,47.4 1 0
github.com/yi-nology/git-sync-service/internal/service/webhook_register.go:50.2,50.16 1 1
github.com/yi-nology/git-sync-service/internal/service/webhook_register.go:54.113,56.16 2 1
github.com/yi-nology/git-sync-service/internal/service/webhook_register.go:56.16,58.3 1 0
github.com/yi-nology/git-sync-service/internal/service/webhook_register.go:59.2,59.17 1 1
github.com/yi-nology/git-sync-service/internal/service/webhook_register.go:59.17,61.3 1 0
github.com/yi-nology/git-sync-service/internal/service/webhook_register.go:63.2,64.16 2 1
github.com/yi-nology/git-sync-service/internal/service/webhook_register.go:64.16,66.3 1 0
github.com/yi-nology/git-sync-service/internal/service/webhook_register.go:68.2,68.70 1 1
github.com/yi-nology/git-sync-service/internal/service/webhook_register.go:72.101,74.16 2 1
github.com/yi-nology/git-sync-service/internal/service/webhook_register.go:74.16,76.3 1 0
github.com/yi-nology/git-sync-service/internal/service/webhook_register.go:77.2,77.17 1 1
github.com/yi-nology/git-sync-service/internal/service/webhook_register.go:77.17,79.3 1 0
github.com/yi-nology/git-sync-service/internal/service/webhook_register.go:81.2,82.16 2 1
github.com/yi-nology/git-sync-service/internal/service/webhook_register.go:82.16,84.3 1 0
github.com/yi-nology/git-sync-service/internal/service/webhook_register.go:86.2,86.82 1 1
github.com/yi-nology/git-sync-service/internal/service/webhook_service.go:23.122,29.2 1 1
github.com/yi-nology/git-sync-service/internal/service/webhook_service.go:32.104,34.2 1 1
github.com/yi-nology/git-sync-service/internal/service/webhook_service.go:37.93,39.2 1 1
github.com/yi-nology/git-sync-service/internal/service/webhook_service.go:42.117,55.48 3 1
github.com/yi-nology/git-sync-service/internal/service/webhook_service.go:55.48,57.3 1 0
github.com/yi-nology/git-sync-service/internal/service/webhook_service.go:59.2,59.18 1 1
github.com/yi-nology/git-sync-service/internal/service/webhook_service.go:63.117,65.16 2 1
github.com/yi-nology/git-sync-service/internal/service/webhook_service.go:65.16,67.3 1 0
github.com/yi-nology/git-sync-service/internal/service/webhook_service.go:68.2,68.17 1 1
github.com/yi-nology/git-sync-service/internal/service/webhook_service.go:68.17,70.3 1 1
github.com/yi-nology/git-sync-service/internal/service/webhook_service.go:72.2,72.20 1 1
github.com/yi-nology/git-sync-service/internal/service/webhook_service.go:72.20,74.3 1 1
github.com/yi-nology/git-sync-service/internal/service/webhook_service.go:75.2,75.25 1 1
github.com/yi-nology/git-sync-service/internal/service/webhook_service.go:75.25,77.3 1 1
github.com/yi-nology/git-sync-service/internal/service/webhook_service.go:78.2,79.22 2 1
github.com/yi-nology/git-sync-service/internal/service/webhook_service.go:79.22,81.3 1 1
github.com/yi-nology/git-sync-service/internal/service/webhook_service.go:82.2,82.25 1 1
github.com/yi-nology/git-sync-service/internal/service/webhook_service.go:82.25,84.3 1 0
github.com/yi-nology/git-sync-service/internal/service/webhook_service.go:85.2,85.25 1 1
github.com/yi-nology/git-sync-service/internal/service/webhook_service.go:85.25,87.3 1 1
github.com/yi-nology/git-sync-service/internal/service/webhook_service.go:88.2,91.48 3 1
github.com/yi-nology/git-sync-service/internal/service/webhook_service.go:91.48,93.3 1 0
github.com/yi-nology/git-sync-service/internal/service/webhook_service.go:95.2,95.18 1 1
github.com/yi-nology/git-sync-service/internal/service/webhook_service.go:99.74,101.2 1 1
github.com/yi-nology/git-sync-service/internal/service/webhook_service.go:104.132,107.2 2 1
github.com/yi-nology/git-sync-service/internal/service/webhook_service.go:110.111,112.16 2 1
github.com/yi-nology/git-sync-service/internal/service/webhook_service.go:112.16,114.3 1 0
github.com/yi-nology/git-sync-service/internal/service/webhook_service.go:115.2,115.18 1 1
github.com/yi-nology/git-sync-service/internal/service/webhook_service.go:115.18,117.3 1 1
github.com/yi-nology/git-sync-service/internal/service/webhook_service.go:118.2,119.50 2 1
github.com/yi-nology/git-sync-service/internal/service/webhook_service.go:119.50,121.3 1 0
github.com/yi-nology/git-sync-service/internal/service/webhook_service.go:122.2,122.19 1 1
github.com/yi-nology/git-sync-service/internal/service/webhook_service.go:126.79,130.50 4 1
github.com/yi-nology/git-sync-service/internal/service/webhook_service.go:130.50,133.3 2 0
github.com/yi-nology/git-sync-service/internal/service/webhook_service.go:134.2,134.12 1 1
github.com/yi-nology/git-sync-service/internal/service/webhook_service.go:138.91,140.2 1 1
github.com/yi-nology/git-sync-service/internal/service/webhook_service.go:143.79,145.2 1 1
github.com/yi-nology/git-sync-service/internal/service/webhook_service.go:148.241,150.16 2 1
github.com/yi-nology/git-sync-service/internal/service/webhook_service.go:150.16,153.3 2 0
github.com/yi-nology/git-sync-service/internal/service/webhook_service.go:155.2,155.29 1 1
github.com/yi-nology/git-sync-service/internal/service/webhook_service.go:155.29,156.20 1 1
github.com/yi-nology/git-sync-service/internal/service/webhook_service.go:156.20,157.12 1 1
github.com/yi-nology/git-sync-service/internal/service/webhook_service.go:160.3,160.55 1 1
github.com/yi-nology/git-sync-service/internal/service/webhook_service.go:160.55,161.12 1 1
github.com/yi-nology/git-sync-service/internal/service/webhook_service.go:164.3,164.64 1 1
github.com/yi-nology/git-sync-service/internal/service/webhook_service.go:164.64,165.12 1 1
github.com/yi-nology/git-sync-service/internal/service/webhook_service.go:168.3,168.38 1 1
github.com/yi-nology/git-sync-service/internal/service/webhook_service.go:168.38,170.37 2 1
github.com/yi-nology/git-sync-service/internal/service/webhook_service.go:170.37,171.22 1 1
github.com/yi-nology/git-sync-service/internal/service/webhook_service.go:171.22,172.14 1 0
github.com/yi-nology/git-sync-service/internal/service/webhook_service.go:174.5,174.29 1 1
github.com/yi-nology/git-sync-service/internal/service/webhook_service.go:174.29,176.55 2 1
github.com/yi-nology/git-sync-service/internal/service/webhook_service.go:176.55,177.107 1 0
github.com/yi-nology/git-sync-service/internal/service/webhook_service.go:177.107,179.16 2 0
github.com/yi-nology/git-sync-service/internal/service/webhook_service.go:182.6,182.44 1 1
github.com/yi-nology/git-sync-service/internal/service/webhook_service.go:184.5,184.89 1 1
github.com/yi-nology/git-sync-service/internal/service/webhook_service.go:184.89,186.6 1 0
github.com/yi-nology/git-sync-service/internal/service/webhook_service.go:193.79,195.2 1 1
github.com/yi-nology/git-sync-service/internal/service/webhook_service.go:198.81,200.2 1 1
github.com/yi-nology/git-sync-service/sync/service.go:12.48,14.2 1 0
github.com/yi-nology/git-sync-service/sync/service.go:16.47,18.2 1 0
